{"/Users/arming/WebstormProjects/wolkenkratzer/newtests/conditional.spec.js":{"path":"/Users/arming/WebstormProjects/wolkenkratzer/newtests/conditional.spec.js","statementMap":{"0":{"start":{"line":7,"column":13},"end":{"line":7,"column":28}},"1":{"start":{"line":8,"column":12},"end":{"line":8,"column":26}},"2":{"start":{"line":10,"column":17},"end":{"line":10,"column":36}},"3":{"start":{"line":11,"column":11},"end":{"line":11,"column":53}},"4":{"start":{"line":13,"column":11},"end":{"line":13,"column":55}},"5":{"start":{"line":15,"column":0},"end":{"line":49,"column":3}},"6":{"start":{"line":16,"column":10},"end":{"line":16,"column":27}},"7":{"start":{"line":18,"column":22},"end":{"line":21,"column":4}},"8":{"start":{"line":22,"column":2},"end":{"line":22,"column":23}},"9":{"start":{"line":24,"column":12},"end":{"line":24,"column":33}},"10":{"start":{"line":25,"column":2},"end":{"line":25,"column":35}},"11":{"start":{"line":26,"column":2},"end":{"line":26,"column":34}},"12":{"start":{"line":27,"column":2},"end":{"line":27,"column":30}},"13":{"start":{"line":28,"column":2},"end":{"line":28,"column":32}},"14":{"start":{"line":29,"column":2},"end":{"line":29,"column":13}},"15":{"start":{"line":31,"column":19},"end":{"line":31,"column":54}},"16":{"start":{"line":32,"column":2},"end":{"line":32,"column":30}},"17":{"start":{"line":33,"column":2},"end":{"line":33,"column":20}},"18":{"start":{"line":35,"column":19},"end":{"line":35,"column":64}},"19":{"start":{"line":36,"column":2},"end":{"line":36,"column":20}},"20":{"start":{"line":38,"column":29},"end":{"line":38,"column":84}},"21":{"start":{"line":39,"column":2},"end":{"line":39,"column":57}},"22":{"start":{"line":40,"column":2},"end":{"line":40,"column":38}},"23":{"start":{"line":41,"column":2},"end":{"line":41,"column":52}},"24":{"start":{"line":42,"column":2},"end":{"line":42,"column":30}},"25":{"start":{"line":44,"column":2},"end":{"line":48,"column":3}},"26":{"start":{"line":45,"column":4},"end":{"line":45,"column":15}},"27":{"start":{"line":47,"column":4},"end":{"line":47,"column":157}},"28":{"start":{"line":51,"column":0},"end":{"line":98,"column":3}},"29":{"start":{"line":52,"column":10},"end":{"line":52,"column":27}},"30":{"start":{"line":53,"column":15},"end":{"line":53,"column":41}},"31":{"start":{"line":54,"column":2},"end":{"line":54,"column":16}},"32":{"start":{"line":56,"column":17},"end":{"line":56,"column":48}},"33":{"start":{"line":57,"column":2},"end":{"line":57,"column":33}},"34":{"start":{"line":58,"column":2},"end":{"line":58,"column":18}},"35":{"start":{"line":60,"column":21},"end":{"line":60,"column":75}},"36":{"start":{"line":61,"column":2},"end":{"line":61,"column":37}},"37":{"start":{"line":62,"column":2},"end":{"line":62,"column":41}},"38":{"start":{"line":63,"column":2},"end":{"line":63,"column":22}},"39":{"start":{"line":65,"column":15},"end":{"line":65,"column":43}},"40":{"start":{"line":66,"column":18},"end":{"line":66,"column":52}},"41":{"start":{"line":68,"column":2},"end":{"line":68,"column":29}},"42":{"start":{"line":69,"column":19},"end":{"line":69,"column":50}},"43":{"start":{"line":70,"column":2},"end":{"line":97,"column":5}},"44":{"start":{"line":100,"column":0},"end":{"line":148,"column":3}},"45":{"start":{"line":101,"column":10},"end":{"line":101,"column":27}},"46":{"start":{"line":102,"column":15},"end":{"line":102,"column":41}},"47":{"start":{"line":103,"column":2},"end":{"line":103,"column":16}},"48":{"start":{"line":105,"column":17},"end":{"line":105,"column":48}},"49":{"start":{"line":106,"column":2},"end":{"line":106,"column":33}},"50":{"start":{"line":107,"column":2},"end":{"line":107,"column":18}},"51":{"start":{"line":109,"column":21},"end":{"line":109,"column":75}},"52":{"start":{"line":110,"column":2},"end":{"line":110,"column":37}},"53":{"start":{"line":111,"column":2},"end":{"line":111,"column":41}},"54":{"start":{"line":112,"column":2},"end":{"line":112,"column":22}},"55":{"start":{"line":114,"column":15},"end":{"line":114,"column":43}},"56":{"start":{"line":115,"column":18},"end":{"line":115,"column":52}},"57":{"start":{"line":117,"column":2},"end":{"line":117,"column":35}},"58":{"start":{"line":118,"column":19},"end":{"line":118,"column":50}},"59":{"start":{"line":119,"column":2},"end":{"line":147,"column":5}},"60":{"start":{"line":150,"column":0},"end":{"line":197,"column":3}},"61":{"start":{"line":151,"column":10},"end":{"line":151,"column":27}},"62":{"start":{"line":152,"column":15},"end":{"line":152,"column":41}},"63":{"start":{"line":153,"column":2},"end":{"line":153,"column":16}},"64":{"start":{"line":155,"column":17},"end":{"line":155,"column":48}},"65":{"start":{"line":156,"column":2},"end":{"line":156,"column":33}},"66":{"start":{"line":157,"column":2},"end":{"line":157,"column":18}},"67":{"start":{"line":159,"column":21},"end":{"line":159,"column":75}},"68":{"start":{"line":160,"column":2},"end":{"line":160,"column":37}},"69":{"start":{"line":161,"column":2},"end":{"line":161,"column":41}},"70":{"start":{"line":162,"column":2},"end":{"line":162,"column":22}},"71":{"start":{"line":164,"column":15},"end":{"line":164,"column":43}},"72":{"start":{"line":165,"column":18},"end":{"line":165,"column":52}},"73":{"start":{"line":167,"column":2},"end":{"line":167,"column":33}},"74":{"start":{"line":168,"column":19},"end":{"line":168,"column":50}},"75":{"start":{"line":169,"column":2},"end":{"line":196,"column":5}},"76":{"start":{"line":199,"column":0},"end":{"line":247,"column":3}},"77":{"start":{"line":200,"column":10},"end":{"line":200,"column":27}},"78":{"start":{"line":201,"column":15},"end":{"line":201,"column":41}},"79":{"start":{"line":202,"column":2},"end":{"line":202,"column":16}},"80":{"start":{"line":204,"column":17},"end":{"line":204,"column":48}},"81":{"start":{"line":205,"column":2},"end":{"line":205,"column":33}},"82":{"start":{"line":206,"column":2},"end":{"line":206,"column":18}},"83":{"start":{"line":208,"column":21},"end":{"line":208,"column":75}},"84":{"start":{"line":209,"column":2},"end":{"line":209,"column":37}},"85":{"start":{"line":210,"column":2},"end":{"line":210,"column":41}},"86":{"start":{"line":211,"column":2},"end":{"line":211,"column":22}},"87":{"start":{"line":213,"column":15},"end":{"line":213,"column":43}},"88":{"start":{"line":214,"column":18},"end":{"line":214,"column":52}},"89":{"start":{"line":216,"column":2},"end":{"line":216,"column":39}},"90":{"start":{"line":217,"column":19},"end":{"line":217,"column":50}},"91":{"start":{"line":218,"column":2},"end":{"line":246,"column":5}},"92":{"start":{"line":249,"column":0},"end":{"line":260,"column":3}},"93":{"start":{"line":250,"column":10},"end":{"line":250,"column":27}},"94":{"start":{"line":251,"column":15},"end":{"line":251,"column":41}},"95":{"start":{"line":252,"column":2},"end":{"line":252,"column":16}},"96":{"start":{"line":253,"column":15},"end":{"line":253,"column":43}},"97":{"start":{"line":255,"column":16},"end":{"line":257,"column":4}},"98":{"start":{"line":256,"column":4},"end":{"line":256,"column":29}},"99":{"start":{"line":259,"column":2},"end":{"line":259,"column":117}},"100":{"start":{"line":262,"column":0},"end":{"line":268,"column":3}},"101":{"start":{"line":263,"column":2},"end":{"line":267,"column":5}},"102":{"start":{"line":264,"column":12},"end":{"line":264,"column":33}},"103":{"start":{"line":265,"column":21},"end":{"line":265,"column":52}},"104":{"start":{"line":266,"column":4},"end":{"line":266,"column":37}}},"fnMap":{"0":{"name":"(anonymous_0)","decl":{"start":{"line":15,"column":110},"end":{"line":15,"column":111}},"loc":{"start":{"line":15,"column":118},"end":{"line":49,"column":1}}},"1":{"name":"(anonymous_1)","decl":{"start":{"line":51,"column":75},"end":{"line":51,"column":76}},"loc":{"start":{"line":51,"column":83},"end":{"line":98,"column":1}}},"2":{"name":"(anonymous_2)","decl":{"start":{"line":100,"column":56},"end":{"line":100,"column":57}},"loc":{"start":{"line":100,"column":64},"end":{"line":148,"column":1}}},"3":{"name":"(anonymous_3)","decl":{"start":{"line":150,"column":63},"end":{"line":150,"column":64}},"loc":{"start":{"line":150,"column":71},"end":{"line":197,"column":1}}},"4":{"name":"(anonymous_4)","decl":{"start":{"line":199,"column":66},"end":{"line":199,"column":67}},"loc":{"start":{"line":199,"column":74},"end":{"line":247,"column":1}}},"5":{"name":"(anonymous_5)","decl":{"start":{"line":249,"column":58},"end":{"line":249,"column":59}},"loc":{"start":{"line":249,"column":66},"end":{"line":260,"column":1}}},"6":{"name":"(anonymous_6)","decl":{"start":{"line":255,"column":28},"end":{"line":255,"column":29}},"loc":{"start":{"line":255,"column":34},"end":{"line":257,"column":3}}},"7":{"name":"(anonymous_7)","decl":{"start":{"line":262,"column":61},"end":{"line":262,"column":62}},"loc":{"start":{"line":262,"column":69},"end":{"line":268,"column":1}}},"8":{"name":"(anonymous_8)","decl":{"start":{"line":263,"column":90},"end":{"line":263,"column":91}},"loc":{"start":{"line":263,"column":98},"end":{"line":267,"column":3}}}},"branchMap":{},"s":{"0":1,"1":1,"2":1,"3":1,"4":1,"5":1,"6":1,"7":1,"8":1,"9":1,"10":1,"11":1,"12":1,"13":1,"14":1,"15":1,"16":1,"17":1,"18":1,"19":1,"20":1,"21":1,"22":1,"23":1,"24":1,"25":1,"26":1,"27":0,"28":1,"29":1,"30":1,"31":1,"32":1,"33":1,"34":1,"35":1,"36":1,"37":1,"38":1,"39":1,"40":1,"41":1,"42":1,"43":1,"44":1,"45":1,"46":1,"47":1,"48":1,"49":1,"50":1,"51":1,"52":1,"53":1,"54":1,"55":1,"56":1,"57":1,"58":1,"59":1,"60":1,"61":1,"62":1,"63":1,"64":1,"65":1,"66":1,"67":1,"68":1,"69":1,"70":1,"71":1,"72":1,"73":1,"74":1,"75":1,"76":1,"77":1,"78":1,"79":1,"80":1,"81":1,"82":1,"83":1,"84":1,"85":1,"86":1,"87":1,"88":1,"89":1,"90":1,"91":1,"92":1,"93":1,"94":1,"95":1,"96":1,"97":1,"98":1,"99":1,"100":1,"101":1,"102":1,"103":1,"104":1},"f":{"0":1,"1":1,"2":1,"3":1,"4":1,"5":1,"6":1,"7":1,"8":1},"b":{},"_coverageSchema":"332fd63041d2c1bcb487cc26dd0d5f7d97098a6c","hash":"33d09d7856e617b0e4cb4d87ccdf1399b6860d2b","contentHash":"5e12845ca315e2360a9844d729e7686e_10.1.2"},"/Users/arming/WebstormProjects/wolkenkratzer/index.js":{"path":"/Users/arming/WebstormProjects/wolkenkratzer/index.js","statementMap":{"0":{"start":{"line":6,"column":17},"end":{"line":6,"column":51}},"1":{"start":{"line":7,"column":12},"end":{"line":7,"column":36}},"2":{"start":{"line":8,"column":15},"end":{"line":8,"column":42}},"3":{"start":{"line":9,"column":18},"end":{"line":9,"column":44}},"4":{"start":{"line":10,"column":12},"end":{"line":10,"column":42}},"5":{"start":{"line":11,"column":17},"end":{"line":11,"column":52}},"6":{"start":{"line":12,"column":18},"end":{"line":12,"column":54}},"7":{"start":{"line":13,"column":19},"end":{"line":13,"column":55}},"8":{"start":{"line":14,"column":25},"end":{"line":14,"column":67}},"9":{"start":{"line":15,"column":26},"end":{"line":15,"column":78}},"10":{"start":{"line":16,"column":31},"end":{"line":18,"column":24}},"11":{"start":{"line":19,"column":22},"end":{"line":19,"column":63}},"12":{"start":{"line":20,"column":34},"end":{"line":22,"column":27}},"13":{"start":{"line":23,"column":23},"end":{"line":23,"column":65}},"14":{"start":{"line":24,"column":14},"end":{"line":24,"column":38}},"15":{"start":{"line":26,"column":15},"end":{"line":26,"column":45}},"16":{"start":{"line":27,"column":13},"end":{"line":27,"column":34}},"17":{"start":{"line":28,"column":15},"end":{"line":28,"column":38}},"18":{"start":{"line":29,"column":16},"end":{"line":29,"column":48}},"19":{"start":{"line":30,"column":14},"end":{"line":30,"column":36}},"20":{"start":{"line":31,"column":16},"end":{"line":31,"column":40}},"21":{"start":{"line":33,"column":19},"end":{"line":33,"column":40}},"22":{"start":{"line":34,"column":31},"end":{"line":34,"column":64}},"23":{"start":{"line":35,"column":20},"end":{"line":35,"column":42}},"24":{"start":{"line":36,"column":27},"end":{"line":36,"column":56}},"25":{"start":{"line":37,"column":23},"end":{"line":37,"column":48}},"26":{"start":{"line":38,"column":19},"end":{"line":38,"column":40}},"27":{"start":{"line":39,"column":19},"end":{"line":39,"column":40}},"28":{"start":{"line":40,"column":19},"end":{"line":40,"column":40}},"29":{"start":{"line":41,"column":18},"end":{"line":41,"column":38}},"30":{"start":{"line":42,"column":19},"end":{"line":42,"column":40}},"31":{"start":{"line":43,"column":19},"end":{"line":43,"column":40}},"32":{"start":{"line":44,"column":21},"end":{"line":44,"column":44}},"33":{"start":{"line":45,"column":15},"end":{"line":45,"column":32}},"34":{"start":{"line":46,"column":21},"end":{"line":46,"column":44}},"35":{"start":{"line":47,"column":25},"end":{"line":47,"column":52}},"36":{"start":{"line":48,"column":17},"end":{"line":48,"column":36}},"37":{"start":{"line":49,"column":12},"end":{"line":49,"column":26}},"38":{"start":{"line":50,"column":12},"end":{"line":50,"column":26}},"39":{"start":{"line":51,"column":12},"end":{"line":51,"column":26}},"40":{"start":{"line":52,"column":12},"end":{"line":52,"column":26}},"41":{"start":{"line":53,"column":20},"end":{"line":53,"column":42}},"42":{"start":{"line":54,"column":25},"end":{"line":54,"column":52}},"43":{"start":{"line":55,"column":29},"end":{"line":55,"column":60}},"44":{"start":{"line":56,"column":31},"end":{"line":56,"column":64}},"45":{"start":{"line":57,"column":22},"end":{"line":57,"column":46}},"46":{"start":{"line":58,"column":12},"end":{"line":58,"column":26}},"47":{"start":{"line":59,"column":15},"end":{"line":59,"column":32}},"48":{"start":{"line":60,"column":17},"end":{"line":60,"column":36}},"49":{"start":{"line":61,"column":12},"end":{"line":61,"column":26}},"50":{"start":{"line":62,"column":12},"end":{"line":62,"column":26}},"51":{"start":{"line":63,"column":16},"end":{"line":63,"column":34}},"52":{"start":{"line":64,"column":24},"end":{"line":64,"column":50}},"53":{"start":{"line":65,"column":12},"end":{"line":65,"column":26}},"54":{"start":{"line":66,"column":15},"end":{"line":66,"column":32}},"55":{"start":{"line":67,"column":13},"end":{"line":67,"column":28}},"56":{"start":{"line":68,"column":17},"end":{"line":68,"column":36}},"57":{"start":{"line":69,"column":12},"end":{"line":69,"column":26}},"58":{"start":{"line":70,"column":17},"end":{"line":70,"column":36}},"59":{"start":{"line":71,"column":16},"end":{"line":71,"column":34}},"60":{"start":{"line":72,"column":11},"end":{"line":72,"column":24}},"61":{"start":{"line":73,"column":12},"end":{"line":73,"column":26}},"62":{"start":{"line":74,"column":12},"end":{"line":74,"column":26}},"63":{"start":{"line":75,"column":12},"end":{"line":75,"column":26}},"64":{"start":{"line":76,"column":12},"end":{"line":76,"column":26}},"65":{"start":{"line":77,"column":22},"end":{"line":77,"column":46}},"66":{"start":{"line":78,"column":12},"end":{"line":78,"column":26}},"67":{"start":{"line":79,"column":19},"end":{"line":79,"column":40}},"68":{"start":{"line":82,"column":15},"end":{"line":89,"column":1}},"69":{"start":{"line":91,"column":0},"end":{"line":160,"column":2}}},"fnMap":{},"branchMap":{},"s":{"0":1,"1":1,"2":1,"3":1,"4":1,"5":1,"6":1,"7":1,"8":1,"9":1,"10":1,"11":1,"12":1,"13":1,"14":1,"15":1,"16":1,"17":1,"18":1,"19":1,"20":1,"21":1,"22":1,"23":1,"24":1,"25":1,"26":1,"27":1,"28":1,"29":1,"30":1,"31":1,"32":1,"33":1,"34":1,"35":1,"36":1,"37":1,"38":1,"39":1,"40":1,"41":1,"42":1,"43":1,"44":1,"45":1,"46":1,"47":1,"48":1,"49":1,"50":1,"51":1,"52":1,"53":1,"54":1,"55":1,"56":1,"57":1,"58":1,"59":1,"60":1,"61":1,"62":1,"63":1,"64":1,"65":1,"66":1,"67":1,"68":1,"69":1},"f":{},"b":{},"_coverageSchema":"332fd63041d2c1bcb487cc26dd0d5f7d97098a6c","hash":"1b1b64390aee7ff03a8920957dfb22c3a1ee9262","contentHash":"4e79fdc8cefd095e8a2733474176e50d_10.1.2"},"/Users/arming/WebstormProjects/wolkenkratzer/src/template.js":{"path":"/Users/arming/WebstormProjects/wolkenkratzer/src/template.js","statementMap":{"0":{"start":{"line":5,"column":23},"end":{"line":5,"column":61}},"1":{"start":{"line":6,"column":22},"end":{"line":6,"column":59}},"2":{"start":{"line":7,"column":16},"end":{"line":7,"column":44}},"3":{"start":{"line":8,"column":15},"end":{"line":8,"column":41}},"4":{"start":{"line":9,"column":18},"end":{"line":9,"column":50}},"5":{"start":{"line":10,"column":19},"end":{"line":10,"column":51}},"6":{"start":{"line":11,"column":13},"end":{"line":11,"column":28}},"7":{"start":{"line":12,"column":13},"end":{"line":12,"column":31}},"8":{"start":{"line":13,"column":16},"end":{"line":13,"column":36}},"9":{"start":{"line":18,"column":2},"end":{"line":18,"column":38}},"10":{"start":{"line":19,"column":2},"end":{"line":19,"column":64}},"11":{"start":{"line":23,"column":2},"end":{"line":35,"column":3}},"12":{"start":{"line":24,"column":4},"end":{"line":29,"column":7}},"13":{"start":{"line":25,"column":6},"end":{"line":27,"column":7}},"14":{"start":{"line":26,"column":8},"end":{"line":26,"column":38}},"15":{"start":{"line":28,"column":6},"end":{"line":28,"column":22}},"16":{"start":{"line":31,"column":4},"end":{"line":33,"column":5}},"17":{"start":{"line":32,"column":6},"end":{"line":32,"column":41}},"18":{"start":{"line":34,"column":4},"end":{"line":34,"column":30}},"19":{"start":{"line":36,"column":2},"end":{"line":36,"column":16}},"20":{"start":{"line":40,"column":2},"end":{"line":46,"column":3}},"21":{"start":{"line":41,"column":4},"end":{"line":43,"column":7}},"22":{"start":{"line":42,"column":6},"end":{"line":42,"column":25}},"23":{"start":{"line":45,"column":4},"end":{"line":45,"column":28}},"24":{"start":{"line":47,"column":2},"end":{"line":47,"column":16}},"25":{"start":{"line":51,"column":2},"end":{"line":54,"column":3}},"26":{"start":{"line":52,"column":19},"end":{"line":52,"column":75}},"27":{"start":{"line":53,"column":4},"end":{"line":53,"column":30}},"28":{"start":{"line":55,"column":2},"end":{"line":58,"column":3}},"29":{"start":{"line":56,"column":20},"end":{"line":56,"column":72}},"30":{"start":{"line":57,"column":4},"end":{"line":57,"column":31}},"31":{"start":{"line":59,"column":2},"end":{"line":62,"column":3}},"32":{"start":{"line":60,"column":21},"end":{"line":60,"column":77}},"33":{"start":{"line":61,"column":4},"end":{"line":61,"column":32}},"34":{"start":{"line":63,"column":2},"end":{"line":77,"column":3}},"35":{"start":{"line":64,"column":20},"end":{"line":64,"column":73}},"36":{"start":{"line":65,"column":28},"end":{"line":65,"column":40}},"37":{"start":{"line":66,"column":23},"end":{"line":66,"column":35}},"38":{"start":{"line":67,"column":4},"end":{"line":76,"column":5}},"39":{"start":{"line":68,"column":6},"end":{"line":68,"column":38}},"40":{"start":{"line":70,"column":26},"end":{"line":70,"column":52}},"41":{"start":{"line":71,"column":24},"end":{"line":74,"column":7}},"42":{"start":{"line":75,"column":6},"end":{"line":75,"column":35}},"43":{"start":{"line":84,"column":2},"end":{"line":84,"column":24}},"44":{"start":{"line":85,"column":2},"end":{"line":85,"column":21}},"45":{"start":{"line":86,"column":2},"end":{"line":86,"column":23}},"46":{"start":{"line":87,"column":2},"end":{"line":87,"column":21}},"47":{"start":{"line":88,"column":2},"end":{"line":88,"column":20}},"48":{"start":{"line":89,"column":2},"end":{"line":89,"column":23}},"49":{"start":{"line":90,"column":2},"end":{"line":90,"column":22}},"50":{"start":{"line":91,"column":2},"end":{"line":91,"column":47}},"51":{"start":{"line":92,"column":2},"end":{"line":94,"column":3}},"52":{"start":{"line":93,"column":4},"end":{"line":93,"column":42}},"53":{"start":{"line":101,"column":0},"end":{"line":115,"column":2}},"54":{"start":{"line":102,"column":2},"end":{"line":114,"column":3}},"55":{"start":{"line":103,"column":4},"end":{"line":103,"column":35}},"56":{"start":{"line":104,"column":9},"end":{"line":114,"column":3}},"57":{"start":{"line":105,"column":4},"end":{"line":105,"column":34}},"58":{"start":{"line":106,"column":9},"end":{"line":114,"column":3}},"59":{"start":{"line":107,"column":4},"end":{"line":107,"column":32}},"60":{"start":{"line":108,"column":9},"end":{"line":114,"column":3}},"61":{"start":{"line":109,"column":4},"end":{"line":109,"column":33}},"62":{"start":{"line":111,"column":4},"end":{"line":113,"column":6}},"63":{"start":{"line":121,"column":0},"end":{"line":135,"column":2}},"64":{"start":{"line":122,"column":2},"end":{"line":134,"column":3}},"65":{"start":{"line":123,"column":4},"end":{"line":123,"column":38}},"66":{"start":{"line":124,"column":9},"end":{"line":134,"column":3}},"67":{"start":{"line":125,"column":4},"end":{"line":125,"column":37}},"68":{"start":{"line":126,"column":9},"end":{"line":134,"column":3}},"69":{"start":{"line":127,"column":4},"end":{"line":127,"column":35}},"70":{"start":{"line":128,"column":9},"end":{"line":134,"column":3}},"71":{"start":{"line":129,"column":4},"end":{"line":129,"column":36}},"72":{"start":{"line":131,"column":4},"end":{"line":133,"column":6}},"73":{"start":{"line":141,"column":0},"end":{"line":143,"column":2}},"74":{"start":{"line":142,"column":2},"end":{"line":142,"column":27}},"75":{"start":{"line":149,"column":0},"end":{"line":151,"column":2}},"76":{"start":{"line":150,"column":2},"end":{"line":150,"column":25}},"77":{"start":{"line":157,"column":0},"end":{"line":159,"column":2}},"78":{"start":{"line":158,"column":2},"end":{"line":158,"column":33}},"79":{"start":{"line":166,"column":0},"end":{"line":168,"column":2}},"80":{"start":{"line":167,"column":2},"end":{"line":167,"column":36}},"81":{"start":{"line":175,"column":0},"end":{"line":177,"column":2}},"82":{"start":{"line":176,"column":2},"end":{"line":176,"column":31}},"83":{"start":{"line":183,"column":0},"end":{"line":203,"column":2}},"84":{"start":{"line":184,"column":2},"end":{"line":202,"column":3}},"85":{"start":{"line":185,"column":17},"end":{"line":185,"column":30}},"86":{"start":{"line":186,"column":4},"end":{"line":190,"column":5}},"87":{"start":{"line":187,"column":6},"end":{"line":187,"column":47}},"88":{"start":{"line":189,"column":6},"end":{"line":189,"column":38}},"89":{"start":{"line":192,"column":4},"end":{"line":201,"column":7}},"90":{"start":{"line":193,"column":6},"end":{"line":200,"column":9}},"91":{"start":{"line":194,"column":21},"end":{"line":194,"column":34}},"92":{"start":{"line":195,"column":8},"end":{"line":199,"column":9}},"93":{"start":{"line":196,"column":10},"end":{"line":196,"column":71}},"94":{"start":{"line":198,"column":10},"end":{"line":198,"column":35}},"95":{"start":{"line":209,"column":0},"end":{"line":271,"column":2}},"96":{"start":{"line":210,"column":10},"end":{"line":210,"column":42}},"97":{"start":{"line":211,"column":15},"end":{"line":211,"column":17}},"98":{"start":{"line":212,"column":2},"end":{"line":218,"column":3}},"99":{"start":{"line":213,"column":4},"end":{"line":217,"column":5}},"100":{"start":{"line":214,"column":6},"end":{"line":214,"column":60}},"101":{"start":{"line":216,"column":6},"end":{"line":216,"column":29}},"102":{"start":{"line":219,"column":2},"end":{"line":227,"column":3}},"103":{"start":{"line":220,"column":17},"end":{"line":220,"column":50}},"104":{"start":{"line":221,"column":4},"end":{"line":225,"column":5}},"105":{"start":{"line":222,"column":6},"end":{"line":224,"column":9}},"106":{"start":{"line":223,"column":8},"end":{"line":223,"column":23}},"107":{"start":{"line":226,"column":4},"end":{"line":226,"column":40}},"108":{"start":{"line":228,"column":2},"end":{"line":234,"column":3}},"109":{"start":{"line":229,"column":4},"end":{"line":233,"column":5}},"110":{"start":{"line":230,"column":6},"end":{"line":230,"column":56}},"111":{"start":{"line":232,"column":6},"end":{"line":232,"column":29}},"112":{"start":{"line":235,"column":2},"end":{"line":245,"column":3}},"113":{"start":{"line":236,"column":4},"end":{"line":244,"column":5}},"114":{"start":{"line":237,"column":6},"end":{"line":241,"column":7}},"115":{"start":{"line":238,"column":8},"end":{"line":238,"column":54}},"116":{"start":{"line":240,"column":8},"end":{"line":240,"column":31}},"117":{"start":{"line":243,"column":6},"end":{"line":243,"column":43}},"118":{"start":{"line":246,"column":2},"end":{"line":248,"column":3}},"119":{"start":{"line":247,"column":4},"end":{"line":247,"column":22}},"120":{"start":{"line":249,"column":2},"end":{"line":251,"column":3}},"121":{"start":{"line":250,"column":4},"end":{"line":250,"column":24}},"122":{"start":{"line":252,"column":2},"end":{"line":254,"column":3}},"123":{"start":{"line":253,"column":4},"end":{"line":253,"column":22}},"124":{"start":{"line":255,"column":2},"end":{"line":257,"column":3}},"125":{"start":{"line":256,"column":4},"end":{"line":256,"column":21}},"126":{"start":{"line":258,"column":2},"end":{"line":260,"column":3}},"127":{"start":{"line":259,"column":4},"end":{"line":259,"column":24}},"128":{"start":{"line":261,"column":2},"end":{"line":263,"column":3}},"129":{"start":{"line":262,"column":4},"end":{"line":262,"column":25}},"130":{"start":{"line":264,"column":2},"end":{"line":266,"column":3}},"131":{"start":{"line":265,"column":4},"end":{"line":265,"column":18}},"132":{"start":{"line":267,"column":2},"end":{"line":270,"column":4}},"133":{"start":{"line":273,"column":0},"end":{"line":279,"column":2}},"134":{"start":{"line":274,"column":19},"end":{"line":274,"column":32}},"135":{"start":{"line":275,"column":2},"end":{"line":278,"column":4}},"136":{"start":{"line":281,"column":0},"end":{"line":283,"column":2}}},"fnMap":{"0":{"name":"_handleDuplicateKey","decl":{"start":{"line":17,"column":9},"end":{"line":17,"column":28}},"loc":{"start":{"line":17,"column":34},"end":{"line":20,"column":1}}},"1":{"name":"_add","decl":{"start":{"line":22,"column":9},"end":{"line":22,"column":13}},"loc":{"start":{"line":22,"column":25},"end":{"line":37,"column":1}}},"2":{"name":"(anonymous_2)","decl":{"start":{"line":24,"column":19},"end":{"line":24,"column":20}},"loc":{"start":{"line":24,"column":24},"end":{"line":29,"column":5}}},"3":{"name":"_remove","decl":{"start":{"line":39,"column":9},"end":{"line":39,"column":16}},"loc":{"start":{"line":39,"column":28},"end":{"line":48,"column":1}}},"4":{"name":"(anonymous_4)","decl":{"start":{"line":41,"column":19},"end":{"line":41,"column":20}},"loc":{"start":{"line":41,"column":24},"end":{"line":43,"column":5}}},"5":{"name":"_populateFromExisting","decl":{"start":{"line":50,"column":9},"end":{"line":50,"column":30}},"loc":{"start":{"line":50,"column":62},"end":{"line":78,"column":1}}},"6":{"name":"Template","decl":{"start":{"line":83,"column":9},"end":{"line":83,"column":17}},"loc":{"start":{"line":83,"column":28},"end":{"line":95,"column":1}}},"7":{"name":"(anonymous_7)","decl":{"start":{"line":101,"column":25},"end":{"line":101,"column":26}},"loc":{"start":{"line":101,"column":43},"end":{"line":115,"column":1}}},"8":{"name":"(anonymous_8)","decl":{"start":{"line":121,"column":28},"end":{"line":121,"column":29}},"loc":{"start":{"line":121,"column":46},"end":{"line":135,"column":1}}},"9":{"name":"(anonymous_9)","decl":{"start":{"line":141,"column":33},"end":{"line":141,"column":34}},"loc":{"start":{"line":141,"column":52},"end":{"line":143,"column":1}}},"10":{"name":"(anonymous_10)","decl":{"start":{"line":149,"column":32},"end":{"line":149,"column":33}},"loc":{"start":{"line":149,"column":50},"end":{"line":151,"column":1}}},"11":{"name":"(anonymous_11)","decl":{"start":{"line":157,"column":36},"end":{"line":157,"column":37}},"loc":{"start":{"line":157,"column":58},"end":{"line":159,"column":1}}},"12":{"name":"(anonymous_12)","decl":{"start":{"line":166,"column":34},"end":{"line":166,"column":35}},"loc":{"start":{"line":166,"column":60},"end":{"line":168,"column":1}}},"13":{"name":"(anonymous_13)","decl":{"start":{"line":175,"column":37},"end":{"line":175,"column":38}},"loc":{"start":{"line":175,"column":63},"end":{"line":177,"column":1}}},"14":{"name":"(anonymous_14)","decl":{"start":{"line":183,"column":33},"end":{"line":183,"column":34}},"loc":{"start":{"line":183,"column":52},"end":{"line":203,"column":1}}},"15":{"name":"(anonymous_15)","decl":{"start":{"line":192,"column":23},"end":{"line":192,"column":24}},"loc":{"start":{"line":192,"column":44},"end":{"line":201,"column":5}}},"16":{"name":"(anonymous_16)","decl":{"start":{"line":193,"column":23},"end":{"line":193,"column":24}},"loc":{"start":{"line":193,"column":29},"end":{"line":200,"column":7}}},"17":{"name":"(anonymous_17)","decl":{"start":{"line":209,"column":28},"end":{"line":209,"column":29}},"loc":{"start":{"line":209,"column":39},"end":{"line":271,"column":1}}},"18":{"name":"(anonymous_18)","decl":{"start":{"line":222,"column":28},"end":{"line":222,"column":29}},"loc":{"start":{"line":222,"column":33},"end":{"line":224,"column":7}}},"19":{"name":"(anonymous_19)","decl":{"start":{"line":273,"column":28},"end":{"line":273,"column":29}},"loc":{"start":{"line":273,"column":39},"end":{"line":279,"column":1}}}},"branchMap":{"0":{"loc":{"start":{"line":23,"column":2},"end":{"line":35,"column":3}},"type":"if","locations":[{"start":{"line":23,"column":2},"end":{"line":35,"column":3}},{"start":{"line":23,"column":2},"end":{"line":35,"column":3}}]},"1":{"loc":{"start":{"line":25,"column":6},"end":{"line":27,"column":7}},"type":"if","locations":[{"start":{"line":25,"column":6},"end":{"line":27,"column":7}},{"start":{"line":25,"column":6},"end":{"line":27,"column":7}}]},"2":{"loc":{"start":{"line":31,"column":4},"end":{"line":33,"column":5}},"type":"if","locations":[{"start":{"line":31,"column":4},"end":{"line":33,"column":5}},{"start":{"line":31,"column":4},"end":{"line":33,"column":5}}]},"3":{"loc":{"start":{"line":40,"column":2},"end":{"line":46,"column":3}},"type":"if","locations":[{"start":{"line":40,"column":2},"end":{"line":46,"column":3}},{"start":{"line":40,"column":2},"end":{"line":46,"column":3}}]},"4":{"loc":{"start":{"line":67,"column":4},"end":{"line":76,"column":5}},"type":"if","locations":[{"start":{"line":67,"column":4},"end":{"line":76,"column":5}},{"start":{"line":67,"column":4},"end":{"line":76,"column":5}}]},"5":{"loc":{"start":{"line":92,"column":2},"end":{"line":94,"column":3}},"type":"if","locations":[{"start":{"line":92,"column":2},"end":{"line":94,"column":3}},{"start":{"line":92,"column":2},"end":{"line":94,"column":3}}]},"6":{"loc":{"start":{"line":102,"column":2},"end":{"line":114,"column":3}},"type":"if","locations":[{"start":{"line":102,"column":2},"end":{"line":114,"column":3}},{"start":{"line":102,"column":2},"end":{"line":114,"column":3}}]},"7":{"loc":{"start":{"line":104,"column":9},"end":{"line":114,"column":3}},"type":"if","locations":[{"start":{"line":104,"column":9},"end":{"line":114,"column":3}},{"start":{"line":104,"column":9},"end":{"line":114,"column":3}}]},"8":{"loc":{"start":{"line":106,"column":9},"end":{"line":114,"column":3}},"type":"if","locations":[{"start":{"line":106,"column":9},"end":{"line":114,"column":3}},{"start":{"line":106,"column":9},"end":{"line":114,"column":3}}]},"9":{"loc":{"start":{"line":108,"column":9},"end":{"line":114,"column":3}},"type":"if","locations":[{"start":{"line":108,"column":9},"end":{"line":114,"column":3}},{"start":{"line":108,"column":9},"end":{"line":114,"column":3}}]},"10":{"loc":{"start":{"line":122,"column":2},"end":{"line":134,"column":3}},"type":"if","locations":[{"start":{"line":122,"column":2},"end":{"line":134,"column":3}},{"start":{"line":122,"column":2},"end":{"line":134,"column":3}}]},"11":{"loc":{"start":{"line":124,"column":9},"end":{"line":134,"column":3}},"type":"if","locations":[{"start":{"line":124,"column":9},"end":{"line":134,"column":3}},{"start":{"line":124,"column":9},"end":{"line":134,"column":3}}]},"12":{"loc":{"start":{"line":126,"column":9},"end":{"line":134,"column":3}},"type":"if","locations":[{"start":{"line":126,"column":9},"end":{"line":134,"column":3}},{"start":{"line":126,"column":9},"end":{"line":134,"column":3}}]},"13":{"loc":{"start":{"line":128,"column":9},"end":{"line":134,"column":3}},"type":"if","locations":[{"start":{"line":128,"column":9},"end":{"line":134,"column":3}},{"start":{"line":128,"column":9},"end":{"line":134,"column":3}}]},"14":{"loc":{"start":{"line":184,"column":2},"end":{"line":202,"column":3}},"type":"if","locations":[{"start":{"line":184,"column":2},"end":{"line":202,"column":3}},{"start":{"line":184,"column":2},"end":{"line":202,"column":3}}]},"15":{"loc":{"start":{"line":186,"column":4},"end":{"line":190,"column":5}},"type":"if","locations":[{"start":{"line":186,"column":4},"end":{"line":190,"column":5}},{"start":{"line":186,"column":4},"end":{"line":190,"column":5}}]},"16":{"loc":{"start":{"line":195,"column":8},"end":{"line":199,"column":9}},"type":"if","locations":[{"start":{"line":195,"column":8},"end":{"line":199,"column":9}},{"start":{"line":195,"column":8},"end":{"line":199,"column":9}}]},"17":{"loc":{"start":{"line":221,"column":4},"end":{"line":225,"column":5}},"type":"if","locations":[{"start":{"line":221,"column":4},"end":{"line":225,"column":5}},{"start":{"line":221,"column":4},"end":{"line":225,"column":5}}]},"18":{"loc":{"start":{"line":236,"column":4},"end":{"line":244,"column":5}},"type":"if","locations":[{"start":{"line":236,"column":4},"end":{"line":244,"column":5}},{"start":{"line":236,"column":4},"end":{"line":244,"column":5}}]},"19":{"loc":{"start":{"line":246,"column":2},"end":{"line":248,"column":3}},"type":"if","locations":[{"start":{"line":246,"column":2},"end":{"line":248,"column":3}},{"start":{"line":246,"column":2},"end":{"line":248,"column":3}}]},"20":{"loc":{"start":{"line":249,"column":2},"end":{"line":251,"column":3}},"type":"if","locations":[{"start":{"line":249,"column":2},"end":{"line":251,"column":3}},{"start":{"line":249,"column":2},"end":{"line":251,"column":3}}]},"21":{"loc":{"start":{"line":252,"column":2},"end":{"line":254,"column":3}},"type":"if","locations":[{"start":{"line":252,"column":2},"end":{"line":254,"column":3}},{"start":{"line":252,"column":2},"end":{"line":254,"column":3}}]},"22":{"loc":{"start":{"line":255,"column":2},"end":{"line":257,"column":3}},"type":"if","locations":[{"start":{"line":255,"column":2},"end":{"line":257,"column":3}},{"start":{"line":255,"column":2},"end":{"line":257,"column":3}}]},"23":{"loc":{"start":{"line":258,"column":2},"end":{"line":260,"column":3}},"type":"if","locations":[{"start":{"line":258,"column":2},"end":{"line":260,"column":3}},{"start":{"line":258,"column":2},"end":{"line":260,"column":3}}]},"24":{"loc":{"start":{"line":261,"column":2},"end":{"line":263,"column":3}},"type":"if","locations":[{"start":{"line":261,"column":2},"end":{"line":263,"column":3}},{"start":{"line":261,"column":2},"end":{"line":263,"column":3}}]},"25":{"loc":{"start":{"line":264,"column":2},"end":{"line":266,"column":3}},"type":"if","locations":[{"start":{"line":264,"column":2},"end":{"line":266,"column":3}},{"start":{"line":264,"column":2},"end":{"line":266,"column":3}}]}},"s":{"0":1,"1":1,"2":1,"3":1,"4":1,"5":1,"6":1,"7":1,"8":1,"9":0,"10":0,"11":23,"12":0,"13":0,"14":0,"15":0,"16":23,"17":0,"18":23,"19":23,"20":0,"21":0,"22":0,"23":0,"24":0,"25":1,"26":1,"27":1,"28":1,"29":1,"30":1,"31":1,"32":1,"33":1,"34":1,"35":2,"36":2,"37":2,"38":2,"39":0,"40":2,"41":2,"42":2,"43":7,"44":7,"45":7,"46":7,"47":7,"48":7,"49":7,"50":7,"51":7,"52":1,"53":1,"54":23,"55":2,"56":21,"57":19,"58":2,"59":1,"60":1,"61":1,"62":0,"63":1,"64":0,"65":0,"66":0,"67":0,"68":0,"69":0,"70":0,"71":0,"72":0,"73":1,"74":0,"75":1,"76":0,"77":1,"78":0,"79":1,"80":0,"81":1,"82":0,"83":1,"84":0,"85":0,"86":0,"87":0,"88":0,"89":0,"90":0,"91":0,"92":0,"93":0,"94":0,"95":1,"96":6,"97":6,"98":6,"99":2,"100":2,"101":0,"102":6,"103":18,"104":18,"105":1,"106":1,"107":18,"108":6,"109":1,"110":1,"111":0,"112":6,"113":1,"114":1,"115":1,"116":0,"117":0,"118":6,"119":6,"120":6,"121":6,"122":6,"123":5,"124":6,"125":5,"126":6,"127":4,"128":6,"129":6,"130":6,"131":5,"132":6,"133":1,"134":0,"135":0,"136":1},"f":{"0":0,"1":23,"2":0,"3":0,"4":0,"5":1,"6":7,"7":23,"8":0,"9":0,"10":0,"11":0,"12":0,"13":0,"14":0,"15":0,"16":0,"17":6,"18":1,"19":0},"b":{"0":[0,23],"1":[0,0],"2":[0,23],"3":[0,0],"4":[0,2],"5":[1,6],"6":[2,21],"7":[19,2],"8":[1,1],"9":[1,0],"10":[0,0],"11":[0,0],"12":[0,0],"13":[0,0],"14":[0,0],"15":[0,0],"16":[0,0],"17":[1,17],"18":[1,0],"19":[6,0],"20":[6,0],"21":[5,1],"22":[5,1],"23":[4,2],"24":[6,0],"25":[5,1]},"_coverageSchema":"332fd63041d2c1bcb487cc26dd0d5f7d97098a6c","hash":"f54d916fb9f88914b56c2746871be46994e1cc44","contentHash":"63dfbf960c24df6281677e1674b2c082_10.1.2"},"/Users/arming/WebstormProjects/wolkenkratzer/src/exceptions.js":{"path":"/Users/arming/WebstormProjects/wolkenkratzer/src/exceptions.js","statementMap":{"0":{"start":{"line":12,"column":2},"end":{"line":12,"column":25}},"1":{"start":{"line":17,"column":0},"end":{"line":19,"column":2}},"2":{"start":{"line":18,"column":2},"end":{"line":18,"column":22}},"3":{"start":{"line":25,"column":2},"end":{"line":25,"column":32}},"4":{"start":{"line":26,"column":2},"end":{"line":26,"column":27}},"5":{"start":{"line":28,"column":0},"end":{"line":28,"column":62}},"6":{"start":{"line":34,"column":2},"end":{"line":34,"column":32}},"7":{"start":{"line":35,"column":2},"end":{"line":35,"column":42}},"8":{"start":{"line":37,"column":0},"end":{"line":37,"column":73}},"9":{"start":{"line":43,"column":2},"end":{"line":43,"column":32}},"10":{"start":{"line":44,"column":2},"end":{"line":44,"column":30}},"11":{"start":{"line":46,"column":0},"end":{"line":46,"column":61}},"12":{"start":{"line":52,"column":2},"end":{"line":52,"column":32}},"13":{"start":{"line":53,"column":2},"end":{"line":53,"column":41}},"14":{"start":{"line":55,"column":0},"end":{"line":55,"column":72}},"15":{"start":{"line":57,"column":0},"end":{"line":62,"column":2}}},"fnMap":{"0":{"name":"Exception","decl":{"start":{"line":11,"column":9},"end":{"line":11,"column":18}},"loc":{"start":{"line":11,"column":28},"end":{"line":13,"column":1}}},"1":{"name":"(anonymous_1)","decl":{"start":{"line":17,"column":29},"end":{"line":17,"column":30}},"loc":{"start":{"line":17,"column":40},"end":{"line":19,"column":1}}},"2":{"name":"ValueException","decl":{"start":{"line":24,"column":9},"end":{"line":24,"column":23}},"loc":{"start":{"line":24,"column":33},"end":{"line":27,"column":1}}},"3":{"name":"RequiredPropertyException","decl":{"start":{"line":33,"column":9},"end":{"line":33,"column":34}},"loc":{"start":{"line":33,"column":44},"end":{"line":36,"column":1}}},"4":{"name":"TypeException","decl":{"start":{"line":42,"column":9},"end":{"line":42,"column":22}},"loc":{"start":{"line":42,"column":32},"end":{"line":45,"column":1}}},"5":{"name":"ConditionNotMetException","decl":{"start":{"line":51,"column":9},"end":{"line":51,"column":33}},"loc":{"start":{"line":51,"column":43},"end":{"line":54,"column":1}}}},"branchMap":{},"s":{"0":1,"1":1,"2":0,"3":0,"4":0,"5":1,"6":0,"7":0,"8":1,"9":1,"10":1,"11":1,"12":0,"13":0,"14":1,"15":1},"f":{"0":1,"1":0,"2":0,"3":0,"4":1,"5":0},"b":{},"_coverageSchema":"332fd63041d2c1bcb487cc26dd0d5f7d97098a6c","hash":"f2223f1a48bb8f69d5e0ccaf75072e960b8efa05","contentHash":"d3b95c5449976edde02c18864584acac_10.1.2"},"/Users/arming/WebstormProjects/wolkenkratzer/src/mapping.js":{"path":"/Users/arming/WebstormProjects/wolkenkratzer/src/mapping.js","statementMap":{"0":{"start":{"line":16,"column":2},"end":{"line":16,"column":21}},"1":{"start":{"line":17,"column":2},"end":{"line":17,"column":19}},"2":{"start":{"line":24,"column":0},"end":{"line":28,"column":2}},"3":{"start":{"line":25,"column":10},"end":{"line":25,"column":42}},"4":{"start":{"line":26,"column":2},"end":{"line":26,"column":18}},"5":{"start":{"line":27,"column":2},"end":{"line":27,"column":16}},"6":{"start":{"line":30,"column":0},"end":{"line":32,"column":2}}},"fnMap":{"0":{"name":"Mapping","decl":{"start":{"line":15,"column":9},"end":{"line":15,"column":16}},"loc":{"start":{"line":15,"column":29},"end":{"line":18,"column":1}}},"1":{"name":"(anonymous_1)","decl":{"start":{"line":24,"column":27},"end":{"line":24,"column":28}},"loc":{"start":{"line":24,"column":38},"end":{"line":28,"column":1}}}},"branchMap":{},"s":{"0":1,"1":1,"2":1,"3":1,"4":1,"5":1,"6":1},"f":{"0":1,"1":1},"b":{},"_coverageSchema":"332fd63041d2c1bcb487cc26dd0d5f7d97098a6c","hash":"ead28b6837f9c5f5c00a57846ddfe1a997255873","contentHash":"5d1fd6ac16c45f5f587b0d96d518af40_10.1.2"},"/Users/arming/WebstormProjects/wolkenkratzer/src/output.js":{"path":"/Users/arming/WebstormProjects/wolkenkratzer/src/output.js","statementMap":{"0":{"start":{"line":12,"column":2},"end":{"line":12,"column":21}},"1":{"start":{"line":13,"column":2},"end":{"line":13,"column":43}},"2":{"start":{"line":14,"column":2},"end":{"line":14,"column":31}},"3":{"start":{"line":20,"column":0},"end":{"line":24,"column":2}},"4":{"start":{"line":21,"column":10},"end":{"line":21,"column":42}},"5":{"start":{"line":22,"column":2},"end":{"line":22,"column":18}},"6":{"start":{"line":23,"column":2},"end":{"line":23,"column":11}},"7":{"start":{"line":26,"column":0},"end":{"line":28,"column":2}}},"fnMap":{"0":{"name":"Output","decl":{"start":{"line":11,"column":9},"end":{"line":11,"column":15}},"loc":{"start":{"line":11,"column":33},"end":{"line":15,"column":1}}},"1":{"name":"(anonymous_1)","decl":{"start":{"line":20,"column":26},"end":{"line":20,"column":27}},"loc":{"start":{"line":20,"column":37},"end":{"line":24,"column":1}}}},"branchMap":{},"s":{"0":1,"1":1,"2":1,"3":1,"4":1,"5":1,"6":1,"7":1},"f":{"0":1,"1":1},"b":{},"_coverageSchema":"332fd63041d2c1bcb487cc26dd0d5f7d97098a6c","hash":"7d9f144c3d3bd3e4eee5f820a0eaf8c4994f9db1","contentHash":"945361f46dd4954e07d4d4eb05410ac5_10.1.2"},"/Users/arming/WebstormProjects/wolkenkratzer/src/parameter.js":{"path":"/Users/arming/WebstormProjects/wolkenkratzer/src/parameter.js","statementMap":{"0":{"start":{"line":12,"column":2},"end":{"line":12,"column":21}},"1":{"start":{"line":13,"column":2},"end":{"line":13,"column":29}},"2":{"start":{"line":14,"column":2},"end":{"line":14,"column":49}},"3":{"start":{"line":15,"column":2},"end":{"line":15,"column":47}},"4":{"start":{"line":16,"column":2},"end":{"line":16,"column":63}},"5":{"start":{"line":17,"column":2},"end":{"line":17,"column":35}},"6":{"start":{"line":18,"column":2},"end":{"line":18,"column":43}},"7":{"start":{"line":19,"column":2},"end":{"line":19,"column":39}},"8":{"start":{"line":20,"column":2},"end":{"line":20,"column":37}},"9":{"start":{"line":21,"column":2},"end":{"line":21,"column":39}},"10":{"start":{"line":22,"column":2},"end":{"line":22,"column":37}},"11":{"start":{"line":23,"column":2},"end":{"line":23,"column":33}},"12":{"start":{"line":29,"column":0},"end":{"line":33,"column":2}},"13":{"start":{"line":30,"column":10},"end":{"line":30,"column":42}},"14":{"start":{"line":31,"column":2},"end":{"line":31,"column":18}},"15":{"start":{"line":32,"column":2},"end":{"line":32,"column":11}},"16":{"start":{"line":35,"column":0},"end":{"line":37,"column":2}}},"fnMap":{"0":{"name":"Parameter","decl":{"start":{"line":11,"column":9},"end":{"line":11,"column":18}},"loc":{"start":{"line":11,"column":36},"end":{"line":24,"column":1}}},"1":{"name":"(anonymous_1)","decl":{"start":{"line":29,"column":29},"end":{"line":29,"column":30}},"loc":{"start":{"line":29,"column":40},"end":{"line":33,"column":1}}}},"branchMap":{},"s":{"0":2,"1":2,"2":2,"3":2,"4":2,"5":2,"6":2,"7":2,"8":2,"9":2,"10":2,"11":2,"12":1,"13":2,"14":2,"15":2,"16":1},"f":{"0":2,"1":2},"b":{},"_coverageSchema":"332fd63041d2c1bcb487cc26dd0d5f7d97098a6c","hash":"a79535003b0850efb3a19d04f59c35e17cfca994","contentHash":"d8ab1cea565cfd073dbbef2eee07dffd_10.1.2"},"/Users/arming/WebstormProjects/wolkenkratzer/src/resource.js":{"path":"/Users/arming/WebstormProjects/wolkenkratzer/src/resource.js","statementMap":{"0":{"start":{"line":5,"column":22},"end":{"line":5,"column":59}},"1":{"start":{"line":6,"column":15},"end":{"line":6,"column":41}},"2":{"start":{"line":7,"column":13},"end":{"line":7,"column":30}},"3":{"start":{"line":23,"column":2},"end":{"line":23,"column":21}},"4":{"start":{"line":24,"column":2},"end":{"line":24,"column":37}},"5":{"start":{"line":25,"column":2},"end":{"line":25,"column":31}},"6":{"start":{"line":26,"column":2},"end":{"line":26,"column":33}},"7":{"start":{"line":27,"column":2},"end":{"line":36,"column":3}},"8":{"start":{"line":28,"column":4},"end":{"line":35,"column":7}},"9":{"start":{"line":30,"column":8},"end":{"line":30,"column":41}},"10":{"start":{"line":33,"column":8},"end":{"line":33,"column":37}},"11":{"start":{"line":37,"column":2},"end":{"line":49,"column":3}},"12":{"start":{"line":38,"column":4},"end":{"line":48,"column":5}},"13":{"start":{"line":39,"column":6},"end":{"line":47,"column":7}},"14":{"start":{"line":40,"column":23},"end":{"line":40,"column":45}},"15":{"start":{"line":41,"column":8},"end":{"line":46,"column":9}},"16":{"start":{"line":42,"column":10},"end":{"line":45,"column":11}},"17":{"start":{"line":43,"column":12},"end":{"line":43,"column":48}},"18":{"start":{"line":56,"column":0},"end":{"line":58,"column":2}},"19":{"start":{"line":57,"column":2},"end":{"line":57,"column":28}},"20":{"start":{"line":64,"column":0},"end":{"line":66,"column":2}},"21":{"start":{"line":65,"column":2},"end":{"line":65,"column":21}},"22":{"start":{"line":72,"column":0},"end":{"line":95,"column":2}},"23":{"start":{"line":73,"column":2},"end":{"line":94,"column":3}},"24":{"start":{"line":77,"column":4},"end":{"line":79,"column":5}},"25":{"start":{"line":78,"column":6},"end":{"line":78,"column":25}},"26":{"start":{"line":80,"column":4},"end":{"line":84,"column":5}},"27":{"start":{"line":81,"column":6},"end":{"line":83,"column":8}},"28":{"start":{"line":85,"column":4},"end":{"line":85,"column":71}},"29":{"start":{"line":87,"column":4},"end":{"line":93,"column":6}},"30":{"start":{"line":101,"column":0},"end":{"line":126,"column":2}},"31":{"start":{"line":102,"column":2},"end":{"line":125,"column":3}},"32":{"start":{"line":106,"column":4},"end":{"line":108,"column":5}},"33":{"start":{"line":107,"column":6},"end":{"line":107,"column":25}},"34":{"start":{"line":109,"column":4},"end":{"line":113,"column":5}},"35":{"start":{"line":110,"column":6},"end":{"line":112,"column":8}},"36":{"start":{"line":114,"column":4},"end":{"line":116,"column":26}},"37":{"start":{"line":118,"column":4},"end":{"line":124,"column":6}},"38":{"start":{"line":132,"column":0},"end":{"line":141,"column":2}},"39":{"start":{"line":133,"column":2},"end":{"line":135,"column":3}},"40":{"start":{"line":134,"column":4},"end":{"line":134,"column":23}},"41":{"start":{"line":136,"column":2},"end":{"line":140,"column":3}},"42":{"start":{"line":137,"column":4},"end":{"line":137,"column":42}},"43":{"start":{"line":139,"column":4},"end":{"line":139,"column":64}},"44":{"start":{"line":146,"column":0},"end":{"line":207,"column":2}},"45":{"start":{"line":147,"column":22},"end":{"line":147,"column":65}},"46":{"start":{"line":148,"column":15},"end":{"line":148,"column":17}},"47":{"start":{"line":149,"column":2},"end":{"line":161,"column":3}},"48":{"start":{"line":150,"column":17},"end":{"line":150,"column":47}},"49":{"start":{"line":151,"column":4},"end":{"line":155,"column":5}},"50":{"start":{"line":152,"column":6},"end":{"line":154,"column":9}},"51":{"start":{"line":153,"column":8},"end":{"line":153,"column":43}},"52":{"start":{"line":156,"column":4},"end":{"line":160,"column":5}},"53":{"start":{"line":157,"column":6},"end":{"line":157,"column":33}},"54":{"start":{"line":159,"column":6},"end":{"line":159,"column":40}},"55":{"start":{"line":162,"column":2},"end":{"line":170,"column":3}},"56":{"start":{"line":163,"column":17},"end":{"line":163,"column":50}},"57":{"start":{"line":164,"column":4},"end":{"line":169,"column":5}},"58":{"start":{"line":165,"column":6},"end":{"line":167,"column":9}},"59":{"start":{"line":166,"column":8},"end":{"line":166,"column":23}},"60":{"start":{"line":168,"column":6},"end":{"line":168,"column":70}},"61":{"start":{"line":171,"column":20},"end":{"line":171,"column":22}},"62":{"start":{"line":172,"column":2},"end":{"line":187,"column":3}},"63":{"start":{"line":173,"column":4},"end":{"line":186,"column":5}},"64":{"start":{"line":174,"column":6},"end":{"line":174,"column":52}},"65":{"start":{"line":175,"column":6},"end":{"line":185,"column":7}},"66":{"start":{"line":176,"column":8},"end":{"line":184,"column":9}},"67":{"start":{"line":177,"column":10},"end":{"line":179,"column":20}},"68":{"start":{"line":181,"column":10},"end":{"line":183,"column":29}},"69":{"start":{"line":188,"column":21},"end":{"line":191,"column":3}},"70":{"start":{"line":192,"column":2},"end":{"line":194,"column":3}},"71":{"start":{"line":193,"column":4},"end":{"line":193,"column":40}},"72":{"start":{"line":195,"column":2},"end":{"line":199,"column":3}},"73":{"start":{"line":196,"column":4},"end":{"line":198,"column":5}},"74":{"start":{"line":197,"column":6},"end":{"line":197,"column":60}},"75":{"start":{"line":200,"column":2},"end":{"line":202,"column":3}},"76":{"start":{"line":201,"column":4},"end":{"line":201,"column":51}},"77":{"start":{"line":203,"column":2},"end":{"line":205,"column":3}},"78":{"start":{"line":204,"column":4},"end":{"line":204,"column":18}},"79":{"start":{"line":206,"column":2},"end":{"line":206,"column":48}},"80":{"start":{"line":214,"column":2},"end":{"line":214,"column":21}},"81":{"start":{"line":215,"column":2},"end":{"line":215,"column":31}},"82":{"start":{"line":216,"column":2},"end":{"line":216,"column":33}},"83":{"start":{"line":217,"column":2},"end":{"line":226,"column":3}},"84":{"start":{"line":218,"column":4},"end":{"line":225,"column":7}},"85":{"start":{"line":220,"column":8},"end":{"line":220,"column":41}},"86":{"start":{"line":223,"column":8},"end":{"line":223,"column":37}},"87":{"start":{"line":227,"column":2},"end":{"line":231,"column":3}},"88":{"start":{"line":228,"column":4},"end":{"line":230,"column":5}},"89":{"start":{"line":229,"column":6},"end":{"line":229,"column":53}},"90":{"start":{"line":238,"column":0},"end":{"line":274,"column":2}},"91":{"start":{"line":239,"column":22},"end":{"line":239,"column":65}},"92":{"start":{"line":240,"column":15},"end":{"line":240,"column":17}},"93":{"start":{"line":241,"column":2},"end":{"line":260,"column":3}},"94":{"start":{"line":242,"column":4},"end":{"line":259,"column":5}},"95":{"start":{"line":246,"column":19},"end":{"line":246,"column":49}},"96":{"start":{"line":247,"column":6},"end":{"line":251,"column":7}},"97":{"start":{"line":248,"column":8},"end":{"line":250,"column":11}},"98":{"start":{"line":249,"column":10},"end":{"line":249,"column":45}},"99":{"start":{"line":252,"column":6},"end":{"line":256,"column":7}},"100":{"start":{"line":253,"column":8},"end":{"line":253,"column":42}},"101":{"start":{"line":255,"column":8},"end":{"line":255,"column":35}},"102":{"start":{"line":258,"column":6},"end":{"line":258,"column":50}},"103":{"start":{"line":261,"column":2},"end":{"line":269,"column":3}},"104":{"start":{"line":262,"column":17},"end":{"line":262,"column":50}},"105":{"start":{"line":263,"column":4},"end":{"line":268,"column":5}},"106":{"start":{"line":264,"column":6},"end":{"line":266,"column":9}},"107":{"start":{"line":265,"column":8},"end":{"line":265,"column":23}},"108":{"start":{"line":267,"column":6},"end":{"line":267,"column":70}},"109":{"start":{"line":270,"column":2},"end":{"line":272,"column":3}},"110":{"start":{"line":271,"column":4},"end":{"line":271,"column":18}},"111":{"start":{"line":273,"column":2},"end":{"line":273,"column":49}},"112":{"start":{"line":276,"column":0},"end":{"line":279,"column":2}}},"fnMap":{"0":{"name":"WKResource","decl":{"start":{"line":16,"column":9},"end":{"line":16,"column":19}},"loc":{"start":{"line":22,"column":2},"end":{"line":50,"column":1}}},"1":{"name":"(anonymous_1)","decl":{"start":{"line":29,"column":11},"end":{"line":29,"column":12}},"loc":{"start":{"line":29,"column":20},"end":{"line":31,"column":7}}},"2":{"name":"(anonymous_2)","decl":{"start":{"line":32,"column":11},"end":{"line":32,"column":12}},"loc":{"start":{"line":32,"column":17},"end":{"line":34,"column":7}}},"3":{"name":"(anonymous_3)","decl":{"start":{"line":56,"column":33},"end":{"line":56,"column":34}},"loc":{"start":{"line":56,"column":52},"end":{"line":58,"column":1}}},"4":{"name":"(anonymous_4)","decl":{"start":{"line":64,"column":31},"end":{"line":64,"column":32}},"loc":{"start":{"line":64,"column":42},"end":{"line":66,"column":1}}},"5":{"name":"(anonymous_5)","decl":{"start":{"line":72,"column":33},"end":{"line":72,"column":34}},"loc":{"start":{"line":72,"column":50},"end":{"line":95,"column":1}}},"6":{"name":"(anonymous_6)","decl":{"start":{"line":101,"column":36},"end":{"line":101,"column":37}},"loc":{"start":{"line":101,"column":56},"end":{"line":126,"column":1}}},"7":{"name":"(anonymous_7)","decl":{"start":{"line":132,"column":33},"end":{"line":132,"column":34}},"loc":{"start":{"line":132,"column":50},"end":{"line":141,"column":1}}},"8":{"name":"(anonymous_8)","decl":{"start":{"line":146,"column":30},"end":{"line":146,"column":31}},"loc":{"start":{"line":146,"column":41},"end":{"line":207,"column":1}}},"9":{"name":"(anonymous_9)","decl":{"start":{"line":152,"column":28},"end":{"line":152,"column":29}},"loc":{"start":{"line":152,"column":33},"end":{"line":154,"column":7}}},"10":{"name":"(anonymous_10)","decl":{"start":{"line":165,"column":28},"end":{"line":165,"column":29}},"loc":{"start":{"line":165,"column":33},"end":{"line":167,"column":7}}},"11":{"name":"ResourceProperty","decl":{"start":{"line":213,"column":9},"end":{"line":213,"column":25}},"loc":{"start":{"line":213,"column":75},"end":{"line":232,"column":1}}},"12":{"name":"(anonymous_12)","decl":{"start":{"line":219,"column":11},"end":{"line":219,"column":12}},"loc":{"start":{"line":219,"column":20},"end":{"line":221,"column":7}}},"13":{"name":"(anonymous_13)","decl":{"start":{"line":222,"column":11},"end":{"line":222,"column":12}},"loc":{"start":{"line":222,"column":17},"end":{"line":224,"column":7}}},"14":{"name":"(anonymous_14)","decl":{"start":{"line":238,"column":36},"end":{"line":238,"column":37}},"loc":{"start":{"line":238,"column":47},"end":{"line":274,"column":1}}},"15":{"name":"(anonymous_15)","decl":{"start":{"line":248,"column":30},"end":{"line":248,"column":31}},"loc":{"start":{"line":248,"column":35},"end":{"line":250,"column":9}}},"16":{"name":"(anonymous_16)","decl":{"start":{"line":264,"column":28},"end":{"line":264,"column":29}},"loc":{"start":{"line":264,"column":33},"end":{"line":266,"column":7}}}},"branchMap":{"0":{"loc":{"start":{"line":37,"column":2},"end":{"line":49,"column":3}},"type":"if","locations":[{"start":{"line":37,"column":2},"end":{"line":49,"column":3}},{"start":{"line":37,"column":2},"end":{"line":49,"column":3}}]},"1":{"loc":{"start":{"line":39,"column":6},"end":{"line":47,"column":7}},"type":"if","locations":[{"start":{"line":39,"column":6},"end":{"line":47,"column":7}},{"start":{"line":39,"column":6},"end":{"line":47,"column":7}}]},"2":{"loc":{"start":{"line":41,"column":8},"end":{"line":46,"column":9}},"type":"if","locations":[{"start":{"line":41,"column":8},"end":{"line":46,"column":9}},{"start":{"line":41,"column":8},"end":{"line":46,"column":9}}]},"3":{"loc":{"start":{"line":73,"column":2},"end":{"line":94,"column":3}},"type":"if","locations":[{"start":{"line":73,"column":2},"end":{"line":94,"column":3}},{"start":{"line":73,"column":2},"end":{"line":94,"column":3}}]},"4":{"loc":{"start":{"line":74,"column":4},"end":{"line":75,"column":67}},"type":"binary-expr","locations":[{"start":{"line":74,"column":4},"end":{"line":74,"column":48}},{"start":{"line":75,"column":4},"end":{"line":75,"column":67}}]},"5":{"loc":{"start":{"line":77,"column":4},"end":{"line":79,"column":5}},"type":"if","locations":[{"start":{"line":77,"column":4},"end":{"line":79,"column":5}},{"start":{"line":77,"column":4},"end":{"line":79,"column":5}}]},"6":{"loc":{"start":{"line":80,"column":4},"end":{"line":84,"column":5}},"type":"if","locations":[{"start":{"line":80,"column":4},"end":{"line":84,"column":5}},{"start":{"line":80,"column":4},"end":{"line":84,"column":5}}]},"7":{"loc":{"start":{"line":102,"column":2},"end":{"line":125,"column":3}},"type":"if","locations":[{"start":{"line":102,"column":2},"end":{"line":125,"column":3}},{"start":{"line":102,"column":2},"end":{"line":125,"column":3}}]},"8":{"loc":{"start":{"line":103,"column":4},"end":{"line":104,"column":67}},"type":"binary-expr","locations":[{"start":{"line":103,"column":4},"end":{"line":103,"column":48}},{"start":{"line":104,"column":4},"end":{"line":104,"column":67}}]},"9":{"loc":{"start":{"line":106,"column":4},"end":{"line":108,"column":5}},"type":"if","locations":[{"start":{"line":106,"column":4},"end":{"line":108,"column":5}},{"start":{"line":106,"column":4},"end":{"line":108,"column":5}}]},"10":{"loc":{"start":{"line":109,"column":4},"end":{"line":113,"column":5}},"type":"if","locations":[{"start":{"line":109,"column":4},"end":{"line":113,"column":5}},{"start":{"line":109,"column":4},"end":{"line":113,"column":5}}]},"11":{"loc":{"start":{"line":133,"column":2},"end":{"line":135,"column":3}},"type":"if","locations":[{"start":{"line":133,"column":2},"end":{"line":135,"column":3}},{"start":{"line":133,"column":2},"end":{"line":135,"column":3}}]},"12":{"loc":{"start":{"line":136,"column":2},"end":{"line":140,"column":3}},"type":"if","locations":[{"start":{"line":136,"column":2},"end":{"line":140,"column":3}},{"start":{"line":136,"column":2},"end":{"line":140,"column":3}}]},"13":{"loc":{"start":{"line":151,"column":4},"end":{"line":155,"column":5}},"type":"if","locations":[{"start":{"line":151,"column":4},"end":{"line":155,"column":5}},{"start":{"line":151,"column":4},"end":{"line":155,"column":5}}]},"14":{"loc":{"start":{"line":151,"column":8},"end":{"line":151,"column":49}},"type":"binary-expr","locations":[{"start":{"line":151,"column":8},"end":{"line":151,"column":21}},{"start":{"line":151,"column":25},"end":{"line":151,"column":49}}]},"15":{"loc":{"start":{"line":156,"column":4},"end":{"line":160,"column":5}},"type":"if","locations":[{"start":{"line":156,"column":4},"end":{"line":160,"column":5}},{"start":{"line":156,"column":4},"end":{"line":160,"column":5}}]},"16":{"loc":{"start":{"line":156,"column":8},"end":{"line":156,"column":57}},"type":"binary-expr","locations":[{"start":{"line":156,"column":8},"end":{"line":156,"column":28}},{"start":{"line":156,"column":32},"end":{"line":156,"column":57}}]},"17":{"loc":{"start":{"line":162,"column":2},"end":{"line":170,"column":3}},"type":"if","locations":[{"start":{"line":162,"column":2},"end":{"line":170,"column":3}},{"start":{"line":162,"column":2},"end":{"line":170,"column":3}}]},"18":{"loc":{"start":{"line":164,"column":4},"end":{"line":169,"column":5}},"type":"if","locations":[{"start":{"line":164,"column":4},"end":{"line":169,"column":5}},{"start":{"line":164,"column":4},"end":{"line":169,"column":5}}]},"19":{"loc":{"start":{"line":172,"column":2},"end":{"line":187,"column":3}},"type":"if","locations":[{"start":{"line":172,"column":2},"end":{"line":187,"column":3}},{"start":{"line":172,"column":2},"end":{"line":187,"column":3}}]},"20":{"loc":{"start":{"line":173,"column":4},"end":{"line":186,"column":5}},"type":"if","locations":[{"start":{"line":173,"column":4},"end":{"line":186,"column":5}},{"start":{"line":173,"column":4},"end":{"line":186,"column":5}}]},"21":{"loc":{"start":{"line":176,"column":8},"end":{"line":184,"column":9}},"type":"if","locations":[{"start":{"line":176,"column":8},"end":{"line":184,"column":9}},{"start":{"line":176,"column":8},"end":{"line":184,"column":9}}]},"22":{"loc":{"start":{"line":192,"column":2},"end":{"line":194,"column":3}},"type":"if","locations":[{"start":{"line":192,"column":2},"end":{"line":194,"column":3}},{"start":{"line":192,"column":2},"end":{"line":194,"column":3}}]},"23":{"loc":{"start":{"line":195,"column":2},"end":{"line":199,"column":3}},"type":"if","locations":[{"start":{"line":195,"column":2},"end":{"line":199,"column":3}},{"start":{"line":195,"column":2},"end":{"line":199,"column":3}}]},"24":{"loc":{"start":{"line":200,"column":2},"end":{"line":202,"column":3}},"type":"if","locations":[{"start":{"line":200,"column":2},"end":{"line":202,"column":3}},{"start":{"line":200,"column":2},"end":{"line":202,"column":3}}]},"25":{"loc":{"start":{"line":203,"column":2},"end":{"line":205,"column":3}},"type":"if","locations":[{"start":{"line":203,"column":2},"end":{"line":205,"column":3}},{"start":{"line":203,"column":2},"end":{"line":205,"column":3}}]},"26":{"loc":{"start":{"line":227,"column":2},"end":{"line":231,"column":3}},"type":"if","locations":[{"start":{"line":227,"column":2},"end":{"line":231,"column":3}},{"start":{"line":227,"column":2},"end":{"line":231,"column":3}}]},"27":{"loc":{"start":{"line":242,"column":4},"end":{"line":259,"column":5}},"type":"if","locations":[{"start":{"line":242,"column":4},"end":{"line":259,"column":5}},{"start":{"line":242,"column":4},"end":{"line":259,"column":5}}]},"28":{"loc":{"start":{"line":243,"column":6},"end":{"line":244,"column":56}},"type":"binary-expr","locations":[{"start":{"line":243,"column":6},"end":{"line":243,"column":55}},{"start":{"line":244,"column":6},"end":{"line":244,"column":56}}]},"29":{"loc":{"start":{"line":247,"column":6},"end":{"line":251,"column":7}},"type":"if","locations":[{"start":{"line":247,"column":6},"end":{"line":251,"column":7}},{"start":{"line":247,"column":6},"end":{"line":251,"column":7}}]},"30":{"loc":{"start":{"line":247,"column":10},"end":{"line":247,"column":51}},"type":"binary-expr","locations":[{"start":{"line":247,"column":10},"end":{"line":247,"column":23}},{"start":{"line":247,"column":27},"end":{"line":247,"column":51}}]},"31":{"loc":{"start":{"line":252,"column":6},"end":{"line":256,"column":7}},"type":"if","locations":[{"start":{"line":252,"column":6},"end":{"line":256,"column":7}},{"start":{"line":252,"column":6},"end":{"line":256,"column":7}}]},"32":{"loc":{"start":{"line":261,"column":2},"end":{"line":269,"column":3}},"type":"if","locations":[{"start":{"line":261,"column":2},"end":{"line":269,"column":3}},{"start":{"line":261,"column":2},"end":{"line":269,"column":3}}]},"33":{"loc":{"start":{"line":263,"column":4},"end":{"line":268,"column":5}},"type":"if","locations":[{"start":{"line":263,"column":4},"end":{"line":268,"column":5}},{"start":{"line":263,"column":4},"end":{"line":268,"column":5}}]},"34":{"loc":{"start":{"line":270,"column":2},"end":{"line":272,"column":3}},"type":"if","locations":[{"start":{"line":270,"column":2},"end":{"line":272,"column":3}},{"start":{"line":270,"column":2},"end":{"line":272,"column":3}}]}},"s":{"0":1,"1":1,"2":1,"3":19,"4":19,"5":19,"6":19,"7":19,"8":265,"9":16,"10":4,"11":19,"12":2,"13":6,"14":6,"15":6,"16":6,"17":6,"18":1,"19":0,"20":1,"21":0,"22":1,"23":3,"24":2,"25":2,"26":2,"27":2,"28":2,"29":1,"30":1,"31":2,"32":2,"33":2,"34":2,"35":2,"36":2,"37":0,"38":1,"39":0,"40":0,"41":0,"42":0,"43":0,"44":1,"45":18,"46":18,"47":18,"48":255,"49":255,"50":1,"51":1,"52":255,"53":229,"54":26,"55":18,"56":0,"57":0,"58":0,"59":0,"60":0,"61":18,"62":18,"63":4,"64":4,"65":4,"66":6,"67":4,"68":2,"69":18,"70":18,"71":4,"72":18,"73":0,"74":0,"75":18,"76":0,"77":18,"78":17,"79":18,"80":4,"81":4,"82":4,"83":4,"84":16,"85":0,"86":0,"87":4,"88":4,"89":6,"90":1,"91":2,"92":2,"93":2,"94":8,"95":5,"96":5,"97":1,"98":1,"99":5,"100":0,"101":5,"102":3,"103":2,"104":0,"105":0,"106":0,"107":0,"108":0,"109":2,"110":0,"111":2,"112":1},"f":{"0":19,"1":16,"2":4,"3":0,"4":0,"5":3,"6":2,"7":0,"8":18,"9":1,"10":0,"11":4,"12":0,"13":0,"14":2,"15":1,"16":0},"b":{"0":[2,17],"1":[6,0],"2":[6,0],"3":[2,1],"4":[3,2],"5":[2,0],"6":[2,0],"7":[2,0],"8":[2,1],"9":[2,0],"10":[2,0],"11":[0,0],"12":[0,0],"13":[1,254],"14":[255,26],"15":[229,26],"16":[255,26],"17":[0,18],"18":[0,0],"19":[4,14],"20":[4,0],"21":[4,2],"22":[4,14],"23":[0,18],"24":[0,18],"25":[17,1],"26":[4,0],"27":[5,3],"28":[8,8],"29":[1,4],"30":[5,1],"31":[0,5],"32":[0,2],"33":[0,0],"34":[0,2]},"_coverageSchema":"332fd63041d2c1bcb487cc26dd0d5f7d97098a6c","hash":"ddaa8747aa0fbd860bd5c476d33815b35b2efbbb","contentHash":"4c1d69a77ff108311b4d1fe2c5811100_10.1.2"},"/Users/arming/WebstormProjects/wolkenkratzer/src/policy.js":{"path":"/Users/arming/WebstormProjects/wolkenkratzer/src/policy.js","statementMap":{"0":{"start":{"line":6,"column":22},"end":{"line":6,"column":59}},"1":{"start":{"line":14,"column":2},"end":{"line":14,"column":21}},"2":{"start":{"line":17,"column":0},"end":{"line":21,"column":2}},"3":{"start":{"line":18,"column":10},"end":{"line":18,"column":42}},"4":{"start":{"line":19,"column":2},"end":{"line":19,"column":18}},"5":{"start":{"line":20,"column":2},"end":{"line":20,"column":11}},"6":{"start":{"line":27,"column":2},"end":{"line":27,"column":38}},"7":{"start":{"line":28,"column":2},"end":{"line":31,"column":3}},"8":{"start":{"line":29,"column":4},"end":{"line":29,"column":74}},"9":{"start":{"line":30,"column":4},"end":{"line":30,"column":52}},"10":{"start":{"line":33,"column":0},"end":{"line":33,"column":59}},"11":{"start":{"line":39,"column":2},"end":{"line":39,"column":38}},"12":{"start":{"line":40,"column":2},"end":{"line":46,"column":3}},"13":{"start":{"line":41,"column":4},"end":{"line":41,"column":21}},"14":{"start":{"line":43,"column":4},"end":{"line":45,"column":6}},"15":{"start":{"line":48,"column":0},"end":{"line":48,"column":59}},"16":{"start":{"line":54,"column":2},"end":{"line":54,"column":36}},"17":{"start":{"line":56,"column":0},"end":{"line":56,"column":57}},"18":{"start":{"line":58,"column":0},"end":{"line":63,"column":2}}},"fnMap":{"0":{"name":"Policy","decl":{"start":{"line":13,"column":9},"end":{"line":13,"column":15}},"loc":{"start":{"line":13,"column":22},"end":{"line":15,"column":1}}},"1":{"name":"(anonymous_1)","decl":{"start":{"line":17,"column":26},"end":{"line":17,"column":27}},"loc":{"start":{"line":17,"column":37},"end":{"line":21,"column":1}}},"2":{"name":"CreationPolicy","decl":{"start":{"line":26,"column":9},"end":{"line":26,"column":23}},"loc":{"start":{"line":26,"column":36},"end":{"line":32,"column":1}}},"3":{"name":"DeletionPolicy","decl":{"start":{"line":38,"column":9},"end":{"line":38,"column":23}},"loc":{"start":{"line":38,"column":30},"end":{"line":47,"column":1}}},"4":{"name":"UpdatePolicy","decl":{"start":{"line":53,"column":9},"end":{"line":53,"column":21}},"loc":{"start":{"line":53,"column":34},"end":{"line":55,"column":1}}}},"branchMap":{"0":{"loc":{"start":{"line":28,"column":2},"end":{"line":31,"column":3}},"type":"if","locations":[{"start":{"line":28,"column":2},"end":{"line":31,"column":3}},{"start":{"line":28,"column":2},"end":{"line":31,"column":3}}]},"1":{"loc":{"start":{"line":40,"column":2},"end":{"line":46,"column":3}},"type":"if","locations":[{"start":{"line":40,"column":2},"end":{"line":46,"column":3}},{"start":{"line":40,"column":2},"end":{"line":46,"column":3}}]},"2":{"loc":{"start":{"line":40,"column":6},"end":{"line":40,"column":67}},"type":"binary-expr","locations":[{"start":{"line":40,"column":6},"end":{"line":40,"column":23}},{"start":{"line":40,"column":27},"end":{"line":40,"column":44}},{"start":{"line":40,"column":48},"end":{"line":40,"column":67}}]}},"s":{"0":1,"1":0,"2":1,"3":0,"4":0,"5":0,"6":0,"7":0,"8":0,"9":0,"10":1,"11":0,"12":0,"13":0,"14":0,"15":1,"16":0,"17":1,"18":1},"f":{"0":0,"1":0,"2":0,"3":0,"4":0},"b":{"0":[0,0],"1":[0,0],"2":[0,0,0]},"_coverageSchema":"332fd63041d2c1bcb487cc26dd0d5f7d97098a6c","hash":"2f47ed46cebff6670ae4dcc3591709c1b8b9c824","contentHash":"1917c3cbe80a1c2c8e552a39a4051885_10.1.2"},"/Users/arming/WebstormProjects/wolkenkratzer/src/util.js":{"path":"/Users/arming/WebstormProjects/wolkenkratzer/src/util.js","statementMap":{"0":{"start":{"line":7,"column":2},"end":{"line":7,"column":69}},"1":{"start":{"line":11,"column":2},"end":{"line":11,"column":33}},"2":{"start":{"line":15,"column":2},"end":{"line":17,"column":4}},"3":{"start":{"line":20,"column":0},"end":{"line":23,"column":2}}},"fnMap":{"0":{"name":"isEmpty","decl":{"start":{"line":6,"column":9},"end":{"line":6,"column":16}},"loc":{"start":{"line":6,"column":22},"end":{"line":8,"column":1}}},"1":{"name":"safeRename","decl":{"start":{"line":10,"column":9},"end":{"line":10,"column":19}},"loc":{"start":{"line":10,"column":26},"end":{"line":12,"column":1}}},"2":{"name":"_generateShortHash","decl":{"start":{"line":14,"column":9},"end":{"line":14,"column":27}},"loc":{"start":{"line":14,"column":30},"end":{"line":18,"column":1}}}},"branchMap":{"0":{"loc":{"start":{"line":7,"column":9},"end":{"line":7,"column":68}},"type":"binary-expr","locations":[{"start":{"line":7,"column":9},"end":{"line":7,"column":38}},{"start":{"line":7,"column":42},"end":{"line":7,"column":68}}]}},"s":{"0":26,"1":0,"2":0,"3":1},"f":{"0":26,"1":0,"2":0},"b":{"0":[26,2]},"_coverageSchema":"332fd63041d2c1bcb487cc26dd0d5f7d97098a6c","hash":"f82dbe3b39935e78886f387a490c726e9b60758d","contentHash":"c462fd75a9a69f59e70e783b90bb94c4_10.1.2"},"/Users/arming/WebstormProjects/wolkenkratzer/src/service.js":{"path":"/Users/arming/WebstormProjects/wolkenkratzer/src/service.js","statementMap":{"0":{"start":{"line":6,"column":26},"end":{"line":6,"column":74}},"1":{"start":{"line":7,"column":19},"end":{"line":7,"column":51}},"2":{"start":{"line":8,"column":14},"end":{"line":8,"column":34}},"3":{"start":{"line":9,"column":12},"end":{"line":9,"column":28}},"4":{"start":{"line":12,"column":16},"end":{"line":12,"column":18}},"5":{"start":{"line":13,"column":15},"end":{"line":13,"column":64}},"6":{"start":{"line":14,"column":2},"end":{"line":56,"column":3}},"7":{"start":{"line":15,"column":24},"end":{"line":52,"column":5}},"8":{"start":{"line":16,"column":25},"end":{"line":16,"column":48}},"9":{"start":{"line":17,"column":23},"end":{"line":17,"column":25}},"10":{"start":{"line":18,"column":6},"end":{"line":49,"column":7}},"11":{"start":{"line":19,"column":8},"end":{"line":48,"column":9}},"12":{"start":{"line":20,"column":10},"end":{"line":20,"column":46}},"13":{"start":{"line":22,"column":26},"end":{"line":22,"column":61}},"14":{"start":{"line":23,"column":25},"end":{"line":23,"column":31}},"15":{"start":{"line":24,"column":10},"end":{"line":40,"column":11}},"16":{"start":{"line":26,"column":14},"end":{"line":26,"column":32}},"17":{"start":{"line":27,"column":14},"end":{"line":27,"column":20}},"18":{"start":{"line":29,"column":14},"end":{"line":29,"column":32}},"19":{"start":{"line":30,"column":14},"end":{"line":30,"column":20}},"20":{"start":{"line":32,"column":14},"end":{"line":32,"column":33}},"21":{"start":{"line":33,"column":14},"end":{"line":33,"column":20}},"22":{"start":{"line":35,"column":14},"end":{"line":35,"column":32}},"23":{"start":{"line":36,"column":14},"end":{"line":36,"column":20}},"24":{"start":{"line":38,"column":14},"end":{"line":38,"column":47}},"25":{"start":{"line":39,"column":14},"end":{"line":39,"column":20}},"26":{"start":{"line":41,"column":10},"end":{"line":47,"column":12}},"27":{"start":{"line":50,"column":6},"end":{"line":50,"column":78}},"28":{"start":{"line":51,"column":6},"end":{"line":51,"column":18}},"29":{"start":{"line":53,"column":4},"end":{"line":53,"column":66}},"30":{"start":{"line":55,"column":4},"end":{"line":55,"column":42}},"31":{"start":{"line":57,"column":2},"end":{"line":57,"column":17}},"32":{"start":{"line":60,"column":0},"end":{"line":60,"column":25}}},"fnMap":{"0":{"name":"Service","decl":{"start":{"line":11,"column":9},"end":{"line":11,"column":16}},"loc":{"start":{"line":11,"column":30},"end":{"line":58,"column":1}}},"1":{"name":"(anonymous_1)","decl":{"start":{"line":15,"column":24},"end":{"line":15,"column":25}},"loc":{"start":{"line":15,"column":57},"end":{"line":52,"column":5}}}},"branchMap":{"0":{"loc":{"start":{"line":19,"column":8},"end":{"line":48,"column":9}},"type":"if","locations":[{"start":{"line":19,"column":8},"end":{"line":48,"column":9}},{"start":{"line":19,"column":8},"end":{"line":48,"column":9}}]},"1":{"loc":{"start":{"line":24,"column":10},"end":{"line":40,"column":11}},"type":"switch","locations":[{"start":{"line":25,"column":12},"end":{"line":27,"column":20}},{"start":{"line":28,"column":12},"end":{"line":30,"column":20}},{"start":{"line":31,"column":12},"end":{"line":33,"column":20}},{"start":{"line":34,"column":12},"end":{"line":36,"column":20}},{"start":{"line":37,"column":12},"end":{"line":39,"column":20}}]}},"s":{"0":1,"1":1,"2":1,"3":1,"4":50,"5":50,"6":50,"7":188,"8":19,"9":19,"10":19,"11":265,"12":14,"13":251,"14":251,"15":251,"16":144,"17":144,"18":4,"19":4,"20":30,"21":30,"22":0,"23":0,"24":73,"25":73,"26":251,"27":19,"28":19,"29":188,"30":188,"31":50,"32":1},"f":{"0":50,"1":19},"b":{"0":[14,251],"1":[144,4,30,0,73]},"_coverageSchema":"332fd63041d2c1bcb487cc26dd0d5f7d97098a6c","hash":"4a171babd93dfd4c97955cc208a0a3bee8a521b6","contentHash":"2c20045e3b82581dfc74f710781af254_10.1.2"},"/Users/arming/WebstormProjects/wolkenkratzer/src/resourceattribute.js":{"path":"/Users/arming/WebstormProjects/wolkenkratzer/src/resourceattribute.js","statementMap":{"0":{"start":{"line":6,"column":18},"end":{"line":6,"column":40}},"1":{"start":{"line":7,"column":12},"end":{"line":7,"column":25}},"2":{"start":{"line":8,"column":14},"end":{"line":8,"column":29}},"3":{"start":{"line":9,"column":17},"end":{"line":9,"column":35}},"4":{"start":{"line":10,"column":20},"end":{"line":10,"column":41}},"5":{"start":{"line":11,"column":17},"end":{"line":11,"column":35}},"6":{"start":{"line":12,"column":15},"end":{"line":12,"column":31}},"7":{"start":{"line":13,"column":34},"end":{"line":15,"column":27}},"8":{"start":{"line":16,"column":22},"end":{"line":16,"column":59}},"9":{"start":{"line":17,"column":25},"end":{"line":17,"column":63}},"10":{"start":{"line":25,"column":2},"end":{"line":25,"column":21}},"11":{"start":{"line":26,"column":2},"end":{"line":26,"column":19}},"12":{"start":{"line":27,"column":2},"end":{"line":27,"column":25}},"13":{"start":{"line":28,"column":2},"end":{"line":28,"column":27}},"14":{"start":{"line":29,"column":2},"end":{"line":29,"column":19}},"15":{"start":{"line":36,"column":0},"end":{"line":100,"column":2}},"16":{"start":{"line":37,"column":2},"end":{"line":99,"column":3}},"17":{"start":{"line":38,"column":26},"end":{"line":38,"column":56}},"18":{"start":{"line":39,"column":4},"end":{"line":41,"column":5}},"19":{"start":{"line":40,"column":6},"end":{"line":40,"column":30}},"20":{"start":{"line":42,"column":4},"end":{"line":70,"column":5}},"21":{"start":{"line":43,"column":6},"end":{"line":43,"column":23}},"22":{"start":{"line":44,"column":11},"end":{"line":70,"column":5}},"23":{"start":{"line":45,"column":6},"end":{"line":47,"column":8}},"24":{"start":{"line":49,"column":6},"end":{"line":49,"column":20}},"25":{"start":{"line":50,"column":6},"end":{"line":69,"column":7}},"26":{"start":{"line":51,"column":8},"end":{"line":51,"column":33}},"27":{"start":{"line":52,"column":8},"end":{"line":68,"column":9}},"28":{"start":{"line":59,"column":10},"end":{"line":59,"column":29}},"29":{"start":{"line":61,"column":10},"end":{"line":67,"column":12}},"30":{"start":{"line":72,"column":26},"end":{"line":72,"column":56}},"31":{"start":{"line":73,"column":4},"end":{"line":75,"column":5}},"32":{"start":{"line":74,"column":6},"end":{"line":74,"column":30}},"33":{"start":{"line":76,"column":4},"end":{"line":98,"column":5}},"34":{"start":{"line":77,"column":6},"end":{"line":77,"column":23}},"35":{"start":{"line":79,"column":6},"end":{"line":97,"column":7}},"36":{"start":{"line":86,"column":8},"end":{"line":86,"column":25}},"37":{"start":{"line":87,"column":13},"end":{"line":97,"column":7}},"38":{"start":{"line":88,"column":8},"end":{"line":88,"column":40}},"39":{"start":{"line":90,"column":8},"end":{"line":96,"column":10}},"40":{"start":{"line":106,"column":0},"end":{"line":145,"column":2}},"41":{"start":{"line":107,"column":2},"end":{"line":111,"column":3}},"42":{"start":{"line":108,"column":4},"end":{"line":110,"column":6}},"43":{"start":{"line":112,"column":14},"end":{"line":112,"column":17}},"44":{"start":{"line":113,"column":24},"end":{"line":113,"column":54}},"45":{"start":{"line":114,"column":2},"end":{"line":116,"column":3}},"46":{"start":{"line":115,"column":4},"end":{"line":115,"column":28}},"47":{"start":{"line":117,"column":2},"end":{"line":144,"column":3}},"48":{"start":{"line":124,"column":4},"end":{"line":126,"column":5}},"49":{"start":{"line":125,"column":6},"end":{"line":125,"column":20}},"50":{"start":{"line":127,"column":4},"end":{"line":127,"column":23}},"51":{"start":{"line":129,"column":4},"end":{"line":143,"column":5}},"52":{"start":{"line":130,"column":6},"end":{"line":132,"column":7}},"53":{"start":{"line":131,"column":8},"end":{"line":131,"column":22}},"54":{"start":{"line":133,"column":22},"end":{"line":133,"column":40}},"55":{"start":{"line":134,"column":6},"end":{"line":134,"column":31}},"56":{"start":{"line":136,"column":6},"end":{"line":142,"column":8}},"57":{"start":{"line":151,"column":0},"end":{"line":153,"column":2}},"58":{"start":{"line":152,"column":2},"end":{"line":152,"column":18}},"59":{"start":{"line":159,"column":0},"end":{"line":161,"column":2}},"60":{"start":{"line":160,"column":2},"end":{"line":160,"column":31}},"61":{"start":{"line":167,"column":0},"end":{"line":169,"column":2}},"62":{"start":{"line":168,"column":2},"end":{"line":168,"column":30}},"63":{"start":{"line":176,"column":0},"end":{"line":178,"column":2}},"64":{"start":{"line":177,"column":2},"end":{"line":177,"column":47}},"65":{"start":{"line":186,"column":0},"end":{"line":188,"column":2}},"66":{"start":{"line":187,"column":2},"end":{"line":187,"column":47}},"67":{"start":{"line":195,"column":0},"end":{"line":197,"column":2}},"68":{"start":{"line":196,"column":2},"end":{"line":196,"column":43}},"69":{"start":{"line":203,"column":0},"end":{"line":205,"column":2}},"70":{"start":{"line":204,"column":2},"end":{"line":204,"column":35}},"71":{"start":{"line":211,"column":0},"end":{"line":293,"column":2}},"72":{"start":{"line":212,"column":15},"end":{"line":212,"column":17}},"73":{"start":{"line":213,"column":2},"end":{"line":292,"column":3}},"74":{"start":{"line":214,"column":4},"end":{"line":267,"column":5}},"75":{"start":{"line":215,"column":6},"end":{"line":259,"column":7}},"76":{"start":{"line":216,"column":21},"end":{"line":216,"column":38}},"77":{"start":{"line":217,"column":8},"end":{"line":221,"column":9}},"78":{"start":{"line":218,"column":10},"end":{"line":220,"column":13}},"79":{"start":{"line":219,"column":12},"end":{"line":219,"column":27}},"80":{"start":{"line":222,"column":8},"end":{"line":222,"column":53}},"81":{"start":{"line":223,"column":13},"end":{"line":259,"column":7}},"82":{"start":{"line":224,"column":24},"end":{"line":224,"column":26}},"83":{"start":{"line":225,"column":8},"end":{"line":235,"column":9}},"84":{"start":{"line":226,"column":23},"end":{"line":226,"column":46}},"85":{"start":{"line":227,"column":10},"end":{"line":231,"column":11}},"86":{"start":{"line":228,"column":12},"end":{"line":230,"column":15}},"87":{"start":{"line":229,"column":14},"end":{"line":229,"column":29}},"88":{"start":{"line":232,"column":10},"end":{"line":234,"column":11}},"89":{"start":{"line":233,"column":12},"end":{"line":233,"column":40}},"90":{"start":{"line":236,"column":8},"end":{"line":238,"column":9}},"91":{"start":{"line":237,"column":10},"end":{"line":237,"column":53}},"92":{"start":{"line":240,"column":24},"end":{"line":240,"column":26}},"93":{"start":{"line":241,"column":8},"end":{"line":255,"column":9}},"94":{"start":{"line":242,"column":10},"end":{"line":254,"column":11}},"95":{"start":{"line":243,"column":25},"end":{"line":243,"column":48}},"96":{"start":{"line":244,"column":12},"end":{"line":248,"column":13}},"97":{"start":{"line":245,"column":14},"end":{"line":247,"column":17}},"98":{"start":{"line":246,"column":16},"end":{"line":246,"column":31}},"99":{"start":{"line":249,"column":12},"end":{"line":251,"column":13}},"100":{"start":{"line":250,"column":14},"end":{"line":250,"column":42}},"101":{"start":{"line":253,"column":12},"end":{"line":253,"column":43}},"102":{"start":{"line":256,"column":8},"end":{"line":258,"column":9}},"103":{"start":{"line":257,"column":10},"end":{"line":257,"column":53}},"104":{"start":{"line":261,"column":6},"end":{"l
[...]
7":{"start":{"line":155,"column":4},"end":{"line":171,"column":5}},"68":{"start":{"line":156,"column":6},"end":{"line":156,"column":22}},"69":{"start":{"line":158,"column":6},"end":{"line":170,"column":7}},"70":{"start":{"line":159,"column":8},"end":{"line":165,"column":9}},"71":{"start":{"line":160,"column":10},"end":{"line":160,"column":26}},"72":{"start":{"line":162,"column":10},"end":{"line":164,"column":11}},"73":{"start":{"line":163,"column":12},"end":{"line":163,"column":80}},"74":{"start":{"line":167,"column":8},"end":{"line":169,"column":9}},"75":{"start":{"line":168,"column":10},"end":{"line":168,"column":60}},"76":{"start":{"line":173,"column":2},"end":{"line":173,"column":11}},"77":{"start":{"line":180,"column":2},"end":{"line":180,"column":21}},"78":{"start":{"line":181,"column":2},"end":{"line":181,"column":20}},"79":{"start":{"line":188,"column":0},"end":{"line":190,"column":2}},"80":{"start":{"line":189,"column":2},"end":{"line":189,"column":35}},"81":{"start":{"line":195,"column":0},"end":{"line":199,"column":2}},"82":{"start":{"line":196,"column":10},"end":{"line":196,"column":42}},"83":{"start":{"line":197,"column":2},"end":{"line":197,"column":18}},"84":{"start":{"line":198,"column":2},"end":{"line":198,"column":11}},"85":{"start":{"line":201,"column":0},"end":{"line":209,"column":2}}},"fnMap":{"0":{"name":"Block","decl":{"start":{"line":13,"column":9},"end":{"line":13,"column":14}},"loc":{"start":{"line":13,"column":21},"end":{"line":15,"column":1}}},"1":{"name":"(anonymous_1)","decl":{"start":{"line":20,"column":25},"end":{"line":20,"column":26}},"loc":{"start":{"line":20,"column":36},"end":{"line":24,"column":1}}},"2":{"name":"Command","decl":{"start":{"line":29,"column":9},"end":{"line":29,"column":16}},"loc":{"start":{"line":29,"column":34},"end":{"line":39,"column":1}}},"3":{"name":"File","decl":{"start":{"line":45,"column":9},"end":{"line":45,"column":13}},"loc":{"start":{"line":45,"column":31},"end":{"line":57,"column":1}}},"4":{"name":"Packages","decl":{"start":{"line":64,"column":9},"end":{"line":64,"column":17}},"loc":{"start":{"line":64,"column":30},"end":{"line":67,"column":1}}},"5":{"name":"(anonymous_5)","decl":{"start":{"line":75,"column":28},"end":{"line":75,"column":29}},"loc":{"start":{"line":75,"column":39},"end":{"line":77,"column":1}}},"6":{"name":"Service","decl":{"start":{"line":82,"column":9},"end":{"line":82,"column":16}},"loc":{"start":{"line":82,"column":34},"end":{"line":92,"column":1}}},"7":{"name":"Source","decl":{"start":{"line":98,"column":9},"end":{"line":98,"column":15}},"loc":{"start":{"line":98,"column":28},"end":{"line":101,"column":1}}},"8":{"name":"(anonymous_8)","decl":{"start":{"line":108,"column":26},"end":{"line":108,"column":27}},"loc":{"start":{"line":108,"column":37},"end":{"line":110,"column":1}}},"9":{"name":"Config","decl":{"start":{"line":115,"column":9},"end":{"line":115,"column":15}},"loc":{"start":{"line":115,"column":22},"end":{"line":124,"column":1}}},"10":{"name":"(anonymous_10)","decl":{"start":{"line":130,"column":23},"end":{"line":130,"column":24}},"loc":{"start":{"line":130,"column":39},"end":{"line":146,"column":1}}},"11":{"name":"(anonymous_11)","decl":{"start":{"line":151,"column":26},"end":{"line":151,"column":27}},"loc":{"start":{"line":151,"column":37},"end":{"line":174,"column":1}}},"12":{"name":"ConfigSet","decl":{"start":{"line":179,"column":9},"end":{"line":179,"column":18}},"loc":{"start":{"line":179,"column":25},"end":{"line":182,"column":1}}},"13":{"name":"(anonymous_13)","decl":{"start":{"line":188,"column":26},"end":{"line":188,"column":27}},"loc":{"start":{"line":188,"column":43},"end":{"line":190,"column":1}}},"14":{"name":"(anonymous_14)","decl":{"start":{"line":195,"column":29},"end":{"line":195,"column":30}},"loc":{"start":{"line":195,"column":40},"end":{"line":199,"column":1}}}},"branchMap":{"0":{"loc":{"start":{"line":31,"column":2},"end":{"line":38,"column":3}},"type":"if","locations":[{"start":{"line":31,"column":2},"end":{"line":38,"column":3}},{"start":{"line":31,"column":2},"end":{"line":38,"column":3}}]},"1":{"loc":{"start":{"line":47,"column":2},"end":{"line":56,"column":3}},"type":"if","locations":[{"start":{"line":47,"column":2},"end":{"line":56,"column":3}},{"start":{"line":47,"column":2},"end":{"line":56,"column":3}}]},"2":{"loc":{"start":{"line":84,"column":2},"end":{"line":91,"column":3}},"type":"if","locations":[{"start":{"line":84,"column":2},"end":{"line":91,"column":3}},{"start":{"line":84,"column":2},"end":{"line":91,"column":3}}]},"3":{"loc":{"start":{"line":131,"column":2},"end":{"line":145,"column":3}},"type":"if","locations":[{"start":{"line":131,"column":2},"end":{"line":145,"column":3}},{"start":{"line":131,"column":2},"end":{"line":145,"column":3}}]},"4":{"loc":{"start":{"line":133,"column":9},"end":{"line":145,"column":3}},"type":"if","locations":[{"start":{"line":133,"column":9},"end":{"line":145,"column":3}},{"start":{"line":133,"column":9},"end":{"line":145,"column":3}}]},"5":{"loc":{"start":{"line":135,"column":9},"end":{"line":145,"column":3}},"type":"if","locations":[{"start":{"line":135,"column":9},"end":{"line":145,"column":3}},{"start":{"line":135,"column":9},"end":{"line":145,"column":3}}]},"6":{"loc":{"start":{"line":137,"column":9},"end":{"line":145,"column":3}},"type":"if","locations":[{"start":{"line":137,"column":9},"end":{"line":145,"column":3}},{"start":{"line":137,"column":9},"end":{"line":145,"column":3}}]},"7":{"loc":{"start":{"line":139,"column":9},"end":{"line":145,"column":3}},"type":"if","locations":[{"start":{"line":139,"column":9},"end":{"line":145,"column":3}},{"start":{"line":139,"column":9},"end":{"line":145,"column":3}}]},"8":{"loc":{"start":{"line":155,"column":4},"end":{"line":171,"column":5}},"type":"if","locations":[{"start":{"line":155,"column":4},"end":{"line":171,"column":5}},{"start":{"line":155,"column":4},"end":{"line":171,"column":5}}]},"9":{"loc":{"start":{"line":158,"column":6},"end":{"line":170,"column":7}},"type":"if","locations":[{"start":{"line":158,"column":6},"end":{"line":170,"column":7}},{"start":{"line":158,"column":6},"end":{"line":170,"column":7}}]},"10":{"loc":{"start":{"line":159,"column":8},"end":{"line":165,"column":9}},"type":"if","locations":[{"start":{"line":159,"column":8},"end":{"line":165,"column":9}},{"start":{"line":159,"column":8},"end":{"line":165,"column":9}}]}},"s":{"0":1,"1":0,"2":1,"3":0,"4":0,"5":0,"6":0,"7":0,"8":0,"9":0,"10":0,"11":0,"12":0,"13":0,"14":1,"15":0,"16":0,"17":0,"18":0,"19":0,"20":0,"21":0,"22":0,"23":0,"24":0,"25":1,"26":0,"27":0,"28":1,"29":1,"30":0,"31":0,"32":0,"33":0,"34":0,"35":0,"36":0,"37":0,"38":0,"39":1,"40":0,"41":0,"42":1,"43":1,"44":0,"45":5,"46":5,"47":5,"48":5,"49":5,"50":5,"51":1,"52":0,"53":0,"54":0,"55":0,"56":0,"57":0,"58":0,"59":0,"60":0,"61":0,"62":0,"63":1,"64":2,"65":2,"66":2,"67":10,"68":8,"69":2,"70":2,"71":2,"72":0,"73":0,"74":0,"75":0,"76":2,"77":4,"78":4,"79":1,"80":0,"81":1,"82":0,"83":0,"84":0,"85":1},"f":{"0":0,"1":0,"2":0,"3":0,"4":0,"5":0,"6":0,"7":0,"8":0,"9":5,"10":0,"11":2,"12":4,"13":0,"14":0},"b":{"0":[0,0],"1":[0,0],"2":[0,0],"3":[0,0],"4":[0,0],"5":[0,0],"6":[0,0],"7":[0,0],"8":[8,2],"9":[2,0],"10":[2,0]},"_coverageSchema":"332fd63041d2c1bcb487cc26dd0d5f7d97098a6c","hash":"845b5f930147bf2aed196c83967d0fd0f9940c15","contentHash":"705add1f9626c193ce43d3943d93291e_10.1.2"},"/Users/arming/WebstormProjects/wolkenkratzer/src/macro.js":{"path":"/Users/arming/WebstormProjects/wolkenkratzer/src/macro.js","statementMap":{"0":{"start":{"line":6,"column":16},"end":{"line":6,"column":49}},"1":{"start":{"line":7,"column":11},"end":{"line":7,"column":39}},"2":{"start":{"line":9,"column":0},"end":{"line":12,"column":2}}},"fnMap":{},"branchMap":{},"s":{"0":1,"1":1,"2":1},"f":{},"b":{},"_coverageSchema":"332fd63041d2c1bcb487cc26dd0d5f7d97098a6c","hash":"09e5eaae0c0a5d97b05ebc0f4f6e1905329fcd1b","contentHash":"a2751907ee367c8910e0232adf735784_10.1.2"},"/Users/arming/WebstormProjects/wolkenkratzer/src/macros/ec2meta.macro.js":{"path":"/Users/arming/WebstormProjects/wolkenkratzer/src/macros/ec2meta.macro.js","statementMap":{"0":{"start":{"line":6,"column":22},"end":{"line":6,"column":65}},"1":{"start":{"line":7,"column":16},"end":{"line":7,"column":35}},"2":{"start":{"line":17,"column":2},"end":{"line":17,"column":23}},"3":{"start":{"line":26,"column":16},"end":{"line":26,"column":18}},"4":{"start":{"line":27,"column":2},"end":{"line":29,"column":5}},"5":{"start":{"line":28,"column":4},"end":{"line":28,"column":45}},"6":{"start":{"line":30,"column":2},"end":{"line":30,"column":17}},"7":{"start":{"line":39,"column":16},"end":{"line":39,"column":18}},"8":{"start":{"line":40,"column":2},"end":{"line":42,"column":5}},"9":{"start":{"line":41,"column":4},"end":{"line":41,"column":55}},"10":{"start":{"line":43,"column":2},"end":{"line":43,"column":17}},"11":{"start":{"line":52,"column":2},"end":{"line":65,"column":4}},"12":{"start":{"line":76,"column":14},"end":{"line":76,"column":32}},"13":{"start":{"line":77,"column":2},"end":{"line":119,"column":7}},"14":{"start":{"line":79,"column":22},"end":{"line":79,"column":53}},"15":{"start":{"line":80,"column":6},"end":{"line":111,"column":11}},"16":{"start":{"line":82,"column":10},"end":{"line":99,"column":15}},"17":{"start":{"line":88,"column":24},"end":{"line":88,"column":26}},"18":{"start":{"line":89,"column":14},"end":{"line":97,"column":15}},"19":{"start":{"line":90,"column":16},"end":{"line":94,"column":17}},"20":{"start":{"line":91,"column":18},"end":{"line":91,"column":62}},"21":{"start":{"line":93,"column":18},"end":{"line":93,"column":56}},"22":{"start":{"line":96,"column":16},"end":{"line":96,"column":54}},"23":{"start":{"line":98,"column":14},"end":{"line":98,"column":25}},"24":{"start":{"line":102,"column":10},"end":{"line":109,"column":12}},"25":{"start":{"line":104,"column":24},"end":{"line":104,"column":47}},"26":{"start":{"line":105,"column":14},"end":{"line":105,"column":39}},"27":{"start":{"line":106,"column":14},"end":{"line":106,"column":26}},"28":{"start":{"line":110,"column":10},"end":{"line":110,"column":53}},"29":{"start":{"line":114,"column":18},"end":{"line":114,"column":20}},"30":{"start":{"line":115,"column":6},"end":{"line":117,"column":9}},"31":{"start":{"line":116,"column":8},"end":{"line":116,"column":45}},"32":{"start":{"line":118,"column":6},"end":{"line":118,"column":19}},"33":{"start":{"line":122,"column":0},"end":{"line":128,"column":2}}},"fnMap":{"0":{"name":"getInstanceTypeList","decl":{"start":{"line":16,"column":9},"end":{"line":16,"column":28}},"loc":{"start":{"line":16,"column":31},"end":{"line":18,"column":1}}},"1":{"name":"getInstanceTypeNameList","decl":{"start":{"line":25,"column":9},"end":{"line":25,"column":32}},"loc":{"start":{"line":25,"column":35},"end":{"line":31,"column":1}}},"2":{"name":"(anonymous_2)","decl":{"start":{"line":27,"column":24},"end":{"line":27,"column":25}},"loc":{"start":{"line":27,"column":40},"end":{"line":29,"column":3}}},"3":{"name":"getInstanceTypeMap","decl":{"start":{"line":38,"column":9},"end":{"line":38,"column":27}},"loc":{"start":{"line":38,"column":30},"end":{"line":44,"column":1}}},"4":{"name":"(anonymous_4)","decl":{"start":{"line":40,"column":24},"end":{"line":40,"column":25}},"loc":{"start":{"line":40,"column":40},"end":{"line":42,"column":3}}},"5":{"name":"getRegions","decl":{"start":{"line":51,"column":9},"end":{"line":51,"column":19}},"loc":{"start":{"line":51,"column":22},"end":{"line":66,"column":1}}},"6":{"name":"getAMIMap","decl":{"start":{"line":75,"column":9},"end":{"line":75,"column":18}},"loc":{"start":{"line":75,"column":37},"end":{"line":120,"column":1}}},"7":{"name":"(anonymous_7)","decl":{"start":{"line":78,"column":18},"end":{"line":78,"column":19}},"loc":{"start":{"line":78,"column":28},"end":{"line":112,"column":5}}},"8":{"name":"(anonymous_8)","decl":{"start":{"line":81,"column":22},"end":{"line":81,"column":23}},"loc":{"start":{"line":81,"column":35},"end":{"line":100,"column":9}}},"9":{"name":"(anonymous_9)","decl":{"start":{"line":87,"column":18},"end":{"line":87,"column":19}},"loc":{"start":{"line":87,"column":25},"end":{"line":99,"column":13}}},"10":{"name":"(anonymous_10)","decl":{"start":{"line":101,"column":14},"end":{"line":101,"column":15}},"loc":{"start":{"line":101,"column":25},"end":{"line":111,"column":9}}},"11":{"name":"(anonymous_11)","decl":{"start":{"line":103,"column":12},"end":{"line":103,"column":13}},"loc":{"start":{"line":103,"column":31},"end":{"line":107,"column":13}}},"12":{"name":"(anonymous_12)","decl":{"start":{"line":113,"column":10},"end":{"line":113,"column":11}},"loc":{"start":{"line":113,"column":28},"end":{"line":119,"column":5}}},"13":{"name":"(anonymous_13)","decl":{"start":{"line":115,"column":22},"end":{"line":115,"column":23}},"loc":{"start":{"line":115,"column":32},"end":{"line":117,"column":7}}}},"branchMap":{"0":{"loc":{"start":{"line":89,"column":14},"end":{"line":97,"column":15}},"type":"if","locations":[{"start":{"line":89,"column":14},"end":{"line":97,"column":15}},{"start":{"line":89,"column":14},"end":{"line":97,"column":15}}]},"1":{"loc":{"start":{"line":90,"column":16},"end":{"line":94,"column":17}},"type":"if","locations":[{"start":{"line":90,"column":16},"end":{"line":94,"column":17}},{"start":{"line":90,"column":16},"end":{"line":94,"column":17}}]}},"s":{"0":1,"1":1,"2":0,"3":0,"4":0,"5":0,"6":0,"7":0,"8":0,"9":0,"10":0,"11":0,"12":0,"13":0,"14":0,"15":0,"16":0,"17":0,"18":0,"19":0,"20":0,"21":0,"22":0,"23":0,"24":0,"25":0,"26":0,"27":0,"28":0,"29":0,"30":0,"31":0,"32":0,"33":1},"f":{"0":0,"1":0,"2":0,"3":0,"4":0,"5":0,"6":0,"7":0,"8":0,"9":0,"10":0,"11":0,"12":0,"13":0},"b":{"0":[0,0],"1":[0,0]},"_coverageSchema":"332fd63041d2c1bcb487cc26dd0d5f7d97098a6c","hash":"f17d356f82e4cdfea66ac6b282b73abf5acf6b10","contentHash":"22bd6bc81c46e6c519c6259fdf172e11_10.1.2"},"/Users/arming/WebstormProjects/wolkenkratzer/src/macros/s3.macro.js":{"path":"/Users/arming/WebstormProjects/wolkenkratzer/src/macros/s3.macro.js","statementMap":{"0":{"start":{"line":6,"column":12},"end":{"line":6,"column":30}},"1":{"start":{"line":7,"column":16},"end":{"line":7,"column":37}},"2":{"start":{"line":8,"column":19},"end":{"line":8,"column":32}},"3":{"start":{"line":9,"column":14},"end":{"line":9,"column":33}},"4":{"start":{"line":10,"column":13},"end":{"line":10,"column":31}},"5":{"start":{"line":23,"column":19},"end":{"line":23,"column":49}},"6":{"start":{"line":24,"column":2},"end":{"line":110,"column":5}},"7":{"start":{"line":25,"column":17},"end":{"line":25,"column":64}},"8":{"start":{"line":26,"column":4},"end":{"line":26,"column":32}},"9":{"start":{"line":27,"column":4},"end":{"line":109,"column":9}},"10":{"start":{"line":31,"column":8},"end":{"line":35,"column":9}},"11":{"start":{"line":32,"column":10},"end":{"line":34,"column":12}},"12":{"start":{"line":37,"column":8},"end":{"line":37,"column":66}},"13":{"start":{"line":45,"column":8},"end":{"line":47,"column":10}},"14":{"start":{"line":48,"column":8},"end":{"line":50,"column":21}},"15":{"start":{"line":54,"column":8},"end":{"line":56,"column":21}},"16":{"start":{"line":59,"column":8},"end":{"line":59,"column":49}},"17":{"start":{"line":60,"column":8},"end":{"line":60,"column":69}},"18":{"start":{"line":64,"column":8},"end":{"line":64,"column":69}},"19":{"start":{"line":67,"column":8},"end":{"line":69,"column":10}},"20":{"start":{"line":70,"column":8},"end":{"line":70,"column":74}},"21":{"start":{"line":73,"column":8},"end":{"line":75,"column":10}},"22":{"start":{"line":76,"column":8},"end":{"line":76,"column":73}},"23":{"start":{"line":79,"column":8},"end":{"line":81,"column":10}},"24":{"start":{"line":82,"column":8},"end":{"line":82,"column":69}},"25":{"start":{"line":85,"column":8},"end":{"line":87,"column":11}},"26":{"start":{"line":86,"column":10},"end":{"line":86,"column":31}},"27":{"start":{"line":88,"column":8},"end":{"line":88,"column":69}},"28":{"start":{"line":92,"column":8},"end":{"line":92,"column":69}},"29":{"start":{"line":95,"column":8},"end":{"line":97,"column":10}},"30":{"start":{"line":101,"column":8},"end":{"line":101,"column":15}},"31":{"start":{"line":104,"column":8},"end":{"line":104,"column":24}},"32":{"start":{"line":108,"column":8},"end":{"line":108,"column":18}},"33":{"start":{"line":113,"column":0},"end":{"line":115,"column":2}}},"fnMap":{"0":{"name":"Bucket","decl":{"start":{"line":22,"column":9},"end":{"line":22,"column":15}},"loc":{"start":{"line":22,"column":39},"end":{"line":111,"column":1}}},"1":{"name":"(anonymous_1)","decl":{"start":{"line":24,"column":21},"end":{"line":24,"column":22}},"loc":{"start":{"line":24,"column":42},"end":{"line":110,"column":3}}},"2":{"name":"(anonymous_2)","decl":{"start":{"line":30,"column":12},"end":{"line":30,"column":13}},"loc":{"start":{"line":30,"column":27},"end":{"line":38,"column":7}}},"3":{"name":"(anonymous_3)","decl":{"start":{"line":44,"column":12},"end":{"line":44,"column":13}},"loc":{"start":{"line":44,"column":31},"end":{"line":51,"column":7}}},"4":{"name":"(anonymous_4)","decl":{"start":{"line":52,"column":13},"end":{"line":52,"column":14}},"loc":{"start":{"line":52,"column":24},"end":{"line":57,"column":7}}},"5":{"name":"(anonymous_5)","decl":{"start":{"line":58,"column":12},"end":{"line":58,"column":13}},"loc":{"start":{"line":58,"column":31},"end":{"line":61,"column":7}}},"6":{"name":"(anonymous_6)","decl":{"start":{"line":62,"column":13},"end":{"line":62,"column":14}},"loc":{"start":{"line":62,"column":24},"end":{"line":65,"column":7}}},"7":{"name":"(anonymous_7)","decl":{"start":{"line":66,"column":12},"end":{"line":66,"column":13}},"loc":{"start":{"line":66,"column":34},"end":{"line":71,"column":7}}},"8":{"name":"(anonymous_8)","decl":{"start":{"line":72,"column":12},"end":{"line":72,"column":13}},"loc":{"start":{"line":72,"column":39},"end":{"line":77,"column":7}}},"9":{"name":"(anonymous_9)","decl":{"start":{"line":78,"column":12},"end":{"line":78,"column":13}},"loc":{"start":{"line":78,"column":31},"end":{"line":83,"column":7}}},"10":{"name":"(anonymous_10)","decl":{"start":{"line":84,"column":12},"end":{"line":84,"column":13}},"loc":{"start":{"line":84,"column":31},"end":{"line":89,"column":7}}},"11":{"name":"(anonymous_11)","decl":{"start":{"line":85,"column":32},"end":{"line":85,"column":33}},"loc":{"start":{"line":85,"column":39},"end":{"line":87,"column":9}}},"12":{"name":"(anonymous_12)","decl":{"start":{"line":90,"column":13},"end":{"line":90,"column":14}},"loc":{"start":{"line":90,"column":24},"end":{"line":93,"column":7}}},"13":{"name":"(anonymous_13)","decl":{"start":{"line":94,"column":12},"end":{"line":94,"column":13}},"loc":{"start":{"line":94,"column":34},"end":{"line":98,"column":7}}},"14":{"name":"(anonymous_14)","decl":{"start":{"line":99,"column":13},"end":{"line":99,"column":14}},"loc":{"start":{"line":99,"column":24},"end":{"line":102,"column":7}}},"15":{"name":"(anonymous_15)","decl":{"start":{"line":103,"column":12},"end":{"line":103,"column":13}},"loc":{"start":{"line":103,"column":23},"end":{"line":105,"column":7}}},"16":{"name":"(anonymous_16)","decl":{"start":{"line":106,"column":13},"end":{"line":106,"column":14}},"loc":{"start":{"line":106,"column":25},"end":{"line":109,"column":7}}}},"branchMap":{"0":{"loc":{"start":{"line":31,"column":8},"end":{"line":35,"column":9}},"type":"if","locations":[{"start":{"line":31,"column":8},"end":{"line":35,"column":9}},{"start":{"line":31,"column":8},"end":{"line":35,"column":9}}]}},"s":{"0":1,"1":1,"2":1,"3":1,"4":1,"5":0,"6":0,"7":0,"8":0,"9":0,"10":0,"11":0,"12":0,"13":0,"14":0,"15":0,"16":0,"17":0,"18":0,"19":0,"20":0,"21":0,"22":0,"23":0,"24":0,"25":0,"26":0,"27":0,"28":0,"29":0,"30":0,"31":0,"32":0,"33":1},"f":{"0":0,"1":0,"2":0,"3":0,"4":0,"5":0,"6":0,"7":0,"8":0,"9":0,"10":0,"11":0,"12":0,"13":0,"14":0,"15":0,"16":0},"b":{"0":[0,0]},"_coverageSchema":"332fd63041d2c1bcb487cc26dd0d5f7d97098a6c","hash":"f9f50bcd86ad3b0be9478a59ec26f2ebf5bcb7d3","contentHash":"ee68760ae67eb87a91b7785e7f19a99a_10.1.2"}}