{"/Users/arming/WebstormProjects/wolkenkratzer/newtests/resources.spec.js":{"path":"/Users/arming/WebstormProjects/wolkenkratzer/newtests/resources.spec.js","statementMap":{"0":{"start":{"line":7,"column":13},"end":{"line":7,"column":28}},"1":{"start":{"line":8,"column":16},"end":{"line":8,"column":35}},"2":{"start":{"line":9,"column":11},"end":{"line":9,"column":52}},"3":{"start":{"line":10,"column":12},"end":{"line":10,"column":26}},"4":{"start":{"line":11,"column":11},"end":{"line":11,"column":55}},"5":{"start":{"line":13,"column":14},"end":{"line":13,"column":39}},"6":{"start":{"line":14,"column":12},"end":{"line":14,"column":35}},"7":{"start":{"line":16,"column":0},"end":{"line":34,"column":3}},"8":{"start":{"line":17,"column":2},"end":{"line":33,"column":5}},"9":{"start":{"line":18,"column":12},"end":{"line":18,"column":29}},"10":{"start":{"line":19,"column":20},"end":{"line":19,"column":45}},"11":{"start":{"line":20,"column":4},"end":{"line":32,"column":7}},"12":{"start":{"line":21,"column":6},"end":{"line":24,"column":7}},"13":{"start":{"line":22,"column":26},"end":{"line":22,"column":49}},"14":{"start":{"line":23,"column":8},"end":{"line":23,"column":27}},"15":{"start":{"line":27,"column":6},"end":{"line":27,"column":18}},"16":{"start":{"line":29,"column":6},"end":{"line":29,"column":33}},"17":{"start":{"line":30,"column":6},"end":{"line":30,"column":23}},"18":{"start":{"line":31,"column":6},"end":{"line":31,"column":18}}},"fnMap":{"0":{"name":"(anonymous_0)","decl":{"start":{"line":16,"column":14},"end":{"line":16,"column":15}},"loc":{"start":{"line":16,"column":22},"end":{"line":34,"column":1}}},"1":{"name":"(anonymous_1)","decl":{"start":{"line":17,"column":12},"end":{"line":17,"column":13}},"loc":{"start":{"line":17,"column":20},"end":{"line":33,"column":3}}},"2":{"name":"(anonymous_2)","decl":{"start":{"line":20,"column":49},"end":{"line":20,"column":50}},"loc":{"start":{"line":20,"column":62},"end":{"line":25,"column":5}}},"3":{"name":"(anonymous_3)","decl":{"start":{"line":25,"column":12},"end":{"line":25,"column":13}},"loc":{"start":{"line":25,"column":18},"end":{"line":28,"column":5}}},"4":{"name":"(anonymous_4)","decl":{"start":{"line":28,"column":13},"end":{"line":28,"column":14}},"loc":{"start":{"line":28,"column":18},"end":{"line":32,"column":5}}}},"branchMap":{},"s":{"0":1,"1":1,"2":1,"3":1,"4":1,"5":1,"6":1,"7":1,"8":47,"9":47,"10":47,"11":47,"12":47,"13":182,"14":182,"15":47,"16":0,"17":0,"18":0},"f":{"0":47,"1":47,"2":47,"3":47,"4":0},"b":{},"_coverageSchema":"332fd63041d2c1bcb487cc26dd0d5f7d97098a6c","hash":"34a0bfd2d594968c1e7aa6f55a122569db46174c","contentHash":"b4651477ca9e0219ba8b55f70e30aad2_10.1.2"},"/Users/arming/WebstormProjects/wolkenkratzer/index.js":{"path":"/Users/arming/WebstormProjects/wolkenkratzer/index.js","statementMap":{"0":{"start":{"line":6,"column":17},"end":{"line":6,"column":51}},"1":{"start":{"line":7,"column":12},"end":{"line":7,"column":36}},"2":{"start":{"line":8,"column":15},"end":{"line":8,"column":42}},"3":{"start":{"line":9,"column":18},"end":{"line":9,"column":44}},"4":{"start":{"line":10,"column":12},"end":{"line":10,"column":42}},"5":{"start":{"line":11,"column":17},"end":{"line":11,"column":52}},"6":{"start":{"line":12,"column":18},"end":{"line":12,"column":54}},"7":{"start":{"line":13,"column":19},"end":{"line":13,"column":55}},"8":{"start":{"line":14,"column":25},"end":{"line":14,"column":67}},"9":{"start":{"line":15,"column":26},"end":{"line":15,"column":78}},"10":{"start":{"line":16,"column":31},"end":{"line":16,"column":88}},"11":{"start":{"line":17,"column":22},"end":{"line":17,"column":63}},"12":{"start":{"line":18,"column":34},"end":{"line":18,"column":87}},"13":{"start":{"line":19,"column":23},"end":{"line":19,"column":65}},"14":{"start":{"line":20,"column":14},"end":{"line":20,"column":38}},"15":{"start":{"line":22,"column":15},"end":{"line":22,"column":45}},"16":{"start":{"line":23,"column":13},"end":{"line":23,"column":34}},"17":{"start":{"line":24,"column":15},"end":{"line":24,"column":38}},"18":{"start":{"line":25,"column":16},"end":{"line":25,"column":48}},"19":{"start":{"line":26,"column":14},"end":{"line":26,"column":36}},"20":{"start":{"line":27,"column":16},"end":{"line":27,"column":40}},"21":{"start":{"line":29,"column":19},"end":{"line":29,"column":40}},"22":{"start":{"line":30,"column":31},"end":{"line":30,"column":64}},"23":{"start":{"line":31,"column":20},"end":{"line":31,"column":42}},"24":{"start":{"line":32,"column":27},"end":{"line":32,"column":56}},"25":{"start":{"line":33,"column":23},"end":{"line":33,"column":48}},"26":{"start":{"line":34,"column":19},"end":{"line":34,"column":40}},"27":{"start":{"line":35,"column":19},"end":{"line":35,"column":40}},"28":{"start":{"line":36,"column":19},"end":{"line":36,"column":40}},"29":{"start":{"line":37,"column":18},"end":{"line":37,"column":38}},"30":{"start":{"line":38,"column":19},"end":{"line":38,"column":40}},"31":{"start":{"line":39,"column":19},"end":{"line":39,"column":40}},"32":{"start":{"line":40,"column":21},"end":{"line":40,"column":44}},"33":{"start":{"line":41,"column":15},"end":{"line":41,"column":32}},"34":{"start":{"line":42,"column":21},"end":{"line":42,"column":44}},"35":{"start":{"line":43,"column":25},"end":{"line":43,"column":52}},"36":{"start":{"line":44,"column":17},"end":{"line":44,"column":36}},"37":{"start":{"line":45,"column":12},"end":{"line":45,"column":26}},"38":{"start":{"line":46,"column":12},"end":{"line":46,"column":26}},"39":{"start":{"line":47,"column":12},"end":{"line":47,"column":26}},"40":{"start":{"line":48,"column":12},"end":{"line":48,"column":26}},"41":{"start":{"line":49,"column":20},"end":{"line":49,"column":42}},"42":{"start":{"line":50,"column":25},"end":{"line":50,"column":52}},"43":{"start":{"line":51,"column":29},"end":{"line":51,"column":60}},"44":{"start":{"line":52,"column":31},"end":{"line":52,"column":64}},"45":{"start":{"line":53,"column":22},"end":{"line":53,"column":46}},"46":{"start":{"line":54,"column":12},"end":{"line":54,"column":26}},"47":{"start":{"line":55,"column":15},"end":{"line":55,"column":32}},"48":{"start":{"line":56,"column":17},"end":{"line":56,"column":36}},"49":{"start":{"line":57,"column":12},"end":{"line":57,"column":26}},"50":{"start":{"line":58,"column":12},"end":{"line":58,"column":26}},"51":{"start":{"line":59,"column":16},"end":{"line":59,"column":34}},"52":{"start":{"line":60,"column":24},"end":{"line":60,"column":50}},"53":{"start":{"line":61,"column":12},"end":{"line":61,"column":26}},"54":{"start":{"line":62,"column":15},"end":{"line":62,"column":32}},"55":{"start":{"line":63,"column":13},"end":{"line":63,"column":28}},"56":{"start":{"line":64,"column":17},"end":{"line":64,"column":36}},"57":{"start":{"line":65,"column":12},"end":{"line":65,"column":26}},"58":{"start":{"line":66,"column":17},"end":{"line":66,"column":36}},"59":{"start":{"line":67,"column":16},"end":{"line":67,"column":34}},"60":{"start":{"line":68,"column":11},"end":{"line":68,"column":24}},"61":{"start":{"line":69,"column":12},"end":{"line":69,"column":26}},"62":{"start":{"line":70,"column":12},"end":{"line":70,"column":26}},"63":{"start":{"line":71,"column":12},"end":{"line":71,"column":26}},"64":{"start":{"line":72,"column":12},"end":{"line":72,"column":26}},"65":{"start":{"line":73,"column":22},"end":{"line":73,"column":46}},"66":{"start":{"line":74,"column":12},"end":{"line":74,"column":26}},"67":{"start":{"line":75,"column":19},"end":{"line":75,"column":40}},"68":{"start":{"line":78,"column":15},"end":{"line":85,"column":1}},"69":{"start":{"line":87,"column":0},"end":{"line":156,"column":1}}},"fnMap":{},"branchMap":{},"s":{"0":1,"1":1,"2":1,"3":1,"4":1,"5":1,"6":1,"7":1,"8":1,"9":1,"10":1,"11":1,"12":1,"13":1,"14":1,"15":1,"16":1,"17":1,"18":1,"19":1,"20":1,"21":1,"22":1,"23":1,"24":1,"25":1,"26":1,"27":1,"28":1,"29":1,"30":1,"31":1,"32":1,"33":1,"34":1,"35":1,"36":1,"37":1,"38":1,"39":1,"40":1,"41":1,"42":1,"43":1,"44":1,"45":1,"46":1,"47":1,"48":1,"49":1,"50":1,"51":1,"52":1,"53":1,"54":1,"55":1,"56":1,"57":1,"58":1,"59":1,"60":1,"61":1,"62":1,"63":1,"64":1,"65":1,"66":1,"67":1,"68":1,"69":1},"f":{},"b":{},"_coverageSchema":"332fd63041d2c1bcb487cc26dd0d5f7d97098a6c","hash":"329d267ee2756bb770d42fba3af071f0172e878d","contentHash":"d51f0e9a7b71764018e7248b09e1c749_10.1.2"},"/Users/arming/WebstormProjects/wolkenkratzer/src/template.js":{"path":"/Users/arming/WebstormProjects/wolkenkratzer/src/template.js","statementMap":{"0":{"start":{"line":5,"column":23},"end":{"line":5,"column":61}},"1":{"start":{"line":6,"column":22},"end":{"line":6,"column":59}},"2":{"start":{"line":7,"column":16},"end":{"line":7,"column":44}},"3":{"start":{"line":8,"column":15},"end":{"line":8,"column":41}},"4":{"start":{"line":9,"column":18},"end":{"line":9,"column":50}},"5":{"start":{"line":10,"column":19},"end":{"line":10,"column":51}},"6":{"start":{"line":11,"column":13},"end":{"line":11,"column":28}},"7":{"start":{"line":12,"column":13},"end":{"line":12,"column":31}},"8":{"start":{"line":13,"column":16},"end":{"line":13,"column":36}},"9":{"start":{"line":18,"column":2},"end":{"line":18,"column":37}},"10":{"start":{"line":19,"column":2},"end":{"line":19,"column":63}},"11":{"start":{"line":23,"column":2},"end":{"line":35,"column":3}},"12":{"start":{"line":24,"column":4},"end":{"line":29,"column":6}},"13":{"start":{"line":25,"column":6},"end":{"line":27,"column":7}},"14":{"start":{"line":26,"column":8},"end":{"line":26,"column":37}},"15":{"start":{"line":28,"column":6},"end":{"line":28,"column":21}},"16":{"start":{"line":31,"column":4},"end":{"line":33,"column":5}},"17":{"start":{"line":32,"column":6},"end":{"line":32,"column":40}},"18":{"start":{"line":34,"column":4},"end":{"line":34,"column":29}},"19":{"start":{"line":36,"column":2},"end":{"line":36,"column":15}},"20":{"start":{"line":40,"column":2},"end":{"line":46,"column":3}},"21":{"start":{"line":41,"column":4},"end":{"line":43,"column":6}},"22":{"start":{"line":42,"column":6},"end":{"line":42,"column":24}},"23":{"start":{"line":45,"column":4},"end":{"line":45,"column":27}},"24":{"start":{"line":47,"column":2},"end":{"line":47,"column":15}},"25":{"start":{"line":51,"column":2},"end":{"line":54,"column":3}},"26":{"start":{"line":52,"column":19},"end":{"line":52,"column":75}},"27":{"start":{"line":53,"column":4},"end":{"line":53,"column":29}},"28":{"start":{"line":55,"column":2},"end":{"line":58,"column":3}},"29":{"start":{"line":56,"column":20},"end":{"line":56,"column":72}},"30":{"start":{"line":57,"column":4},"end":{"line":57,"column":30}},"31":{"start":{"line":59,"column":2},"end":{"line":62,"column":3}},"32":{"start":{"line":60,"column":21},"end":{"line":60,"column":77}},"33":{"start":{"line":61,"column":4},"end":{"line":61,"column":31}},"34":{"start":{"line":63,"column":2},"end":{"line":73,"column":3}},"35":{"start":{"line":64,"column":20},"end":{"line":64,"column":73}},"36":{"start":{"line":65,"column":28},"end":{"line":65,"column":40}},"37":{"start":{"line":66,"column":23},"end":{"line":66,"column":35}},"38":{"start":{"line":67,"column":4},"end":{"line":69,"column":5}},"39":{"start":{"line":68,"column":6},"end":{"line":68,"column":37}},"40":{"start":{"line":70,"column":24},"end":{"line":70,"column":50}},"41":{"start":{"line":71,"column":22},"end":{"line":71,"column":112}},"42":{"start":{"line":72,"column":4},"end":{"line":72,"column":32}},"43":{"start":{"line":80,"column":2},"end":{"line":80,"column":23}},"44":{"start":{"line":81,"column":2},"end":{"line":81,"column":20}},"45":{"start":{"line":82,"column":2},"end":{"line":82,"column":22}},"46":{"start":{"line":83,"column":2},"end":{"line":83,"column":20}},"47":{"start":{"line":84,"column":2},"end":{"line":84,"column":19}},"48":{"start":{"line":85,"column":2},"end":{"line":85,"column":22}},"49":{"start":{"line":86,"column":2},"end":{"line":86,"column":21}},"50":{"start":{"line":87,"column":2},"end":{"line":87,"column":46}},"51":{"start":{"line":88,"column":2},"end":{"line":90,"column":3}},"52":{"start":{"line":89,"column":4},"end":{"line":89,"column":41}},"53":{"start":{"line":97,"column":0},"end":{"line":109,"column":1}},"54":{"start":{"line":98,"column":2},"end":{"line":108,"column":3}},"55":{"start":{"line":99,"column":4},"end":{"line":99,"column":34}},"56":{"start":{"line":100,"column":9},"end":{"line":108,"column":3}},"57":{"start":{"line":101,"column":4},"end":{"line":101,"column":33}},"58":{"start":{"line":102,"column":9},"end":{"line":108,"column":3}},"59":{"start":{"line":103,"column":4},"end":{"line":103,"column":31}},"60":{"start":{"line":104,"column":9},"end":{"line":108,"column":3}},"61":{"start":{"line":105,"column":4},"end":{"line":105,"column":32}},"62":{"start":{"line":107,"column":4},"end":{"line":107,"column":98}},"63":{"start":{"line":115,"column":0},"end":{"line":127,"column":1}},"64":{"start":{"line":116,"column":2},"end":{"line":126,"column":3}},"65":{"start":{"line":117,"column":4},"end":{"line":117,"column":37}},"66":{"start":{"line":118,"column":9},"end":{"line":126,"column":3}},"67":{"start":{"line":119,"column":4},"end":{"line":119,"column":36}},"68":{"start":{"line":120,"column":9},"end":{"line":126,"column":3}},"69":{"start":{"line":121,"column":4},"end":{"line":121,"column":34}},"70":{"start":{"line":122,"column":9},"end":{"line":126,"column":3}},"71":{"start":{"line":123,"column":4},"end":{"line":123,"column":35}},"72":{"start":{"line":125,"column":4},"end":{"line":125,"column":98}},"73":{"start":{"line":133,"column":0},"end":{"line":135,"column":1}},"74":{"start":{"line":134,"column":2},"end":{"line":134,"column":26}},"75":{"start":{"line":141,"column":0},"end":{"line":143,"column":1}},"76":{"start":{"line":142,"column":2},"end":{"line":142,"column":24}},"77":{"start":{"line":149,"column":0},"end":{"line":151,"column":1}},"78":{"start":{"line":150,"column":2},"end":{"line":150,"column":32}},"79":{"start":{"line":158,"column":0},"end":{"line":160,"column":1}},"80":{"start":{"line":159,"column":2},"end":{"line":159,"column":35}},"81":{"start":{"line":167,"column":0},"end":{"line":169,"column":1}},"82":{"start":{"line":168,"column":2},"end":{"line":168,"column":30}},"83":{"start":{"line":175,"column":0},"end":{"line":195,"column":1}},"84":{"start":{"line":176,"column":2},"end":{"line":194,"column":3}},"85":{"start":{"line":177,"column":17},"end":{"line":177,"column":30}},"86":{"start":{"line":178,"column":4},"end":{"line":182,"column":5}},"87":{"start":{"line":179,"column":6},"end":{"line":179,"column":46}},"88":{"start":{"line":181,"column":6},"end":{"line":181,"column":37}},"89":{"start":{"line":184,"column":4},"end":{"line":193,"column":6}},"90":{"start":{"line":185,"column":6},"end":{"line":192,"column":8}},"91":{"start":{"line":186,"column":21},"end":{"line":186,"column":34}},"92":{"start":{"line":187,"column":8},"end":{"line":191,"column":9}},"93":{"start":{"line":188,"column":10},"end":{"line":188,"column":70}},"94":{"start":{"line":190,"column":10},"end":{"line":190,"column":34}},"95":{"start":{"line":201,"column":0},"end":{"line":263,"column":1}},"96":{"start":{"line":202,"column":10},"end":{"line":202,"column":42}},"97":{"start":{"line":203,"column":15},"end":{"line":203,"column":17}},"98":{"start":{"line":204,"column":2},"end":{"line":210,"column":3}},"99":{"start":{"line":205,"column":4},"end":{"line":209,"column":5}},"100":{"start":{"line":206,"column":6},"end":{"line":206,"column":59}},"101":{"start":{"line":208,"column":6},"end":{"line":208,"column":28}},"102":{"start":{"line":211,"column":2},"end":{"line":219,"column":3}},"103":{"start":{"line":212,"column":17},"end":{"line":212,"column":50}},"104":{"start":{"line":213,"column":4},"end":{"line":217,"column":5}},"105":{"start":{"line":214,"column":6},"end":{"line":216,"column":8}},"106":{"start":{"line":215,"column":8},"end":{"line":215,"column":22}},"107":{"start":{"line":218,"column":4},"end":{"line":218,"column":39}},"108":{"start":{"line":220,"column":2},"end":{"line":226,"column":3}},"109":{"start":{"line":221,"column":4},"end":{"line":225,"column":5}},"110":{"start":{"line":222,"column":6},"end":{"line":222,"column":55}},"111":{"start":{"line":224,"column":6},"end":{"line":224,"column":28}},"112":{"start":{"line":227,"column":2},"end":{"line":237,"column":3}},"113":{"start":{"line":228,"column":4},"end":{"line":236,"column":5}},"114":{"start":{"line":229,"column":6},"end":{"line":233,"column":7}},"115":{"start":{"line":230,"column":8},"end":{"line":230,"column":53}},"116":{"start":{"line":232,"column":8},"end":{"line":232,"column":30}},"117":{"start":{"line":235,"column":6},"end":{"line":235,"column":42}},"118":{"start":{"line":238,"column":2},"end":{"line":240,"column":3}},"119":{"start":{"line":239,"column":4},"end":{"line":239,"column":21}},"120":{"start":{"line":241,"column":2},"end":{"line":243,"column":3}},"121":{"start":{"line":242,"column":4},"end":{"line":242,"column":23}},"122":{"start":{"line":244,"column":2},"end":{"line":246,"column":3}},"123":{"start":{"line":245,"column":4},"end":{"line":245,"column":21}},"124":{"start":{"line":247,"column":2},"end":{"line":249,"column":3}},"125":{"start":{"line":248,"column":4},"end":{"line":248,"column":20}},"126":{"start":{"line":250,"column":2},"end":{"line":252,"column":3}},"127":{"start":{"line":251,"column":4},"end":{"line":251,"column":23}},"128":{"start":{"line":253,"column":2},"end":{"line":255,"column":3}},"129":{"start":{"line":254,"column":4},"end":{"line":254,"column":24}},"130":{"start":{"line":256,"column":2},"end":{"line":258,"column":3}},"131":{"start":{"line":257,"column":4},"end":{"line":257,"column":17}},"132":{"start":{"line":259,"column":2},"end":{"line":262,"column":3}},"133":{"start":{"line":265,"column":0},"end":{"line":268,"column":1}},"134":{"start":{"line":266,"column":19},"end":{"line":266,"column":32}},"135":{"start":{"line":267,"column":2},"end":{"line":267,"column":96}},"136":{"start":{"line":270,"column":0},"end":{"line":272,"column":1}}},"fnMap":{"0":{"name":"_handleDuplicateKey","decl":{"start":{"line":17,"column":9},"end":{"line":17,"column":28}},"loc":{"start":{"line":17,"column":35},"end":{"line":20,"column":1}}},"1":{"name":"_add","decl":{"start":{"line":22,"column":9},"end":{"line":22,"column":13}},"loc":{"start":{"line":22,"column":26},"end":{"line":37,"column":1}}},"2":{"name":"(anonymous_2)","decl":{"start":{"line":24,"column":19},"end":{"line":24,"column":20}},"loc":{"start":{"line":24,"column":26},"end":{"line":29,"column":5}}},"3":{"name":"_remove","decl":{"start":{"line":39,"column":9},"end":{"line":39,"column":16}},"loc":{"start":{"line":39,"column":29},"end":{"line":48,"column":1}}},"4":{"name":"(anonymous_4)","decl":{"start":{"line":41,"column":19},"end":{"line":41,"column":20}},"loc":{"start":{"line":41,"column":26},"end":{"line":43,"column":5}}},"5":{"name":"_populateFromExisting","decl":{"start":{"line":50,"column":9},"end":{"line":50,"column":30}},"loc":{"start":{"line":50,"column":62},"end":{"line":74,"column":1}}},"6":{"name":"Template","decl":{"start":{"line":79,"column":9},"end":{"line":79,"column":17}},"loc":{"start":{"line":79,"column":29},"end":{"line":91,"column":1}}},"7":{"name":"(anonymous_7)","decl":{"start":{"line":97,"column":25},"end":{"line":97,"column":26}},"loc":{"start":{"line":97,"column":44},"end":{"line":109,"column":1}}},"8":{"name":"(anonymous_8)","decl":{"start":{"line":115,"column":28},"end":{"line":115,"column":29}},"loc":{"start":{"line":115,"column":47},"end":{"line":127,"column":1}}},"9":{"name":"(anonymous_9)","decl":{"start":{"line":133,"column":33},"end":{"line":133,"column":34}},"loc":{"start":{"line":133,"column":53},"end":{"line":135,"column":1}}},"10":{"name":"(anonymous_10)","decl":{"start":{"line":141,"column":32},"end":{"line":141,"column":33}},"loc":{"start":{"line":141,"column":51},"end":{"line":143,"column":1}}},"11":{"name":"(anonymous_11)","decl":{"start":{"line":149,"column":36},"end":{"line":149,"column":37}},"loc":{"start":{"line":149,"column":59},"end":{"line":151,"column":1}}},"12":{"name":"(anonymous_12)","decl":{"start":{"line":158,"column":34},"end":{"line":158,"column":35}},"loc":{"start":{"line":158,"column":61},"end":{"line":160,"column":1}}},"13":{"name":"(anonymous_13)","decl":{"start":{"line":167,"column":37},"end":{"line":167,"column":38}},"loc":{"start":{"line":167,"column":64},"end":{"line":169,"column":1}}},"14":{"name":"(anonymous_14)","decl":{"start":{"line":175,"column":33},"end":{"line":175,"column":34}},"loc":{"start":{"line":175,"column":53},"end":{"line":195,"column":1}}},"15":{"name":"(anonymous_15)","decl":{"start":{"line":184,"column":23},"end":{"line":184,"column":24}},"loc":{"start":{"line":184,"column":44},"end":{"line":193,"column":5}}},"16":{"name":"(anonymous_16)","decl":{"start":{"line":185,"column":23},"end":{"line":185,"column":24}},"loc":{"start":{"line":185,"column":29},"end":{"line":192,"column":7}}},"17":{"name":"(anonymous_17)","decl":{"start":{"line":201,"column":28},"end":{"line":201,"column":29}},"loc":{"start":{"line":201,"column":40},"end":{"line":263,"column":1}}},"18":{"name":"(anonymous_18)","decl":{"start":{"line":214,"column":28},"end":{"line":214,"column":29}},"loc":{"start":{"line":214,"column":35},"end":{"line":216,"column":7}}},"19":{"name":"(anonymous_19)","decl":{"start":{"line":265,"column":28},"end":{"line":265,"column":29}},"loc":{"start":{"line":265,"column":40},"end":{"line":268,"column":1}}}},"branchMap":{"0":{"loc":{"start":{"line":23,"column":2},"end":{"line":35,"column":3}},"type":"if","locations":[{"start":{"line":23,"column":2},"end":{"line":35,"column":3}},{"start":{"line":23,"column":2},"end":{"line":35,"column":3}}]},"1":{"loc":{"start":{"line":25,"column":6},"end":{"line":27,"column":7}},"type":"if","locations":[{"start":{"line":25,"column":6},"end":{"line":27,"column":7}},{"start":{"line":25,"column":6},"end":{"line":27,"column":7}}]},"2":{"loc":{"start":{"line":31,"column":4},"end":{"line":33,"column":5}},"type":"if","locations":[{"start":{"line":31,"column":4},"end":{"line":33,"column":5}},{"start":{"line":31,"column":4},"end":{"line":33,"column":5}}]},"3":{"loc":{"start":{"line":40,"column":2},"end":{"line":46,"column":3}},"type":"if","locations":[{"start":{"line":40,"column":2},"end":{"line":46,"column":3}},{"start":{"line":40,"column":2},"end":{"line":46,"column":3}}]},"4":{"loc":{"start":{"line":67,"column":4},"end":{"line":69,"column":5}},"type":"if","locations":[{"start":{"line":67,"column":4},"end":{"line":69,"column":5}},{"start":{"line":67,"column":4},"end":{"line":69,"column":5}}]},"5":{"loc":{"start":{"line":88,"column":2},"end":{"line":90,"column":3}},"type":"if","locations":[{"start":{"line":88,"column":2},"end":{"line":90,"column":3}},{"start":{"line":88,"column":2},"end":{"line":90,"column":3}}]},"6":{"loc":{"start":{"line":98,"column":2},"end":{"line":108,"column":3}},"type":"if","locations":[{"start":{"line":98,"column":2},"end":{"line":108,"column":3}},{"start":{"line":98,"column":2},"end":{"line":108,"column":3}}]},"7":{"loc":{"start":{"line":100,"column":9},"end":{"line":108,"column":3}},"type":"if","locations":[{"start":{"line":100,"column":9},"end":{"line":108,"column":3}},{"start":{"line":100,"column":9},"end":{"line":108,"column":3}}]},"8":{"loc":{"start":{"line":102,"column":9},"end":{"line":108,"column":3}},"type":"if","locations":[{"start":{"line":102,"column":9},"end":{"line":108,"column":3}},{"start":{"line":102,"column":9},"end":{"line":108,"column":3}}]},"9":{"loc":{"start":{"line":104,"column":9},"end":{"line":108,"column":3}},"type":"if","locations":[{"start":{"line":104,"column":9},"end":{"line":108,"column":3}},{"start":{"line":104,"column":9},"end":{"line":108,"column":3}}]},"10":{"loc":{"start":{"line":116,"column":2},"end":{"line":126,"column":3}},"type":"if","locations":[{"start":{"line":116,"column":2},"end":{"line":126,"column":3}},{"start":{"line":116,"column":2},"end":{"line":126,"column":3}}]},"11":{"loc":{"start":{"line":118,"column":9},"end":{"line":126,"column":3}},"type":"if","locations":[{"start":{"line":118,"column":9},"end":{"line":126,"column":3}},{"start":{"line":118,"column":9},"end":{"line":126,"column":3}}]},"12":{"loc":{"start":{"line":120,"column":9},"end":{"line":126,"column":3}},"type":"if","locations":[{"start":{"line":120,"column":9},"end":{"line":126,"column":3}},{"start":{"line":120,"column":9},"end":{"line":126,"column":3}}]},"13":{"loc":{"start":{"line":122,"column":9},"end":{"line":126,"column":3}},"type":"if","locations":[{"start":{"line":122,"column":9},"end":{"line":126,"column":3}},{"start":{"line":122,"column":9},"end":{"line":126,"column":3}}]},"14":{"loc":{"start":{"line":176,"column":2},"end":{"line":194,"column":3}},"type":"if","locations":[{"start":{"line":176,"column":2},"end":{"line":194,"column":3}},{"start":{"line":176,"column":2},"end":{"line":194,"column":3}}]},"15":{"loc":{"start":{"line":178,"column":4},"end":{"line":182,"column":5}},"type":"if","locations":[{"start":{"line":178,"column":4},"end":{"line":182,"column":5}},{"start":{"line":178,"column":4},"end":{"line":182,"column":5}}]},"16":{"loc":{"start":{"line":187,"column":8},"end":{"line":191,"column":9}},"type":"if","locations":[{"start":{"line":187,"column":8},"end":{"line":191,"column":9}},{"start":{"line":187,"column":8},"end":{"line":191,"column":9}}]},"17":{"loc":{"start":{"line":213,"column":4},"end":{"line":217,"column":5}},"type":"if","locations":[{"start":{"line":213,"column":4},"end":{"line":217,"column":5}},{"start":{"line":213,"column":4},"end":{"line":217,"column":5}}]},"18":{"loc":{"start":{"line":228,"column":4},"end":{"line":236,"column":5}},"type":"if","locations":[{"start":{"line":228,"column":4},"end":{"line":236,"column":5}},{"start":{"line":228,"column":4},"end":{"line":236,"column":5}}]},"19":{"loc":{"start":{"line":238,"column":2},"end":{"line":240,"column":3}},"type":"if","locations":[{"start":{"line":238,"column":2},"end":{"line":240,"column":3}},{"start":{"line":238,"column":2},"end":{"line":240,"column":3}}]},"20":{"loc":{"start":{"line":241,"column":2},"end":{"line":243,"column":3}},"type":"if","locations":[{"start":{"line":241,"column":2},"end":{"line":243,"column":3}},{"start":{"line":241,"column":2},"end":{"line":243,"column":3}}]},"21":{"loc":{"start":{"line":244,"column":2},"end":{"line":246,"column":3}},"type":"if","locations":[{"start":{"line":244,"column":2},"end":{"line":246,"column":3}},{"start":{"line":244,"column":2},"end":{"line":246,"column":3}}]},"22":{"loc":{"start":{"line":247,"column":2},"end":{"line":249,"column":3}},"type":"if","locations":[{"start":{"line":247,"column":2},"end":{"line":249,"column":3}},{"start":{"line":247,"column":2},"end":{"line":249,"column":3}}]},"23":{"loc":{"start":{"line":250,"column":2},"end":{"line":252,"column":3}},"type":"if","locations":[{"start":{"line":250,"column":2},"end":{"line":252,"column":3}},{"start":{"line":250,"column":2},"end":{"line":252,"column":3}}]},"24":{"loc":{"start":{"line":253,"column":2},"end":{"line":255,"column":3}},"type":"if","locations":[{"start":{"line":253,"column":2},"end":{"line":255,"column":3}},{"start":{"line":253,"column":2},"end":{"line":255,"column":3}}]},"25":{"loc":{"start":{"line":256,"column":2},"end":{"line":258,"column":3}},"type":"if","locations":[{"start":{"line":256,"column":2},"end":{"line":258,"column":3}},{"start":{"line":256,"column":2},"end":{"line":258,"column":3}}]}},"s":{"0":1,"1":1,"2":1,"3":1,"4":1,"5":1,"6":1,"7":1,"8":1,"9":0,"10":0,"11":182,"12":0,"13":0,"14":0,"15":0,"16":182,"17":0,"18":182,"19":182,"20":0,"21":0,"22":0,"23":0,"24":0,"25":0,"26":0,"27":0,"28":0,"29":0,"30":0,"31":0,"32":0,"33":0,"34":0,"35":0,"36":0,"37":0,"38":0,"39":0,"40":0,"41":0,"42":0,"43":47,"44":47,"45":47,"46":47,"47":47,"48":47,"49":47,"50":47,"51":47,"52":0,"53":1,"54":182,"55":0,"56":182,"57":182,"58":0,"59":0,"60":0,"61":0,"62":0,"63":1,"64":0,"65":0,"66":0,"67":0,"68":0,"69":0,"70":0,"71":0,"72":0,"73":1,"74":0,"75":1,"76":0,"77":1,"78":0,"79":1,"80":0,"81":1,"82":0,"83":1,"84":0,"85":0,"86":0,"87":0,"88":0,"89":0,"90":0,"91":0,"92":0,"93":0,"94":0,"95":1,"96":0,"97":0,"98":0,"99":0,"100":0,"101":0,"102":0,"103":0,"104":0,"105":0,"106":0,"107":0,"108":0,"109":0,"110":0,"111":0,"112":0,"113":0,"114":0,"115":0,"116":0,"117":0,"118":0,"119":0,"120":0,"121":0,"122":0,"123":0,"124":0,"125":0,"126":0,"127":0,"128":0,"129":0,"130":0,"131":0,"132":0,"133":1,"134":0,"135":0,"136":1},"f":{"0":0,"1":182,"2":0,"3":0,"4":0,"5":0,"6":47,"7":182,"8":0,"9":0,"10":0,"11":0,"12":0,"13":0,"14":0,"15":0,"16":0,"17":0,"18":0,"19":0},"b":{"0":[0,182],"1":[0,0],"2":[0,182],"3":[0,0],"4":[0,0],"5":[0,47],"6":[0,182],"7":[182,0],"8":[0,0],"9":[0,0],"10":[0,0],"11":[0,0],"12":[0,0],"13":[0,0],"14":[0,0],"15":[0,0],"16":[0,0],"17":[0,0],"18":[0,0],"19":[0,0],"20":[0,0],"21":[0,0],"22":[0,0],"23":[0,0],"24":[0,0],"25":[0,0]},"_coverageSchema":"332fd63041d2c1bcb487cc26dd0d5f7d97098a6c","hash":"09b7f8ea1bc7dcabc9fff7c5574023f86cb0f26d","contentHash":"089aa21e685099eaa8ada1043c8ea83e_10.1.2"},"/Users/arming/WebstormProjects/wolkenkratzer/src/exceptions.js":{"path":"/Users/arming/WebstormProjects/wolkenkratzer/src/exceptions.js","statementMap":{"0":{"start":{"line":12,"column":2},"end":{"line":12,"column":24}},"1":{"start":{"line":17,"column":0},"end":{"line":19,"column":1}},"2":{"start":{"line":18,"column":2},"end":{"line":18,"column":21}},"3":{"start":{"line":25,"column":2},"end":{"line":25,"column":31}},"4":{"start":{"line":26,"column":2},"end":{"line":26,"column":26}},"5":{"start":{"line":28,"column":0},"end":{"line":28,"column":61}},"6":{"start":{"line":34,"column":2},"end":{"line":34,"column":31}},"7":{"start":{"line":35,"column":2},"end":{"line":35,"column":41}},"8":{"start":{"line":37,"column":0},"end":{"line":37,"column":72}},"9":{"start":{"line":43,"column":2},"end":{"line":43,"column":31}},"10":{"start":{"line":44,"column":2},"end":{"line":44,"column":29}},"11":{"start":{"line":46,"column":0},"end":{"line":46,"column":60}},"12":{"start":{"line":52,"column":2},"end":{"line":52,"column":31}},"13":{"start":{"line":53,"column":2},"end":{"line":53,"column":40}},"14":{"start":{"line":55,"column":0},"end":{"line":55,"column":71}},"15":{"start":{"line":57,"column":0},"end":{"line":62,"column":1}}},"fnMap":{"0":{"name":"Exception","decl":{"start":{"line":11,"column":9},"end":{"line":11,"column":18}},"loc":{"start":{"line":11,"column":29},"end":{"line":13,"column":1}}},"1":{"name":"(anonymous_1)","decl":{"start":{"line":17,"column":29},"end":{"line":17,"column":30}},"loc":{"start":{"line":17,"column":41},"end":{"line":19,"column":1}}},"2":{"name":"ValueException","decl":{"start":{"line":24,"column":9},"end":{"line":24,"column":23}},"loc":{"start":{"line":24,"column":34},"end":{"line":27,"column":1}}},"3":{"name":"RequiredPropertyException","decl":{"start":{"line":33,"column":9},"end":{"line":33,"column":34}},"loc":{"start":{"line":33,"column":45},"end":{"line":36,"column":1}}},"4":{"name":"TypeException","decl":{"start":{"line":42,"column":9},"end":{"line":42,"column":22}},"loc":{"start":{"line":42,"column":33},"end":{"line":45,"column":1}}},"5":{"name":"ConditionNotMetException","decl":{"start":{"line":51,"column":9},"end":{"line":51,"column":33}},"loc":{"start":{"line":51,"column":44},"end":{"line":54,"column":1}}}},"branchMap":{},"s":{"0":0,"1":1,"2":0,"3":0,"4":0,"5":1,"6":0,"7":0,"8":1,"9":0,"10":0,"11":1,"12":0,"13":0,"14":1,"15":1},"f":{"0":0,"1":0,"2":0,"3":0,"4":0,"5":0},"b":{},"_coverageSchema":"332fd63041d2c1bcb487cc26dd0d5f7d97098a6c","hash":"edee09fc7ef4304e1b9e9be2bcef2a86ccd1340d","contentHash":"c773324f3be54d9d0118c8f91122b9a6_10.1.2"},"/Users/arming/WebstormProjects/wolkenkratzer/src/mapping.js":{"path":"/Users/arming/WebstormProjects/wolkenkratzer/src/mapping.js","statementMap":{"0":{"start":{"line":16,"column":2},"end":{"line":16,"column":20}},"1":{"start":{"line":17,"column":2},"end":{"line":17,"column":18}},"2":{"start":{"line":24,"column":0},"end":{"line":28,"column":1}},"3":{"start":{"line":25,"column":10},"end":{"line":25,"column":42}},"4":{"start":{"line":26,"column":2},"end":{"line":26,"column":17}},"5":{"start":{"line":27,"column":2},"end":{"line":27,"column":15}},"6":{"start":{"line":30,"column":0},"end":{"line":32,"column":1}}},"fnMap":{"0":{"name":"Mapping","decl":{"start":{"line":15,"column":9},"end":{"line":15,"column":16}},"loc":{"start":{"line":15,"column":30},"end":{"line":18,"column":1}}},"1":{"name":"(anonymous_1)","decl":{"start":{"line":24,"column":27},"end":{"line":24,"column":28}},"loc":{"start":{"line":24,"column":39},"end":{"line":28,"column":1}}}},"branchMap":{},"s":{"0":0,"1":0,"2":1,"3":0,"4":0,"5":0,"6":1},"f":{"0":0,"1":0},"b":{},"_coverageSchema":"332fd63041d2c1bcb487cc26dd0d5f7d97098a6c","hash":"10eaed5d7d6c642304da3ae2564bc07c3580b64e","contentHash":"ac1437a6a30fa8ae95afc7a398f20108_10.1.2"},"/Users/arming/WebstormProjects/wolkenkratzer/src/output.js":{"path":"/Users/arming/WebstormProjects/wolkenkratzer/src/output.js","statementMap":{"0":{"start":{"line":12,"column":2},"end":{"line":12,"column":20}},"1":{"start":{"line":13,"column":2},"end":{"line":13,"column":42}},"2":{"start":{"line":14,"column":2},"end":{"line":14,"column":30}},"3":{"start":{"line":20,"column":0},"end":{"line":24,"column":1}},"4":{"start":{"line":21,"column":10},"end":{"line":21,"column":42}},"5":{"start":{"line":22,"column":2},"end":{"line":22,"column":17}},"6":{"start":{"line":23,"column":2},"end":{"line":23,"column":10}},"7":{"start":{"line":26,"column":0},"end":{"line":28,"column":1}}},"fnMap":{"0":{"name":"Output","decl":{"start":{"line":11,"column":9},"end":{"line":11,"column":15}},"loc":{"start":{"line":11,"column":34},"end":{"line":15,"column":1}}},"1":{"name":"(anonymous_1)","decl":{"start":{"line":20,"column":26},"end":{"line":20,"column":27}},"loc":{"start":{"line":20,"column":38},"end":{"line":24,"column":1}}}},"branchMap":{},"s":{"0":0,"1":0,"2":0,"3":1,"4":0,"5":0,"6":0,"7":1},"f":{"0":0,"1":0},"b":{},"_coverageSchema":"332fd63041d2c1bcb487cc26dd0d5f7d97098a6c","hash":"f5f61d5f7d56f24098826368c293029af929e8d4","contentHash":"245e23fcf002cb64a2799bd4aca1b2e6_10.1.2"},"/Users/arming/WebstormProjects/wolkenkratzer/src/parameter.js":{"path":"/Users/arming/WebstormProjects/wolkenkratzer/src/parameter.js","statementMap":{"0":{"start":{"line":12,"column":2},"end":{"line":12,"column":20}},"1":{"start":{"line":13,"column":2},"end":{"line":13,"column":28}},"2":{"start":{"line":14,"column":2},"end":{"line":14,"column":48}},"3":{"start":{"line":15,"column":2},"end":{"line":15,"column":46}},"4":{"start":{"line":16,"column":2},"end":{"line":16,"column":62}},"5":{"start":{"line":17,"column":2},"end":{"line":17,"column":34}},"6":{"start":{"line":18,"column":2},"end":{"line":18,"column":42}},"7":{"start":{"line":19,"column":2},"end":{"line":19,"column":38}},"8":{"start":{"line":20,"column":2},"end":{"line":20,"column":36}},"9":{"start":{"line":21,"column":2},"end":{"line":21,"column":38}},"10":{"start":{"line":22,"column":2},"end":{"line":22,"column":36}},"11":{"start":{"line":23,"column":2},"end":{"line":23,"column":32}},"12":{"start":{"line":29,"column":0},"end":{"line":33,"column":1}},"13":{"start":{"line":30,"column":10},"end":{"line":30,"column":42}},"14":{"start":{"line":31,"column":2},"end":{"line":31,"column":17}},"15":{"start":{"line":32,"column":2},"end":{"line":32,"column":10}},"16":{"start":{"line":35,"column":0},"end":{"line":37,"column":1}}},"fnMap":{"0":{"name":"Parameter","decl":{"start":{"line":11,"column":9},"end":{"line":11,"column":18}},"loc":{"start":{"line":11,"column":37},"end":{"line":24,"column":1}}},"1":{"name":"(anonymous_1)","decl":{"start":{"line":29,"column":29},"end":{"line":29,"column":30}},"loc":{"start":{"line":29,"column":41},"end":{"line":33,"column":1}}}},"branchMap":{},"s":{"0":0,"1":0,"2":0,"3":0,"4":0,"5":0,"6":0,"7":0,"8":0,"9":0,"10":0,"11":0,"12":1,"13":0,"14":0,"15":0,"16":1},"f":{"0":0,"1":0},"b":{},"_coverageSchema":"332fd63041d2c1bcb487cc26dd0d5f7d97098a6c","hash":"a5fd43b043e2edd8933319bd7bb543e58bc43c11","contentHash":"ed774ab4db68cb4faaf4a74c0f8f4a84_10.1.2"},"/Users/arming/WebstormProjects/wolkenkratzer/src/resource.js":{"path":"/Users/arming/WebstormProjects/wolkenkratzer/src/resource.js","statementMap":{"0":{"start":{"line":5,"column":22},"end":{"line":5,"column":59}},"1":{"start":{"line":6,"column":15},"end":{"line":6,"column":41}},"2":{"start":{"line":7,"column":13},"end":{"line":7,"column":30}},"3":{"start":{"line":17,"column":2},"end":{"line":17,"column":20}},"4":{"start":{"line":18,"column":2},"end":{"line":18,"column":36}},"5":{"start":{"line":19,"column":2},"end":{"line":19,"column":30}},"6":{"start":{"line":20,"column":2},"end":{"line":20,"column":32}},"7":{"start":{"line":21,"column":2},"end":{"line":30,"column":3}},"8":{"start":{"line":22,"column":4},"end":{"line":29,"column":6}},"9":{"start":{"line":24,"column":8},"end":{"line":24,"column":40}},"10":{"start":{"line":27,"column":8},"end":{"line":27,"column":36}},"11":{"start":{"line":31,"column":2},"end":{"line":43,"column":3}},"12":{"start":{"line":32,"column":4},"end":{"line":42,"column":5}},"13":{"start":{"line":33,"column":6},"end":{"line":41,"column":7}},"14":{"start":{"line":34,"column":23},"end":{"line":34,"column":45}},"15":{"start":{"line":35,"column":8},"end":{"line":40,"column":9}},"16":{"start":{"line":36,"column":10},"end":{"line":39,"column":11}},"17":{"start":{"line":37,"column":12},"end":{"line":37,"column":47}},"18":{"start":{"line":50,"column":0},"end":{"line":52,"column":1}},"19":{"start":{"line":51,"column":2},"end":{"line":51,"column":27}},"20":{"start":{"line":58,"column":0},"end":{"line":60,"column":1}},"21":{"start":{"line":59,"column":2},"end":{"line":59,"column":20}},"22":{"start":{"line":66,"column":0},"end":{"line":81,"column":1}},"23":{"start":{"line":67,"column":2},"end":{"line":80,"column":3}},"24":{"start":{"line":68,"column":4},"end":{"line":71,"column":5}},"25":{"start":{"line":69,"column":6},"end":{"line":70,"column":7}},"26":{"start":{"line":72,"column":4},"end":{"line":76,"column":5}},"27":{"start":{"line":73,"column":6},"end":{"line":75,"column":7}},"28":{"start":{"line":77,"column":4},"end":{"line":77,"column":70}},"29":{"start":{"line":79,"column":4},"end":{"line":79,"column":147}},"30":{"start":{"line":87,"column":0},"end":{"line":102,"column":1}},"31":{"start":{"line":88,"column":2},"end":{"line":101,"column":3}},"32":{"start":{"line":89,"column":4},"end":{"line":92,"column":5}},"33":{"start":{"line":90,"column":6},"end":{"line":91,"column":7}},"34":{"start":{"line":93,"column":4},"end":{"line":97,"column":5}},"35":{"start":{"line":94,"column":6},"end":{"line":96,"column":7}},"36":{"start":{"line":98,"column":4},"end":{"line":98,"column":95}},"37":{"start":{"line":100,"column":4},"end":{"line":100,"column":150}},"38":{"start":{"line":108,"column":0},"end":{"line":117,"column":1}},"39":{"start":{"line":109,"column":2},"end":{"line":111,"column":3}},"40":{"start":{"line":110,"column":4},"end":{"line":110,"column":22}},"41":{"start":{"line":112,"column":2},"end":{"line":116,"column":3}},"42":{"start":{"line":113,"column":4},"end":{"line":113,"column":41}},"43":{"start":{"line":115,"column":4},"end":{"line":115,"column":63}},"44":{"start":{"line":122,"column":0},"end":{"line":180,"column":1}},"45":{"start":{"line":123,"column":22},"end":{"line":123,"column":65}},"46":{"start":{"line":124,"column":15},"end":{"line":124,"column":17}},"47":{"start":{"line":125,"column":2},"end":{"line":138,"column":3}},"48":{"start":{"line":126,"column":17},"end":{"line":126,"column":47}},"49":{"start":{"line":127,"column":4},"end":{"line":132,"column":5}},"50":{"start":{"line":128,"column":6},"end":{"line":130,"column":8}},"51":{"start":{"line":129,"column":8},"end":{"line":129,"column":22}},"52":{"start":{"line":131,"column":6},"end":{"line":131,"column":94}},"53":{"start":{"line":133,"column":4},"end":{"line":137,"column":5}},"54":{"start":{"line":134,"column":6},"end":{"line":134,"column":32}},"55":{"start":{"line":136,"column":6},"end":{"line":136,"column":39}},"56":{"start":{"line":139,"column":2},"end":{"line":147,"column":3}},"57":{"start":{"line":140,"column":17},"end":{"line":140,"column":50}},"58":{"start":{"line":141,"column":4},"end":{"line":146,"column":5}},"59":{"start":{"line":142,"column":6},"end":{"line":144,"column":8}},"60":{"start":{"line":143,"column":8},"end":{"line":143,"column":22}},"61":{"start":{"line":145,"column":6},"end":{"line":145,"column":69}},"62":{"start":{"line":148,"column":20},"end":{"line":148,"column":22}},"63":{"start":{"line":149,"column":2},"end":{"line":160,"column":3}},"64":{"start":{"line":150,"column":4},"end":{"line":159,"column":5}},"65":{"start":{"line":151,"column":6},"end":{"line":151,"column":51}},"66":{"start":{"line":152,"column":6},"end":{"line":158,"column":7}},"67":{"start":{"line":153,"column":8},"end":{"line":157,"column":9}},"68":{"start":{"line":154,"column":10},"end":{"line":154,"column":111}},"69":{"start":{"line":156,"column":10},"end":{"line":156,"column":120}},"70":{"start":{"line":161,"column":21},"end":{"line":164,"column":3}},"71":{"start":{"line":165,"column":2},"end":{"line":167,"column":3}},"72":{"start":{"line":166,"column":4},"end":{"line":166,"column":39}},"73":{"start":{"line":168,"column":2},"end":{"line":172,"column":3}},"74":{"start":{"line":169,"column":4},"end":{"line":171,"column":5}},"75":{"start":{"line":170,"column":6},"end":{"line":170,"column":59}},"76":{"start":{"line":173,"column":2},"end":{"line":175,"column":3}},"77":{"start":{"line":174,"column":4},"end":{"line":174,"column":50}},"78":{"start":{"line":176,"column":2},"end":{"line":178,"column":3}},"79":{"start":{"line":177,"column":4},"end":{"line":177,"column":17}},"80":{"start":{"line":179,"column":2},"end":{"line":179,"column":47}},"81":{"start":{"line":187,"column":2},"end":{"line":187,"column":20}},"82":{"start":{"line":188,"column":2},"end":{"line":188,"column":30}},"83":{"start":{"line":189,"column":2},"end":{"line":189,"column":32}},"84":{"start":{"line":190,"column":2},"end":{"line":199,"column":3}},"85":{"start":{"line":191,"column":4},"end":{"line":198,"column":6}},"86":{"start":{"line":193,"column":8},"end":{"line":193,"column":40}},"87":{"start":{"line":196,"column":8},"end":{"line":196,"column":36}},"88":{"start":{"line":200,"column":2},"end":{"line":204,"column":3}},"89":{"start":{"line":201,"column":4},"end":{"line":203,"column":5}},"90":{"start":{"line":202,"column":6},"end":{"line":202,"column":52}},"91":{"start":{"line":211,"column":0},"end":{"line":243,"column":1}},"92":{"start":{"line":212,"column":22},"end":{"line":212,"column":65}},"93":{"start":{"line":213,"column":15},"end":{"line":213,"column":17}},"94":{"start":{"line":214,"column":2},"end":{"line":231,"column":3}},"95":{"start":{"line":215,"column":4},"end":{"line":230,"column":5}},"96":{"start":{"line":216,"column":19},"end":{"line":216,"column":49}},"97":{"start":{"line":217,"column":6},"end":{"line":222,"column":7}},"98":{"start":{"line":218,"column":8},"end":{"line":220,"column":10}},"99":{"start":{"line":219,"column":10},"end":{"line":219,"column":24}},"100":{"start":{"line":221,"column":8},"end":{"line":221,"column":79}},"101":{"start":{"line":223,"column":6},"end":{"line":227,"column":7}},"102":{"start":{"line":224,"column":8},"end":{"line":224,"column":41}},"103":{"start":{"line":226,"column":8},"end":{"line":226,"column":34}},"104":{"start":{"line":229,"column":6},"end":{"line":229,"column":49}},"105":{"start":{"line":232,"column":2},"end":{"line":240,"column":3}},"106":{"start":{"line":233,"column":17},"end":{"line":233,"column":50}},"107":{"start":{"line":234,"column":4},"end":{"line":239,"column":5}},"108":{"start":{"line":235,"column":6},"end":{"line":237,"column":8}},"109":{"start":{"line":236,"column":8},"end":{"line":236,"column":22}},"110":{"start":{"line":238,"column":6},"end":{"line":238,"column":69}},"111":{"start":{"line":241,"column":2},"end":{"line":241,"column":37}},"112":{"start":{"line":241,"column":22},"end":{"line":241,"column":35}},"113":{"start":{"line":242,"column":2},"end":{"line":242,"column":48}},"114":{"start":{"line":245,"column":0},"end":{"line":248,"column":1}}},"fnMap":{"0":{"name":"WKResource","decl":{"start":{"line":16,"column":9},"end":{"line":16,"column":19}},"loc":{"start":{"line":16,"column":84},"end":{"line":44,"column":1}}},"1":{"name":"(anonymous_1)","decl":{"start":{"line":23,"column":11},"end":{"line":23,"column":12}},"loc":{"start":{"line":23,"column":22},"end":{"line":25,"column":7}}},"2":{"name":"(anonymous_2)","decl":{"start":{"line":26,"column":11},"end":{"line":26,"column":12}},"loc":{"start":{"line":26,"column":17},"end":{"line":28,"column":7}}},"3":{"name":"(anonymous_3)","decl":{"start":{"line":50,"column":33},"end":{"line":50,"column":34}},"loc":{"start":{"line":50,"column":53},"end":{"line":52,"column":1}}},"4":{"name":"(anonymous_4)","decl":{"start":{"line":58,"column":31},"end":{"line":58,"column":32}},"loc":{"start":{"line":58,"column":43},"end":{"line":60,"column":1}}},"5":{"name":"(anonymous_5)","decl":{"start":{"line":66,"column":33},"end":{"line":66,"column":34}},"loc":{"start":{"line":66,"column":51},"end":{"line":81,"column":1}}},"6":{"name":"(anonymous_6)","decl":{"start":{"line":87,"column":36},"end":{"line":87,"column":37}},"loc":{"start":{"line":87,"column":57},"end":{"line":102,"column":1}}},"7":{"name":"(anonymous_7)","decl":{"start":{"line":108,"column":33},"end":{"line":108,"column":34}},"loc":{"start":{"line":108,"column":51},"end":{"line":117,"column":1}}},"8":{"name":"(anonymous_8)","decl":{"start":{"line":122,"column":30},"end":{"line":122,"column":31}},"loc":{"start":{"line":122,"column":42},"end":{"line":180,"column":1}}},"9":{"name":"(anonymous_9)","decl":{"start":{"line":128,"column":28},"end":{"line":128,"column":29}},"loc":{"start":{"line":128,"column":35},"end":{"line":130,"column":7}}},"10":{"name":"(anonymous_10)","decl":{"start":{"line":142,"column":28},"end":{"line":142,"column":29}},"loc":{"start":{"line":142,"column":35},"end":{"line":144,"column":7}}},"11":{"name":"ResourceProperty","decl":{"start":{"line":186,"column":9},"end":{"line":186,"column":25}},"loc":{"start":{"line":186,"column":76},"end":{"line":205,"column":1}}},"12":{"name":"(anonymous_12)","decl":{"start":{"line":192,"column":11},"end":{"line":192,"column":12}},"loc":{"start":{"line":192,"column":22},"end":{"line":194,"column":7}}},"13":{"name":"(anonymous_13)","decl":{"start":{"line":195,"column":11},"end":{"line":195,"column":12}},"loc":{"start":{"line":195,"column":17},"end":{"line":197,"column":7}}},"14":{"name":"(anonymous_14)","decl":{"start":{"line":211,"column":36},"end":{"line":211,"column":37}},"loc":{"start":{"line":211,"column":48},"end":{"line":243,"column":1}}},"15":{"name":"(anonymous_15)","decl":{"start":{"line":218,"column":30},"end":{"line":218,"column":31}},"loc":{"start":{"line":218,"column":37},"end":{"line":220,"column":9}}},"16":{"name":"(anonymous_16)","decl":{"start":{"line":235,"column":28},"end":{"line":235,"column":29}},"loc":{"start":{"line":235,"column":35},"end":{"line":237,"column":7}}}},"branchMap":{"0":{"loc":{"start":{"line":31,"column":2},"end":{"line":43,"column":3}},"type":"if","locations":[{"start":{"line":31,"column":2},"end":{"line":43,"column":3}},{"start":{"line":31,"column":2},"end":{"line":43,"column":3}}]},"1":{"loc":{"start":{"line":33,"column":6},"end":{"line":41,"column":7}},"type":"if","locations":[{"start":{"line":33,"column":6},"end":{"line":41,"column":7}},{"start":{"line":33,"column":6},"end":{"line":41,"column":7}}]},"2":{"loc":{"start":{"line":35,"column":8},"end":{"line":40,"column":9}},"type":"if","locations":[{"start":{"line":35,"column":8},"end":{"line":40,"column":9}},{"start":{"line":35,"column":8},"end":{"line":40,"column":9}}]},"3":{"loc":{"start":{"line":67,"column":2},"end":{"line":80,"column":3}},"type":"if","locations":[{"start":{"line":67,"column":2},"end":{"line":80,"column":3}},{"start":{"line":67,"column":2},"end":{"line":80,"column":3}}]},"4":{"loc":{"start":{"line":67,"column":6},"end":{"line":67,"column":121}},"type":"binary-expr","locations":[{"start":{"line":67,"column":7},"end":{"line":67,"column":51}},{"start":{"line":67,"column":57},"end":{"line":67,"column":120}}]},"5":{"loc":{"start":{"line":68,"column":4},"end":{"line":71,"column":5}},"type":"if","locations":[{"start":{"line":68,"column":4},"end":{"line":71,"column":5}},{"start":{"line":68,"column":4},"end":{"line":71,"column":5}}]},"6":{"loc":{"start":{"line":72,"column":4},"end":{"line":76,"column":5}},"type":"if","locations":[{"start":{"line":72,"column":4},"end":{"line":76,"column":5}},{"start":{"line":72,"column":4},"end":{"line":76,"column":5}}]},"7":{"loc":{"start":{"line":88,"column":2},"end":{"line":101,"column":3}},"type":"if","locations":[{"start":{"line":88,"column":2},"end":{"line":101,"column":3}},{"start":{"line":88,"column":2},"end":{"line":101,"column":3}}]},"8":{"loc":{"start":{"line":88,"column":6},"end":{"line":88,"column":121}},"type":"binary-expr","locations":[{"start":{"line":88,"column":7},"end":{"line":88,"column":51}},{"start":{"line":88,"column":57},"end":{"line":88,"column":120}}]},"9":{"loc":{"start":{"line":89,"column":4},"end":{"line":92,"column":5}},"type":"if","locations":[{"start":{"line":89,"column":4},"end":{"line":92,"column":5}},{"start":{"line":89,"column":4},"end":{"line":92,"column":5}}]},"10":{"loc":{"start":{"line":93,"column":4},"end":{"line":97,"column":5}},"type":"if","locations":[{"start":{"line":93,"column":4},"end":{"line":97,"column":5}},{"start":{"line":93,"column":4},"end":{"line":97,"column":5}}]},"11":{"loc":{"start":{"line":109,"column":2},"end":{"line":111,"column":3}},"type":"if","locations":[{"start":{"line":109,"column":2},"end":{"line":111,"column":3}},{"start":{"line":109,"column":2},"end":{"line":111,"column":3}}]},"12":{"loc":{"start":{"line":112,"column":2},"end":{"line":116,"column":3}},"type":"if","locations":[{"start":{"line":112,"column":2},"end":{"line":116,"column":3}},{"start":{"line":112,"column":2},"end":{"line":116,"column":3}}]},"13":{"loc":{"start":{"line":127,"column":4},"end":{"line":132,"column":5}},"type":"if","locations":[{"start":{"line":127,"column":4},"end":{"line":132,"column":5}},{"start":{"line":127,"column":4},"end":{"line":132,"column":5}}]},"14":{"loc":{"start":{"line":133,"column":4},"end":{"line":137,"column":5}},"type":"if","locations":[{"start":{"line":133,"column":4},"end":{"line":137,"column":5}},{"start":{"line":133,"column":4},"end":{"line":137,"column":5}}]},"15":{"loc":{"start":{"line":133,"column":8},"end":{"line":133,"column":57}},"type":"binary-expr","locations":[{"start":{"line":133,"column":8},"end":{"line":133,"column":28}},{"start":{"line":133,"column":32},"end":{"line":133,"column":57}}]},"16":{"loc":{"start":{"line":139,"column":2},"end":{"line":147,"column":3}},"type":"if","locations":[{"start":{"line":139,"column":2},"end":{"line":147,"column":3}},{"start":{"line":139,"column":2},"end":{"line":147,"column":3}}]},"17":{"loc":{"start":{"line":141,"column":4},"end":{"line":146,"column":5}},"type":"if","locations":[{"start":{"line":141,"column":4},"end":{"line":146,"column":5}},{"start":{"line":141,"column":4},"end":{"line":146,"column":5}}]},"18":{"loc":{"start":{"line":149,"column":2},"end":{"line":160,"column":3}},"type":"if","locations":[{"start":{"line":149,"column":2},"end":{"line":160,"column":3}},{"start":{"line":149,"column":2},"end":{"line":160,"column":3}}]},"19":{"loc":{"start":{"line":150,"column":4},"end":{"line":159,"column":5}},"type":"if","locations":[{"start":{"line":150,"column":4},"end":{"line":159,"column":5}},{"start":{"line":150,"column":4},"end":{"line":159,"column":5}}]},"20":{"loc":{"start":{"line":153,"column":8},"end":{"line":157,"column":9}},"type":"if","locations":[{"start":{"line":153,"column":8},"end":{"line":157,"column":9}},{"start":{"line":153,"column":8},"end":{"line":157,"column":9}}]},"21":{"loc":{"start":{"line":165,"column":2},"end":{"line":167,"column":3}},"type":"if","locations":[{"start":{"line":165,"column":2},"end":{"line":167,"column":3}},{"start":{"line":165,"column":2},"end":{"line":167,"column":3}}]},"22":{"loc":{"start":{"line":168,"column":2},"end":{"line":172,"column":3}},"type":"if","locations":[{"start":{"line":168,"column":2},"end":{"line":172,"column":3}},{"start":{"line":168,"column":2},"end":{"line":172,"column":3}}]},"23":{"loc":{"start":{"line":173,"column":2},"end":{"line":175,"column":3}},"type":"if","locations":[{"start":{"line":173,"column":2},"end":{"line":175,"column":3}},{"start":{"line":173,"column":2},"end":{"line":175,"column":3}}]},"24":{"loc":{"start":{"line":176,"column":2},"end":{"line":178,"column":3}},"type":"if","locations":[{"start":{"line":176,"column":2},"end":{"line":178,"column":3}},{"start":{"line":176,"column":2},"end":{"line":178,"column":3}}]},"25":{"loc":{"start":{"line":200,"column":2},"end":{"line":204,"column":3}},"type":"if","locations":[{"start":{"line":200,"column":2},"end":{"line":204,"column":3}},{"start":{"line":200,"column":2},"end":{"line":204,"column":3}}]},"26":{"loc":{"start":{"line":215,"column":4},"end":{"line":230,"column":5}},"type":"if","locations":[{"start":{"line":215,"column":4},"end":{"line":230,"column":5}},{"start":{"line":215,"column":4},"end":{"line":230,"column":5}}]},"27":{"loc":{"start":{"line":215,"column":8},"end":{"line":215,"column":115}},"type":"binary-expr","locations":[{"start":{"line":215,"column":9},"end":{"line":215,"column":58}},{"start":{"line":215,"column":64},"end":{"line":215,"column":114}}]},"28":{"loc":{"start":{"line":217,"column":6},"end":{"line":222,"column":7}},"type":"if","locations":[{"start":{"line":217,"column":6},"end":{"line":222,"column":7}},{"start":{"line":217,"column":6},"end":{"line":222,"column":7}}]},"29":{"loc":{"start":{"line":223,"column":6},"end":{"line":227,"column":7}},"type":"if","locations":[{"start":{"line":223,"column":6},"end":{"line":227,"column":7}},{"start":{"line":223,"column":6},"end":{"line":227,"column":7}}]},"30":{"loc":{"start":{"line":232,"column":2},"end":{"line":240,"column":3}},"type":"if","locations":[{"start":{"line":232,"column":2},"end":{"line":240,"column":3}},{"start":{"line":232,"column":2},"end":{"line":240,"column":3}}]},"31":{"loc":{"start":{"line":234,"column":4},"end":{"line":239,"column":5}},"type":"if","locations":[{"start":{"line":234,"column":4},"end":{"line":239,"column":5}},{"start":{"line":234,"column":4},"end":{"line":239,"column":5}}]},"32":{"loc":{"start":{"line":241,"column":2},"end":{"line":241,"column":37}},"type":"if","locations":[{"start":{"line":241,"column":2},"end":{"line":241,"column":37}},{"start":{"line":241,"column":2},"end":{"line":241,"column":37}}]}},"s":{"0":1,"1":1,"2":1,"3":182,"4":182,"5":182,"6":182,"7":182,"8":1023,"9":0,"10":0,"11":182,"12":0,"13":0,"14":0,"15":0,"16":0,"17":0,"18":1,"19":0,"20":1,"21":0,"22":1,"23":0,"24":0,"25":0,"26":0,"27":0,"28":0,"29":0,"30":1,"31":0,"32":0,"33":0,"34":0,"35":0,"36":0,"37":0,"38":1,"39":0,"40":0,"41":0,"42":0,"43":0,"44":1,"45":0,"46":0,"47":0,"48":0,"49":0,"50":0,"51":0,"52":0,"53":0,"54":0,"55":0,"56":0,"57":0,"58":0,"59":0,"60":0,"61":0,"62":0,"63":0,"64":0,"65":0,"66":0,"67":0,"68":0,"69":0,"70":0,"71":0,"72":0,"73":0,"74":0,"75":0,"76":0,"77":0,"78":0,"79":0,"80":0,"81":0,"82":0,"83":0,"84":0,"85":0,"86":0,"87":0,"88":0,"89":0,"90":0,"91":1,"92":0,"93":0,"94":0,"95":0,"96":0,"97":0,"98":0,"99":0,"100":0,"101":0,"102":0,"103":0,"104":0,"105":0,"106":0,"107":0,"108":0,"109":0,"110":0,"111":0,"112":0,"113":0,"114":1},"f":{"0":182,"1":0,"2":0,"3":0,"4":0,"5":0,"6":0,"7":0,"8":0,"9":0,"10":0,"11":0,"12":0,"13":0,"14":0,"15":0,"16":0},"b":{"0":[0,182],"1":[0,0],"2":[0,0],"3":[0,0],"4":[0,0],"5":[0,0],"6":[0,0],"7":[0,0],"8":[0,0],"9":[0,0],"10":[0,0],"11":[0,0],"12":[0,0],"13":[0,0],"14":[0,0],"15":[0,0],"16":[0,0],"17":[0,0],"18":[0,0],"19":[0,0],"20":[0,0],"21":[0,0],"22":[0,0],"23":[0,0],"24":[0,0],"25":[0,0],"26":[0,0],"27":[0,0],"28":[0,0],"29":[0,0],"30":[0,0],"31":[0,0],"32":[0,0]},"_coverageSchema":"332fd63041d2c1bcb487cc26dd0d5f7d97098a6c","hash":"38be4f0b3b790a1a892ef376f390ab5b08395c59","contentHash":"0602fcae2ff40579edd34d6080d30162_10.1.2"},"/Users/arming/WebstormProjects/wolkenkratzer/src/policy.js":{"path":"/Users/arming/WebstormProjects/wolkenkratzer/src/policy.js","statementMap":{"0":{"start":{"line":6,"column":22},"end":{"line":6,"column":59}},"1":{"start":{"line":14,"column":2},"end":{"line":14,"column":20}},"2":{"start":{"line":17,"column":0},"end":{"line":21,"column":1}},"3":{"start":{"line":18,"column":10},"end":{"line":18,"column":42}},"4":{"start":{"line":19,"column":2},"end":{"line":19,"column":17}},"5":{"start":{"line":20,"column":2},"end":{"line":20,"column":10}},"6":{"start":{"line":27,"column":2},"end":{"line":27,"column":37}},"7":{"start":{"line":28,"column":2},"end":{"line":31,"column":3}},"8":{"start":{"line":29,"column":4},"end":{"line":29,"column":73}},"9":{"start":{"line":30,"column":4},"end":{"line":30,"column":51}},"10":{"start":{"line":33,"column":0},"end":{"line":33,"column":58}},"11":{"start":{"line":39,"column":2},"end":{"line":39,"column":37}},"12":{"start":{"line":40,"column":2},"end":{"line":44,"column":3}},"13":{"start":{"line":41,"column":4},"end":{"line":41,"column":20}},"14":{"start":{"line":43,"column":4},"end":{"line":43,"column":92}},"15":{"start":{"line":46,"column":0},"end":{"line":46,"column":58}},"16":{"start":{"line":52,"column":2},"end":{"line":52,"column":35}},"17":{"start":{"line":54,"column":0},"end":{"line":54,"column":56}},"18":{"start":{"line":56,"column":0},"end":{"line":61,"column":1}}},"fnMap":{"0":{"name":"Policy","decl":{"start":{"line":13,"column":9},"end":{"line":13,"column":15}},"loc":{"start":{"line":13,"column":23},"end":{"line":15,"column":1}}},"1":{"name":"(anonymous_1)","decl":{"start":{"line":17,"column":26},"end":{"line":17,"column":27}},"loc":{"start":{"line":17,"column":38},"end":{"line":21,"column":1}}},"2":{"name":"CreationPolicy","decl":{"start":{"line":26,"column":9},"end":{"line":26,"column":23}},"loc":{"start":{"line":26,"column":37},"end":{"line":32,"column":1}}},"3":{"name":"DeletionPolicy","decl":{"start":{"line":38,"column":9},"end":{"line":38,"column":23}},"loc":{"start":{"line":38,"column":31},"end":{"line":45,"column":1}}},"4":{"name":"UpdatePolicy","decl":{"start":{"line":51,"column":9},"end":{"line":51,"column":21}},"loc":{"start":{"line":51,"column":35},"end":{"line":53,"column":1}}}},"branchMap":{"0":{"loc":{"start":{"line":28,"column":2},"end":{"line":31,"column":3}},"type":"if","locations":[{"start":{"line":28,"column":2},"end":{"line":31,"column":3}},{"start":{"line":28,"column":2},"end":{"line":31,"column":3}}]},"1":{"loc":{"start":{"line":40,"column":2},"end":{"line":44,"column":3}},"type":"if","locations":[{"start":{"line":40,"column":2},"end":{"line":44,"column":3}},{"start":{"line":40,"column":2},"end":{"line":44,"column":3}}]},"2":{"loc":{"start":{"line":40,"column":6},"end":{"line":40,"column":67}},"type":"binary-expr","locations":[{"start":{"line":40,"column":6},"end":{"line":40,"column":23}},{"start":{"line":40,"column":27},"end":{"line":40,"column":44}},{"start":{"line":40,"column":48},"end":{"line":40,"column":67}}]}},"s":{"0":1,"1":0,"2":1,"3":0,"4":0,"5":0,"6":0,"7":0,"8":0,"9":0,"10":1,"11":0,"12":0,"13":0,"14":0,"15":1,"16":0,"17":1,"18":1},"f":{"0":0,"1":0,"2":0,"3":0,"4":0},"b":{"0":[0,0],"1":[0,0],"2":[0,0,0]},"_coverageSchema":"332fd63041d2c1bcb487cc26dd0d5f7d97098a6c","hash":"3f311db1a5313f26ace8fc3a69f054249cb316d9","contentHash":"1b0ce4672a9f322c2cae6a2264978e39_10.1.2"},"/Users/arming/WebstormProjects/wolkenkratzer/src/util.js":{"path":"/Users/arming/WebstormProjects/wolkenkratzer/src/util.js","statementMap":{"0":{"start":{"line":7,"column":2},"end":{"line":7,"column":70}},"1":{"start":{"line":11,"column":2},"end":{"line":11,"column":34}},"2":{"start":{"line":15,"column":2},"end":{"line":15,"column":78}},"3":{"start":{"line":18,"column":0},"end":{"line":21,"column":1}}},"fnMap":{"0":{"name":"isEmpty","decl":{"start":{"line":6,"column":9},"end":{"line":6,"column":16}},"loc":{"start":{"line":6,"column":22},"end":{"line":8,"column":1}}},"1":{"name":"safeRename","decl":{"start":{"line":10,"column":9},"end":{"line":10,"column":19}},"loc":{"start":{"line":10,"column":26},"end":{"line":12,"column":1}}},"2":{"name":"_generateShortHash","decl":{"start":{"line":14,"column":9},"end":{"line":14,"column":27}},"loc":{"start":{"line":14,"column":30},"end":{"line":16,"column":1}}}},"branchMap":{"0":{"loc":{"start":{"line":7,"column":10},"end":{"line":7,"column":69}},"type":"binary-expr","locations":[{"start":{"line":7,"column":10},"end":{"line":7,"column":39}},{"start":{"line":7,"column":43},"end":{"line":7,"column":69}}]}},"s":{"0":0,"1":0,"2":0,"3":1},"f":{"0":0,"1":0,"2":0},"b":{"0":[0,0]},"_coverageSchema":"332fd63041d2c1bcb487cc26dd0d5f7d97098a6c","hash":"ef6f122592fa596d30d795a7c81ed3e92f78bc7a","contentHash":"9af18bfc1e96554056cc092c6294d532_10.1.2"},"/Users/arming/WebstormProjects/wolkenkratzer/src/service.js":{"path":"/Users/arming/WebstormProjects/wolkenkratzer/src/service.js","statementMap":{"0":{"start":{"line":6,"column":26},"end":{"line":6,"column":74}},"1":{"start":{"line":7,"column":19},"end":{"line":7,"column":51}},"2":{"start":{"line":8,"column":14},"end":{"line":8,"column":34}},"3":{"start":{"line":9,"column":12},"end":{"line":9,"column":28}},"4":{"start":{"line":12,"column":16},"end":{"line":12,"column":18}},"5":{"start":{"line":13,"column":15},"end":{"line":13,"column":64}},"6":{"start":{"line":14,"column":2},"end":{"line":50,"column":3}},"7":{"start":{"line":15,"column":24},"end":{"line":46,"column":5}},"8":{"start":{"line":16,"column":25},"end":{"line":16,"column":48}},"9":{"start":{"line":17,"column":23},"end":{"line":17,"column":25}},"10":{"start":{"line":18,"column":6},"end":{"line":43,"column":7}},"11":{"start":{"line":19,"column":8},"end":{"line":42,"column":9}},"12":{"start":{"line":20,"column":10},"end":{"line":20,"column":45}},"13":{"start":{"line":22,"column":26},"end":{"line":22,"column":65}},"14":{"start":{"line":23,"column":25},"end":{"line":23,"column":31}},"15":{"start":{"line":24,"column":10},"end":{"line":40,"column":11}},"16":{"start":{"line":26,"column":14},"end":{"line":26,"column":31}},"17":{"start":{"line":27,"column":14},"end":{"line":27,"column":19}},"18":{"start":{"line":29,"column":14},"end":{"line":29,"column":31}},"19":{"start":{"line":30,"column":14},"end":{"line":30,"column":19}},"20":{"start":{"line":32,"column":14},"end":{"line":32,"column":32}},"21":{"start":{"line":33,"column":14},"end":{"line":33,"column":19}},"22":{"start":{"line":35,"column":14},"end":{"line":35,"column":31}},"23":{"start":{"line":36,"column":14},"end":{"line":36,"column":19}},"24":{"start":{"line":38,"column":14},"end":{"line":38,"column":48}},"25":{"start":{"line":39,"column":14},"end":{"line":39,"column":19}},"26":{"start":{"line":41,"column":10},"end":{"line":41,"column":109}},"27":{"start":{"line":44,"column":6},"end":{"line":44,"column":77}},"28":{"start":{"line":45,"column":6},"end":{"line":45,"column":17}},"29":{"start":{"line":47,"column":4},"end":{"line":47,"column":65}},"30":{"start":{"line":49,"column":4},"end":{"line":49,"column":41}},"31":{"start":{"line":51,"column":2},"end":{"line":51,"column":16}},"32":{"start":{"line":54,"column":0},"end":{"line":54,"column":24}}},"fnMap":{"0":{"name":"Service","decl":{"start":{"line":11,"column":9},"end":{"line":11,"column":16}},"loc":{"start":{"line":11,"column":31},"end":{"line":52,"column":1}}},"1":{"name":"(anonymous_1)","decl":{"start":{"line":15,"column":24},"end":{"line":15,"column":25}},"loc":{"start":{"line":15,"column":58},"end":{"line":46,"column":5}}}},"branchMap":{"0":{"loc":{"start":{"line":19,"column":8},"end":{"line":42,"column":9}},"type":"if","locations":[{"start":{"line":19,"column":8},"end":{"line":42,"column":9}},{"start":{"line":19,"column":8},"end":{"line":42,"column":9}}]},"1":{"loc":{"start":{"line":24,"column":10},"end":{"line":40,"column":11}},"type":"switch","locations":[{"start":{"line":25,"column":12},"end":{"line":27,"column":19}},{"start":{"line":28,"column":12},"end":{"line":30,"column":19}},{"start":{"line":31,"column":12},"end":{"line":33,"column":19}},{"start":{"line":34,"column":12},"end":{"line":36,"column":19}},{"start":{"line":37,"column":12},"end":{"line":39,"column":19}}]}},"s":{"0":1,"1":1,"2":1,"3":1,"4":48,"5":48,"6":48,"7":184,"8":182,"9":182,"10":182,"11":1023,"12":36,"13":987,"14":987,"15":987,"16":662,"17":662,"18":68,"19":68,"20":64,"21":64,"22":19,"23":19,"24":174,"25":174,"26":987,"27":182,"28":182,"29":184,"30":184,"31":48,"32":1},"f":{"0":48,"1":182},"b":{"0":[36,987],"1":[662,68,64,19,174]},"_coverageSchema":"332fd63041d2c1bcb487cc26dd0d5f7d97098a6c","hash":"614233bd885fc91ba94d323744dfe829e30dcc78","contentHash":"a8a7b4317ef5ba56fef59ac33f3948e2_10.1.2"},"/Users/arming/WebstormProjects/wolkenkratzer/src/resourceattribute.js":{"path":"/Users/arming/WebstormProjects/wolkenkratzer/src/resourceattribute.js","statementMap":{"0":{"start":{"line":6,"column":18},"end":{"line":6,"column":40}},"1":{"start":{"line":7,"column":12},"end":{"line":7,"column":25}},"2":{"start":{"line":8,"column":17},"end":{"line":8,"column":35}},"3":{"start":{"line":9,"column":20},"end":{"line":9,"column":41}},"4":{"start":{"line":10,"column":17},"end":{"line":10,"column":35}},"5":{"start":{"line":11,"column":15},"end":{"line":11,"column":31}},"6":{"start":{"line":12,"column":34},"end":{"line":12,"column":83}},"7":{"start":{"line":13,"column":22},"end":{"line":13,"column":59}},"8":{"start":{"line":14,"column":25},"end":{"line":14,"column":63}},"9":{"start":{"line":22,"column":2},"end":{"line":22,"column":20}},"10":{"start":{"line":23,"column":2},"end":{"line":23,"column":18}},"11":{"start":{"line":24,"column":2},"end":{"line":24,"column":24}},"12":{"start":{"line":25,"column":2},"end":{"line":25,"column":26}},"13":{"start":{"line":26,"column":2},"end":{"line":26,"column":18}},"14":{"start":{"line":33,"column":0},"end":{"line":71,"column":1}},"15":{"start":{"line":34,"column":2},"end":{"line":70,"column":3}},"16":{"start":{"line":35,"column":26},"end":{"line":35,"column":56}},"17":{"start":{"line":36,"column":4},"end":{"line":38,"column":5}},"18":{"start":{"line":37,"column":6},"end":{"line":37,"column":29}},"19":{"start":{"line":39,"column":4},"end":{"line":53,"column":5}},"20":{"start":{"line":40,"column":6},"end":{"line":40,"column":22}},"21":{"start":{"line":41,"column":11},"end":{"line":53,"column":5}},"22":{"start":{"line":42,"column":6},"end":{"line":42,"column":99}},"23":{"start":{"line":44,"column":6},"end":{"line":44,"column":19}},"24":{"start":{"line":45,"column":6},"end":{"line":52,"column":7}},"25":{"start":{"line":46,"column":8},"end":{"line":46,"column":32}},"26":{"start":{"line":47,"column":8},"end":{"line":51,"column":9}},"27":{"start":{"line":48,"column":10},"end":{"line":48,"column":28}},"28":{"start":{"line":50,"column":10},"end":{"line":50,"column":115}},"29":{"start":{"line":55,"column":26},"end":{"line":55,"column":56}},"30":{"start":{"line":56,"column":4},"end":{"line":58,"column":5}},"31":{"start":{"line":57,"column":6},"end":{"line":57,"column":29}},"32":{"start":{"line":59,"column":4},"end":{"line":69,"column":5}},"33":{"start":{"line":60,"column":6},"end":{"line":60,"column":22}},"34":{"start":{"line":62,"column":6},"end":{"line":68,"column":7}},"35":{"start":{"line":63,"column":8},"end":{"line":63,"column":24}},"36":{"start":{"line":64,"column":13},"end":{"line":68,"column":7}},"37":{"start":{"line":65,"column":8},"end":{"line":65,"column":39}},"38":{"start":{"line":67,"column":8},"end":{"line":67,"column":113}},"39":{"start":{"line":77,"column":0},"end":{"line":102,"column":1}},"40":{"start":{"line":78,"column":2},"end":{"line":80,"column":3}},"41":{"start":{"line":79,"column":4},"end":{"line":79,"column":81}},"42":{"start":{"line":81,"column":14},"end":{"line":81,"column":17}},"43":{"start":{"line":82,"column":24},"end":{"line":82,"column":54}},"44":{"start":{"line":83,"column":2},"end":{"line":85,"column":3}},"45":{"start":{"line":84,"column":4},"end":{"line":84,"column":27}},"46":{"start":{"line":86,"column":2},"end":{"line":101,"column":3}},"47":{"start":{"line":87,"column":4},"end":{"line":89,"column":5}},"48":{"start":{"line":88,"column":6},"end":{"line":88,"column":19}},"49":{"start":{"line":90,"column":4},"end":{"line":90,"column":22}},"50":{"start":{"line":92,"column":4},"end":{"line":100,"column":5}},"51":{"start":{"line":93,"column":6},"end":{"line":95,"column":7}},"52":{"start":{"line":94,"column":8},"end":{"line":94,"column":21}},"53":{"start":{"line":96,"column":22},"end":{"line":96,"column":40}},"54":{"start":{"line":97,"column":6},"end":{"line":97,"column":30}},"55":{"start":{"line":99,"column":6},"end":{"line":99,"column":107}},"56":{"start":{"line":108,"column":0},"end":{"line":108,"column":65}},"57":{"start":{"line":108,"column":48},"end":{"line":108,"column":63}},"58":{"start":{"line":114,"column":0},"end":{"line":116,"column":1}},"59":{"start":{"line":115,"column":2},"end":{"line":115,"column":30}},"60":{"start":{"line":123,"column":0},"end":{"line":125,"column":1}},"61":{"start":{"line":124,"column":2},"end":{"line":124,"column":46}},"62":{"start":{"line":133,"column":0},"end":{"line":135,"column":1}},"63":{"start":{"line":134,"column":2},"end":{"line":134,"column":46}},"64":{"start":{"line":142,"column":0},"end":{"line":144,"column":1}},"65":{"start":{"line":143,"column":2},"end":{"line":143,"column":42}},"66":{"start":{"line":150,"column":0},"end":{"line":152,"column":1}},"67":{"start":{"line":151,"column":2},"end":{"line":151,"column":34}},"68":{"start":{"line":158,"column":0},"end":{"line":237,"column":1}},"69":{"start":{"line":159,"column":15},"end":{"line":159,"column":17}},"70":{"start":{"line":160,"column":2},"end":{"line":236,"column":3}},"71":{"start":{"line":161,"column":4},"end":{"line":214,"column":5}},"72":{"start":{"line":162,"column":6},"end":{"line":206,"column":7}},"73":{"start":{"line":163,"column":21},"end":{"line":163,"column":38}},"74":{"start":{"line":164,"column":8},"end":{"line":168,"column":9}},"75":{"start":{"line":165,"column":10},"end":{"line":167,"column":12}},"76":{"start":{"line":166,"column":12},"end":{"line":166,"column":26}},"77":{"start":{"line":169,"column":8},"end":{"line":169,"column":52}},"78":{"start":{"line":170,"column":13},"end":{"line":206,"column":7}},"79":{"start":{"line":171,"column":24},"end":{"line":171,"column":26}},"80":{"start":{"line":172,"column":8},"end":{"line":182,"column":9}},"81":{"start":{"line":173,"column":23},"end":{"line":173,"column":46}},"82":{"start":{"line":174,"column":10},"end":{"line":178,"column":11}},"83":{"start":{"line":175,"column":12},"end":{"line":177,"column":14}},"84":{"start":{"line":176,"column":14},"end":{"line":176,"column":28}},"85":{"start":{"line":179,"column":10},"end":{"line":181,"column":11}},"86":{"start":{"line":180,"column":12},"end":{"line":180,"column":39}},"87":{"start":{"line":183,"column":8},"end":{"line":185,"column":9}},"88":{"start":{"line":184,"column":10},"end":{"line":184,"column":52}},"89":{"start":{"line":187,"column":24},"end":{"line":187,"column":26}},"90":{"start":{"line":188,"column":8},"end":{"line":202,"column":9}},"91":{"start":{"line":189,"column":10},"end":{"line":201,"column":11}},"92":{"start":{"line":190,"column":25},"end":{"line":190,"column":48}},"93":{"start":{"line":191,"column":12},"end":{"line":195,"column":13}},"94":{"start":{"line":192,"column":14},"end":{"line":194,"column":16}},"95":{"start":{"line":193,"column":16},"end":{"line":193,"column":30}},"96":{"start":{"line":196,"column":12},"end":{"line":198,"column":13}},"97":{"start":{"line":197,"column":14},"end":{"line":197,"column":41}},"98":{"start":{"line":200,"column":12},"end":{"line":200,"column":42}},"99":{"start":{"line":203,"column":8},"end":{"line":205,"column":9}},"100":{"start":{"line":204,"column":10},"end":{"line":204,"column":52}},"101":{"start":{"line":208,"column":6},"end":{"line":213,"column":7}},"102":{"start":{"line":209,"column":8},"end":{"line":209,"column":50}},"103":{"start":{"line":210,"column":8},"end":{"line":210,"column":45}},"104":{"start":{"line":212,"column":8},"end":{"line":212,"column":43}},"105":{"start":{"line":216,"column":4},"end":{"line":235,"column":5}},"106":{"start":{"line":217,"column":6},"end":{"line":225,"column":7}},"107":{"start":{"line":218,"column":21},"end":{"line":218,"column":38}},"108":{"start":{"line":219,"column":8},"end":{"line":223,"column":9}},"109":{"start":{"line":220,"column":10},"end":{"line":222,"column":12}},"110":{"start":{"line":221,"column":12},"end":{"line":221,"column":26}},"111":{"start":{"line":224,"column":8},"end":{"line":224,"column":52}},"112":{"start":{"line":226,"column":22},"end":{"line":226,"column":30}},"113":{"start":{"line":227,"column":6},"end":{"line":227,"column":48}},"114":{"start":{"line":229,"column":6},"end":{"line":234,"column":7}},"115":{"start":{"line":230,"column":8},"end":{"line":230,"column":50}},"116":{"start":{"line":231,"column":8},"end":{"line":231,"column":45}},"117":{"start":{"line":233,"column":8},"end":{"line":233,"column":43}},"118":{"start":{"line":239,"column":0},"end":{"line":241,"column":1}}},"fnMap":{"0":{"name":"ResourceAttribute","decl":{"start":{"line":21,"column":9},"end":{"line":21,"column":26}},"loc":{"start":{"line":21,"column":66},"end":{"line":27,"column":1}}},"1":{"name":"(anonymous_1)","decl":{"start":{"line":33,"column":34},"end":{"line":33,"column":35}},"loc":{"start":{"line":33,"column":51},"end":{"line":71,"column":1}}},"2":{"name":"(anonymous_2)","decl":{"start":{"line":77,"column":35},"end":{"line":77,"column":36}},"loc":{"start":{"line":77,"column":50},"end":{"line":102,"column":1}}},"3":{"name":"(anonymous_3)","decl":{"start":{"line":108,"column":34},"end":{"line":108,"column":35}},"loc":{"start":{"line":108,"column":46},"end":{"line":108,"column":65}}},"4":{"name":"(anonymous_4)","decl":{"start":{"line":114,"column":34},"end":{"line":114,"column":35}},"loc":{"start":{"line":114,"column":54},"end":{"line":116,"column":1}}},"5":{"name":"(anonymous_5)","decl":{"start":{"line":123,"column":37},"end":{"line":123,"column":38}},"loc":{"start":{"line":123,"column":68},"end":{"line":125,"column":1}}},"6":{"name":"(anonymous_6)","decl":{"start":{"line":133,"column":40},"end":{"line":133,"column":41}},"loc":{"start":{"line":133,"column":68},"end":{"line":135,"column":1}}},"7":{"name":"(anonymous_7)","decl":{"start":{"line":142,"column":35},"end":{"line":142,"column":36}},"loc":{"start":{"line":142,"column":64},"end":{"line":144,"column":1}}},"8":{"name":"(anonymous_8)","decl":{"start":{"line":150,"column":37},"end":{"line":150,"column":38}},"loc":{"start":{"line":150,"column":56},"end":{"line":152,"column":1}}},"9":{"name":"(anonymous_9)","decl":{"start":{"line":158,"column":37},"end":{"line":158,"column":38}},"loc":{"start":{"line":158,"column":49},"end":{"line":237,"column":1}}},"10":{"name":"(anonymous_10)","decl":{"start":{"line":165,"column":32},"end":{"line":165,"column":33}},"loc":{"start":{"line":165,"column":39},"end":{"line":167,"column":11}}},"11":{"name":"(anonymous_11)","decl":{"start":{"line":175,"column":34},"end":{"line":175,"column":35}},"loc":{"start":{"line":175,"column":41},"end":{"line":177,"column":13}}},"12":{"name":"(anonymous_12)","decl":{"start":{"line":192,"column":36},"end":{"line":192,"column":37}},"loc":{"start":{"line":192,"column":43},"end":{"line":194,"column":15}}},"13":{"name":"(anonymous_13)","decl":{"start":{"line":220,"column":32},"end":{"line":220,"column":33}},"loc":{"start":{"line":220,"column":39},"end":{"line":222,"column":11}}}},"branchMap":{"0":{"loc":{"start":{"line":34,"column":2},"end":{"line":70,"column":3}},"type":"if","locations":[{"start":{"line":34,"column":2},"end":{"line":70,"column":3}},{"start":{"line":34,"column":2},"end":{"line":70,"column":3}}]},"1":{"loc":{"start":{"line":36,"column":4},"end":{"line":38,"column":5}},"type":"if","locations":[{"start":{"line":36,"column":4},"end":{"line":38,"column":5}},{"start":{"line":36,"column":4},"end":{"line":38,"column":5}}]},"2":{"loc":{"start":{"line":39,"column":4},"end":{"line":53,"column":5}},"type":"if","locations":[{"start":{"line":39,"column":4},"end":{"line":53,"column":5}},{"start":{"line":39,"column":4},"end":{"line":53,"column":5}}]},"3":{"loc":{"start":{"line":41,"column":11},"end":{"line":53,"column":5}},"type":"if","locations":[{"start":{"line":41,"column":11},"end":{"line":53,"column":5}},{"start":{"line":41,"column":11},"end":{"line":53,"column":5}}]},"4":{"loc":{"start":{"line":47,"column":8},"end":{"line":51,"column":9}},"type":"if","locations":[{"start":{"line":47,"column":8},"end":{"line":51,"column":9}},{"start":{"line":47,"column":8},"end":{"line":51,"column":9}}]},"5":{"loc":{"start":{"line":47,"column":12},"end":{"line":47,"column":271}},"type":"binary-expr","locations":[{"start":{"line":47,"column":14},"end":{"line":47,"column":37}},{"start":{"line":47,"column":43},"end":{"line":47,"column":83}},{"start":{"line":47,"column":91},"end":{"line":47,"column":115}},{"start":{"line":47,"column":121},"end":{"line":47,"column":162}},{"start":{"line":47,"column":170},"end":{"line":47,"column":193}},{"start":{"line":47,"column":199},"end":{"line":47,"column":239}},{"start":{"line":47,"column":246},"end":{"line":47,"column":270}}]},"6":{"loc":{"start":{"line":56,"column":4},"end":{"line":58,"column":5}},"type":"if","locations":[{"start":{"line":56,"column":4},"end":{"line":58,"column":5}},{"start":{"line":56,"column":4},"end":{"line":58,"column":5}}]},"7":{"loc":{"start":{"line":59,"column":4},"end":{"line":69,"column":5}},"type":"if","locations":[{"start":{"line":59,"column":4},"end":{"line":69,"column":5}},{"start":{"line":59,"column":4},"end":{"line":69,"column":5}}]},"8":{"loc":{"start":{"line":62,"column":6},"end":{"line":68,"column":7}},"type":"if","locations":[{"start":{"line":62,"column":6},"end":{"line":68,"column":7}},{"start":{"line":62,"column":6},"end":{"line":68,"column":7}}]},"9":{"loc":{"start":{"line":62,"column":10},"end":{"line":62,"column":277}},"type":"binary-expr","locations":[{"start":{"line":62,"column":12},"end":{"line":62,"column":37}},{"start":{"line":62,"column":43},"end":{"line":62,"column":83}},{"start":{"line":62,"column":91},"end":{"line":62,"column":117}},{"start":{"line":62,"column":123},"end":{"line":62,"column":164}},{"start":{"line":62,"column":172},"end":{"line":62,"column":197}},{"start":{"line":62,"column":203},"end":{"line":62,"column":243}},{"start":{"line":62,"column":250},"end":{"line":62,"column":276}}]},"10":{"loc":{"start":{"line":64,"column":13},"end":{"line":68,"column":7}},"type":"if","locations":[{"start":{"line":64,"column":13},"end":{"line":68,"column":7}},{"start":{"line":64,"column":13},"end":{"line":68,"column":7}}]},"11":{"loc":{"start":{"line":78,"column":2},"end":{"line":80,"column":3}},"type":"if","locations":[{"start":{"line":78,"column":2},"end":{"line":80,"column":3}},{"start":{"line":78,"column":2},"end":{"line":80,"column":3}}]},"12":{"loc":{"start":{"line":83,"column":2},"end":{"line":85,"column":3}},"type":"if","locations":[{"start":{"line":83,"column":2},"end":{"line":85,"column":3}},{"start":{"line":83,"column":2},"end":{"line":85,"column":3}}]},"13":{"loc":{"start":{"line":86,"column":2},"end":{"line":101,"column":3}},"type":"if","locations":[{"start":{"line":86,"column":2},"end":{"line":101,"column":3}},{"start":{"line":86,"column":2},"end":{"line":101,"column":3}}]},"14":{"loc":{"start":{"line":86,"column":6},"end":{"line":86,"column":315}},"type":"binary-expr","locations":[{"start":{"line":86,"column":7},"end":{"line":86,"column":43}},{"start":{"line":86,"column":50},"end":{"line":86,"column":75}},{"start":{"line":86,"column":81},"end":{"line":86,"column":121}},{"start":{"line":86,"column":129},"end":{"line":86,"column":155}},{"start":{"line":86,"column":161},"end":{"line":86,"
[...]
mn":17}},"66":{"start":{"line":152,"column":2},"end":{"line":170,"column":3}},"67":{"start":{"line":153,"column":4},"end":{"line":169,"column":5}},"68":{"start":{"line":154,"column":6},"end":{"line":154,"column":21}},"69":{"start":{"line":156,"column":6},"end":{"line":168,"column":7}},"70":{"start":{"line":157,"column":8},"end":{"line":163,"column":9}},"71":{"start":{"line":158,"column":10},"end":{"line":158,"column":25}},"72":{"start":{"line":160,"column":10},"end":{"line":162,"column":11}},"73":{"start":{"line":161,"column":12},"end":{"line":161,"column":79}},"74":{"start":{"line":165,"column":8},"end":{"line":167,"column":9}},"75":{"start":{"line":166,"column":10},"end":{"line":166,"column":59}},"76":{"start":{"line":171,"column":2},"end":{"line":171,"column":10}},"77":{"start":{"line":178,"column":2},"end":{"line":178,"column":20}},"78":{"start":{"line":179,"column":2},"end":{"line":179,"column":19}},"79":{"start":{"line":186,"column":0},"end":{"line":188,"column":1}},"80":{"start":{"line":187,"column":2},"end":{"line":187,"column":34}},"81":{"start":{"line":193,"column":0},"end":{"line":197,"column":1}},"82":{"start":{"line":194,"column":10},"end":{"line":194,"column":42}},"83":{"start":{"line":195,"column":2},"end":{"line":195,"column":17}},"84":{"start":{"line":196,"column":2},"end":{"line":196,"column":10}},"85":{"start":{"line":199,"column":0},"end":{"line":207,"column":1}}},"fnMap":{"0":{"name":"Block","decl":{"start":{"line":13,"column":9},"end":{"line":13,"column":14}},"loc":{"start":{"line":13,"column":22},"end":{"line":15,"column":1}}},"1":{"name":"(anonymous_1)","decl":{"start":{"line":20,"column":25},"end":{"line":20,"column":26}},"loc":{"start":{"line":20,"column":37},"end":{"line":24,"column":1}}},"2":{"name":"Command","decl":{"start":{"line":29,"column":9},"end":{"line":29,"column":16}},"loc":{"start":{"line":29,"column":35},"end":{"line":39,"column":1}}},"3":{"name":"File","decl":{"start":{"line":45,"column":9},"end":{"line":45,"column":13}},"loc":{"start":{"line":45,"column":32},"end":{"line":57,"column":1}}},"4":{"name":"Packages","decl":{"start":{"line":64,"column":9},"end":{"line":64,"column":17}},"loc":{"start":{"line":64,"column":31},"end":{"line":67,"column":1}}},"5":{"name":"(anonymous_5)","decl":{"start":{"line":75,"column":28},"end":{"line":75,"column":29}},"loc":{"start":{"line":75,"column":40},"end":{"line":77,"column":1}}},"6":{"name":"Service","decl":{"start":{"line":82,"column":9},"end":{"line":82,"column":16}},"loc":{"start":{"line":82,"column":35},"end":{"line":92,"column":1}}},"7":{"name":"Source","decl":{"start":{"line":98,"column":9},"end":{"line":98,"column":15}},"loc":{"start":{"line":98,"column":29},"end":{"line":101,"column":1}}},"8":{"name":"(anonymous_8)","decl":{"start":{"line":108,"column":26},"end":{"line":108,"column":27}},"loc":{"start":{"line":108,"column":38},"end":{"line":110,"column":1}}},"9":{"name":"Config","decl":{"start":{"line":115,"column":9},"end":{"line":115,"column":15}},"loc":{"start":{"line":115,"column":23},"end":{"line":124,"column":1}}},"10":{"name":"(anonymous_10)","decl":{"start":{"line":130,"column":23},"end":{"line":130,"column":24}},"loc":{"start":{"line":130,"column":40},"end":{"line":144,"column":1}}},"11":{"name":"(anonymous_11)","decl":{"start":{"line":149,"column":26},"end":{"line":149,"column":27}},"loc":{"start":{"line":149,"column":38},"end":{"line":172,"column":1}}},"12":{"name":"ConfigSet","decl":{"start":{"line":177,"column":9},"end":{"line":177,"column":18}},"loc":{"start":{"line":177,"column":26},"end":{"line":180,"column":1}}},"13":{"name":"(anonymous_13)","decl":{"start":{"line":186,"column":26},"end":{"line":186,"column":27}},"loc":{"start":{"line":186,"column":44},"end":{"line":188,"column":1}}},"14":{"name":"(anonymous_14)","decl":{"start":{"line":193,"column":29},"end":{"line":193,"column":30}},"loc":{"start":{"line":193,"column":41},"end":{"line":197,"column":1}}}},"branchMap":{"0":{"loc":{"start":{"line":31,"column":2},"end":{"line":38,"column":3}},"type":"if","locations":[{"start":{"line":31,"column":2},"end":{"line":38,"column":3}},{"start":{"line":31,"column":2},"end":{"line":38,"column":3}}]},"1":{"loc":{"start":{"line":47,"column":2},"end":{"line":56,"column":3}},"type":"if","locations":[{"start":{"line":47,"column":2},"end":{"line":56,"column":3}},{"start":{"line":47,"column":2},"end":{"line":56,"column":3}}]},"2":{"loc":{"start":{"line":84,"column":2},"end":{"line":91,"column":3}},"type":"if","locations":[{"start":{"line":84,"column":2},"end":{"line":91,"column":3}},{"start":{"line":84,"column":2},"end":{"line":91,"column":3}}]},"3":{"loc":{"start":{"line":131,"column":2},"end":{"line":143,"column":3}},"type":"if","locations":[{"start":{"line":131,"column":2},"end":{"line":143,"column":3}},{"start":{"line":131,"column":2},"end":{"line":143,"column":3}}]},"4":{"loc":{"start":{"line":133,"column":9},"end":{"line":143,"column":3}},"type":"if","locations":[{"start":{"line":133,"column":9},"end":{"line":143,"column":3}},{"start":{"line":133,"column":9},"end":{"line":143,"column":3}}]},"5":{"loc":{"start":{"line":135,"column":9},"end":{"line":143,"column":3}},"type":"if","locations":[{"start":{"line":135,"column":9},"end":{"line":143,"column":3}},{"start":{"line":135,"column":9},"end":{"line":143,"column":3}}]},"6":{"loc":{"start":{"line":137,"column":9},"end":{"line":143,"column":3}},"type":"if","locations":[{"start":{"line":137,"column":9},"end":{"line":143,"column":3}},{"start":{"line":137,"column":9},"end":{"line":143,"column":3}}]},"7":{"loc":{"start":{"line":139,"column":9},"end":{"line":143,"column":3}},"type":"if","locations":[{"start":{"line":139,"column":9},"end":{"line":143,"column":3}},{"start":{"line":139,"column":9},"end":{"line":143,"column":3}}]},"8":{"loc":{"start":{"line":153,"column":4},"end":{"line":169,"column":5}},"type":"if","locations":[{"start":{"line":153,"column":4},"end":{"line":169,"column":5}},{"start":{"line":153,"column":4},"end":{"line":169,"column":5}}]},"9":{"loc":{"start":{"line":156,"column":6},"end":{"line":168,"column":7}},"type":"if","locations":[{"start":{"line":156,"column":6},"end":{"line":168,"column":7}},{"start":{"line":156,"column":6},"end":{"line":168,"column":7}}]},"10":{"loc":{"start":{"line":157,"column":8},"end":{"line":163,"column":9}},"type":"if","locations":[{"start":{"line":157,"column":8},"end":{"line":163,"column":9}},{"start":{"line":157,"column":8},"end":{"line":163,"column":9}}]}},"s":{"0":1,"1":0,"2":1,"3":0,"4":0,"5":0,"6":0,"7":0,"8":0,"9":0,"10":0,"11":0,"12":0,"13":0,"14":1,"15":0,"16":0,"17":0,"18":0,"19":0,"20":0,"21":0,"22":0,"23":0,"24":0,"25":1,"26":0,"27":0,"28":1,"29":1,"30":0,"31":0,"32":0,"33":0,"34":0,"35":0,"36":0,"37":0,"38":0,"39":1,"40":0,"41":0,"42":1,"43":1,"44":0,"45":0,"46":0,"47":0,"48":0,"49":0,"50":0,"51":1,"52":0,"53":0,"54":0,"55":0,"56":0,"57":0,"58":0,"59":0,"60":0,"61":0,"62":0,"63":1,"64":0,"65":0,"66":0,"67":0,"68":0,"69":0,"70":0,"71":0,"72":0,"73":0,"74":0,"75":0,"76":0,"77":0,"78":0,"79":1,"80":0,"81":1,"82":0,"83":0,"84":0,"85":1},"f":{"0":0,"1":0,"2":0,"3":0,"4":0,"5":0,"6":0,"7":0,"8":0,"9":0,"10":0,"11":0,"12":0,"13":0,"14":0},"b":{"0":[0,0],"1":[0,0],"2":[0,0],"3":[0,0],"4":[0,0],"5":[0,0],"6":[0,0],"7":[0,0],"8":[0,0],"9":[0,0],"10":[0,0]},"_coverageSchema":"332fd63041d2c1bcb487cc26dd0d5f7d97098a6c","hash":"45ae6ffadb73b8b7dc205237610bc0c89de77079","contentHash":"27b5ba7af326064958e0e8aa014ceb67_10.1.2"},"/Users/arming/WebstormProjects/wolkenkratzer/src/macro.js":{"path":"/Users/arming/WebstormProjects/wolkenkratzer/src/macro.js","statementMap":{"0":{"start":{"line":6,"column":16},"end":{"line":6,"column":49}},"1":{"start":{"line":7,"column":11},"end":{"line":7,"column":39}},"2":{"start":{"line":9,"column":0},"end":{"line":12,"column":1}}},"fnMap":{},"branchMap":{},"s":{"0":1,"1":1,"2":1},"f":{},"b":{},"_coverageSchema":"332fd63041d2c1bcb487cc26dd0d5f7d97098a6c","hash":"45e27766eb82c5d1d7a92a964392db00f8d50af2","contentHash":"26a21dd5f967c7d5135db25415270912_10.1.2"},"/Users/arming/WebstormProjects/wolkenkratzer/src/macros/ec2meta.macro.js":{"path":"/Users/arming/WebstormProjects/wolkenkratzer/src/macros/ec2meta.macro.js","statementMap":{"0":{"start":{"line":6,"column":22},"end":{"line":6,"column":65}},"1":{"start":{"line":7,"column":16},"end":{"line":7,"column":35}},"2":{"start":{"line":17,"column":2},"end":{"line":17,"column":22}},"3":{"start":{"line":26,"column":16},"end":{"line":26,"column":18}},"4":{"start":{"line":27,"column":2},"end":{"line":29,"column":4}},"5":{"start":{"line":28,"column":4},"end":{"line":28,"column":44}},"6":{"start":{"line":30,"column":2},"end":{"line":30,"column":16}},"7":{"start":{"line":39,"column":16},"end":{"line":39,"column":18}},"8":{"start":{"line":40,"column":2},"end":{"line":42,"column":4}},"9":{"start":{"line":41,"column":4},"end":{"line":41,"column":54}},"10":{"start":{"line":43,"column":2},"end":{"line":43,"column":16}},"11":{"start":{"line":52,"column":2},"end":{"line":52,"column":195}},"12":{"start":{"line":63,"column":14},"end":{"line":63,"column":32}},"13":{"start":{"line":64,"column":2},"end":{"line":99,"column":4}},"14":{"start":{"line":65,"column":20},"end":{"line":65,"column":51}},"15":{"start":{"line":66,"column":4},"end":{"line":91,"column":6}},"16":{"start":{"line":67,"column":6},"end":{"line":82,"column":8}},"17":{"start":{"line":71,"column":18},"end":{"line":71,"column":20}},"18":{"start":{"line":72,"column":8},"end":{"line":80,"column":9}},"19":{"start":{"line":73,"column":10},"end":{"line":77,"column":11}},"20":{"start":{"line":74,"column":12},"end":{"line":74,"column":55}},"21":{"start":{"line":76,"column":12},"end":{"line":76,"column":49}},"22":{"start":{"line":79,"column":10},"end":{"line":79,"column":47}},"23":{"start":{"line":81,"column":8},"end":{"line":81,"column":18}},"24":{"start":{"line":85,"column":6},"end":{"line":89,"column":12}},"25":{"start":{"line":86,"column":18},"end":{"line":86,"column":41}},"26":{"start":{"line":87,"column":8},"end":{"line":87,"column":32}},"27":{"start":{"line":88,"column":8},"end":{"line":88,"column":19}},"28":{"start":{"line":90,"column":6},"end":{"line":90,"column":48}},"29":{"start":{"line":94,"column":16},"end":{"line":94,"column":18}},"30":{"start":{"line":95,"column":4},"end":{"line":97,"column":6}},"31":{"start":{"line":96,"column":6},"end":{"line":96,"column":42}},"32":{"start":{"line":98,"column":4},"end":{"line":98,"column":16}},"33":{"start":{"line":102,"column":0},"end":{"line":108,"column":1}}},"fnMap":{"0":{"name":"getInstanceTypeList","decl":{"start":{"line":16,"column":9},"end":{"line":16,"column":28}},"loc":{"start":{"line":16,"column":32},"end":{"line":18,"column":1}}},"1":{"name":"getInstanceTypeNameList","decl":{"start":{"line":25,"column":9},"end":{"line":25,"column":32}},"loc":{"start":{"line":25,"column":36},"end":{"line":31,"column":1}}},"2":{"name":"(anonymous_2)","decl":{"start":{"line":27,"column":24},"end":{"line":27,"column":25}},"loc":{"start":{"line":27,"column":42},"end":{"line":29,"column":3}}},"3":{"name":"getInstanceTypeMap","decl":{"start":{"line":38,"column":9},"end":{"line":38,"column":27}},"loc":{"start":{"line":38,"column":31},"end":{"line":44,"column":1}}},"4":{"name":"(anonymous_4)","decl":{"start":{"line":40,"column":24},"end":{"line":40,"column":25}},"loc":{"start":{"line":40,"column":42},"end":{"line":42,"column":3}}},"5":{"name":"getRegions","decl":{"start":{"line":51,"column":9},"end":{"line":51,"column":19}},"loc":{"start":{"line":51,"column":23},"end":{"line":53,"column":1}}},"6":{"name":"getAMIMap","decl":{"start":{"line":62,"column":9},"end":{"line":62,"column":18}},"loc":{"start":{"line":62,"column":38},"end":{"line":100,"column":1}}},"7":{"name":"(anonymous_7)","decl":{"start":{"line":64,"column":30},"end":{"line":64,"column":31}},"loc":{"start":{"line":64,"column":42},"end":{"line":92,"column":3}}},"8":{"name":"(anonymous_8)","decl":{"start":{"line":66,"column":32},"end":{"line":66,"column":33}},"loc":{"start":{"line":66,"column":47},"end":{"line":83,"column":5}}},"9":{"name":"(anonymous_9)","decl":{"start":{"line":70,"column":12},"end":{"line":70,"column":13}},"loc":{"start":{"line":70,"column":21},"end":{"line":82,"column":7}}},"10":{"name":"(anonymous_10)","decl":{"start":{"line":84,"column":10},"end":{"line":84,"column":11}},"loc":{"start":{"line":84,"column":23},"end":{"line":91,"column":5}}},"11":{"name":"(anonymous_11)","decl":{"start":{"line":85,"column":31},"end":{"line":85,"column":32}},"loc":{"start":{"line":85,"column":50},"end":{"line":89,"column":7}}},"12":{"name":"(anonymous_12)","decl":{"start":{"line":93,"column":8},"end":{"line":93,"column":9}},"loc":{"start":{"line":93,"column":27},"end":{"line":99,"column":3}}},"13":{"name":"(anonymous_13)","decl":{"start":{"line":95,"column":20},"end":{"line":95,"column":21}},"loc":{"start":{"line":95,"column":32},"end":{"line":97,"column":5}}}},"branchMap":{"0":{"loc":{"start":{"line":72,"column":8},"end":{"line":80,"column":9}},"type":"if","locations":[{"start":{"line":72,"column":8},"end":{"line":80,"column":9}},{"start":{"line":72,"column":8},"end":{"line":80,"column":9}}]},"1":{"loc":{"start":{"line":73,"column":10},"end":{"line":77,"column":11}},"type":"if","locations":[{"start":{"line":73,"column":10},"end":{"line":77,"column":11}},{"start":{"line":73,"column":10},"end":{"line":77,"column":11}}]}},"s":{"0":1,"1":1,"2":0,"3":0,"4":0,"5":0,"6":0,"7":0,"8":0,"9":0,"10":0,"11":0,"12":0,"13":0,"14":0,"15":0,"16":0,"17":0,"18":0,"19":0,"20":0,"21":0,"22":0,"23":0,"24":0,"25":0,"26":0,"27":0,"28":0,"29":0,"30":0,"31":0,"32":0,"33":1},"f":{"0":0,"1":0,"2":0,"3":0,"4":0,"5":0,"6":0,"7":0,"8":0,"9":0,"10":0,"11":0,"12":0,"13":0},"b":{"0":[0,0],"1":[0,0]},"_coverageSchema":"332fd63041d2c1bcb487cc26dd0d5f7d97098a6c","hash":"d51746a7d2b63eeec70b123f444685193aae8464","contentHash":"b59ee91fc8461ba261b065c66eed5fca_10.1.2"},"/Users/arming/WebstormProjects/wolkenkratzer/src/macros/s3.macro.js":{"path":"/Users/arming/WebstormProjects/wolkenkratzer/src/macros/s3.macro.js","statementMap":{"0":{"start":{"line":6,"column":12},"end":{"line":6,"column":30}},"1":{"start":{"line":7,"column":16},"end":{"line":7,"column":37}},"2":{"start":{"line":8,"column":19},"end":{"line":8,"column":32}},"3":{"start":{"line":9,"column":14},"end":{"line":9,"column":33}},"4":{"start":{"line":10,"column":13},"end":{"line":10,"column":31}},"5":{"start":{"line":23,"column":19},"end":{"line":23,"column":49}},"6":{"start":{"line":24,"column":2},"end":{"line":93,"column":4}},"7":{"start":{"line":25,"column":17},"end":{"line":25,"column":64}},"8":{"start":{"line":26,"column":4},"end":{"line":26,"column":31}},"9":{"start":{"line":27,"column":4},"end":{"line":92,"column":6}},"10":{"start":{"line":30,"column":6},"end":{"line":32,"column":7}},"11":{"start":{"line":31,"column":8},"end":{"line":31,"column":95}},"12":{"start":{"line":34,"column":6},"end":{"line":34,"column":63}},"13":{"start":{"line":42,"column":6},"end":{"line":42,"column":78}},"14":{"start":{"line":43,"column":6},"end":{"line":43,"column":81}},"15":{"start":{"line":47,"column":6},"end":{"line":47,"column":81}},"16":{"start":{"line":50,"column":6},"end":{"line":50,"column":46}},"17":{"start":{"line":51,"column":6},"end":{"line":51,"column":66}},"18":{"start":{"line":55,"column":6},"end":{"line":55,"column":66}},"19":{"start":{"line":58,"column":6},"end":{"line":58,"column":87}},"20":{"start":{"line":59,"column":6},"end":{"line":59,"column":71}},"21":{"start":{"line":62,"column":6},"end":{"line":62,"column":102}},"22":{"start":{"line":63,"column":6},"end":{"line":63,"column":70}},"23":{"start":{"line":66,"column":6},"end":{"line":66,"column":92}},"24":{"start":{"line":67,"column":6},"end":{"line":67,"column":66}},"25":{"start":{"line":70,"column":6},"end":{"line":72,"column":8}},"26":{"start":{"line":71,"column":8},"end":{"line":71,"column":28}},"27":{"start":{"line":73,"column":6},"end":{"line":73,"column":66}},"28":{"start":{"line":77,"column":6},"end":{"line":77,"column":66}},"29":{"start":{"line":80,"column":6},"end":{"line":80,"column":95}},"30":{"start":{"line":84,"column":6},"end":{"line":84,"column":12}},"31":{"start":{"line":87,"column":6},"end":{"line":87,"column":21}},"32":{"start":{"line":91,"column":6},"end":{"line":91,"column":15}},"33":{"start":{"line":96,"column":0},"end":{"line":98,"column":1}}},"fnMap":{"0":{"name":"Bucket","decl":{"start":{"line":22,"column":9},"end":{"line":22,"column":15}},"loc":{"start":{"line":22,"column":40},"end":{"line":94,"column":1}}},"1":{"name":"(anonymous_1)","decl":{"start":{"line":24,"column":21},"end":{"line":24,"column":22}},"loc":{"start":{"line":24,"column":42},"end":{"line":93,"column":3}}},"2":{"name":"(anonymous_2)","decl":{"start":{"line":29,"column":10},"end":{"line":29,"column":11}},"loc":{"start":{"line":29,"column":27},"end":{"line":35,"column":5}}},"3":{"name":"(anonymous_3)","decl":{"start":{"line":41,"column":10},"end":{"line":41,"column":11}},"loc":{"start":{"line":41,"column":30},"end":{"line":44,"column":5}}},"4":{"name":"(anonymous_4)","decl":{"start":{"line":45,"column":11},"end":{"line":45,"column":12}},"loc":{"start":{"line":45,"column":23},"end":{"line":48,"column":5}}},"5":{"name":"(anonymous_5)","decl":{"start":{"line":49,"column":10},"end":{"line":49,"column":11}},"loc":{"start":{"line":49,"column":30},"end":{"line":52,"column":5}}},"6":{"name":"(anonymous_6)","decl":{"start":{"line":53,"column":11},"end":{"line":53,"column":12}},"loc":{"start":{"line":53,"column":23},"end":{"line":56,"column":5}}},"7":{"name":"(anonymous_7)","decl":{"start":{"line":57,"column":10},"end":{"line":57,"column":11}},"loc":{"start":{"line":57,"column":33},"end":{"line":60,"column":5}}},"8":{"name":"(anonymous_8)","decl":{"start":{"line":61,"column":10},"end":{"line":61,"column":11}},"loc":{"start":{"line":61,"column":38},"end":{"line":64,"column":5}}},"9":{"name":"(anonymous_9)","decl":{"start":{"line":65,"column":10},"end":{"line":65,"column":11}},"loc":{"start":{"line":65,"column":30},"end":{"line":68,"column":5}}},"10":{"name":"(anonymous_10)","decl":{"start":{"line":69,"column":10},"end":{"line":69,"column":11}},"loc":{"start":{"line":69,"column":30},"end":{"line":74,"column":5}}},"11":{"name":"(anonymous_11)","decl":{"start":{"line":70,"column":30},"end":{"line":70,"column":31}},"loc":{"start":{"line":70,"column":39},"end":{"line":72,"column":7}}},"12":{"name":"(anonymous_12)","decl":{"start":{"line":75,"column":11},"end":{"line":75,"column":12}},"loc":{"start":{"line":75,"column":23},"end":{"line":78,"column":5}}},"13":{"name":"(anonymous_13)","decl":{"start":{"line":79,"column":10},"end":{"line":79,"column":11}},"loc":{"start":{"line":79,"column":32},"end":{"line":81,"column":5}}},"14":{"name":"(anonymous_14)","decl":{"start":{"line":82,"column":11},"end":{"line":82,"column":12}},"loc":{"start":{"line":82,"column":23},"end":{"line":85,"column":5}}},"15":{"name":"(anonymous_15)","decl":{"start":{"line":86,"column":10},"end":{"line":86,"column":11}},"loc":{"start":{"line":86,"column":22},"end":{"line":88,"column":5}}},"16":{"name":"(anonymous_16)","decl":{"start":{"line":89,"column":11},"end":{"line":89,"column":12}},"loc":{"start":{"line":89,"column":24},"end":{"line":92,"column":5}}}},"branchMap":{"0":{"loc":{"start":{"line":30,"column":6},"end":{"line":32,"column":7}},"type":"if","locations":[{"start":{"line":30,"column":6},"end":{"line":32,"column":7}},{"start":{"line":30,"column":6},"end":{"line":32,"column":7}}]}},"s":{"0":1,"1":1,"2":1,"3":1,"4":1,"5":0,"6":0,"7":0,"8":0,"9":0,"10":0,"11":0,"12":0,"13":0,"14":0,"15":0,"16":0,"17":0,"18":0,"19":0,"20":0,"21":0,"22":0,"23":0,"24":0,"25":0,"26":0,"27":0,"28":0,"29":0,"30":0,"31":0,"32":0,"33":1},"f":{"0":0,"1":0,"2":0,"3":0,"4":0,"5":0,"6":0,"7":0,"8":0,"9":0,"10":0,"11":0,"12":0,"13":0,"14":0,"15":0,"16":0},"b":{"0":[0,0]},"_coverageSchema":"332fd63041d2c1bcb487cc26dd0d5f7d97098a6c","hash":"ab524030b05b3ce921aebacf86a60986b64d8647","contentHash":"db0b5cd01a02b6823079b6791155ca0c_10.1.2"}}